#
# A fatal error has been detected by the Java Runtime Environment:
#
#  EXCEPTION_ACCESS_VIOLATION (0xc0000005) at pc=0x00007ffd84b10566, pid=11656, tid=3484
#
# JRE version: Java(TM) SE Runtime Environment 18.9 (11.0.17+10) (build 11.0.17+10-LTS-269)
# Java VM: Java HotSpot(TM) 64-Bit Server VM 18.9 (11.0.17+10-LTS-269, mixed mode, tiered, compressed oops, g1 gc, windows-amd64)
# Problematic frame:
# V  [jvm.dll+0x340566]
#
# No core dump will be written. Minidumps are not enabled by default on client versions of Windows
#
# If you would like to submit a bug report, please visit:
#   https://bugreport.java.com/bugreport/crash.jsp
#

---------------  S U M M A R Y ------------

Command Line: -XX:MaxMetaspaceSize=512m --add-opens=java.base/java.util=ALL-UNNAMED --add-opens=java.base/java.lang=ALL-UNNAMED --add-opens=java.base/java.lang.invoke=ALL-UNNAMED --add-opens=java.base/java.util=ALL-UNNAMED --add-opens=java.prefs/java.util.prefs=ALL-UNNAMED --add-opens=java.prefs/java.util.prefs=ALL-UNNAMED --add-opens=java.base/java.nio.charset=ALL-UNNAMED --add-opens=java.base/java.net=ALL-UNNAMED --add-opens=java.base/java.util.concurrent.atomic=ALL-UNNAMED -Xmx2048m -Dfile.encoding=windows-1252 -Duser.country=US -Duser.language=en -Duser.variant org.gradle.launcher.daemon.bootstrap.GradleDaemon 7.5.1

Host: Intel(R) Core(TM) i5-2430M CPU @ 2.40GHz, 4 cores, 7G,  Windows 10 , 64 bit Build 18362 (10.0.18362.1110)
Time: Tue Apr 18 16:53:19 2023 Pacific Daylight Time elapsed time: 89.803870 seconds (0d 0h 1m 29s)

---------------  T H R E A D  ---------------

Current thread (0x000001d238d2a000):  JavaThread "C2 CompilerThread0" daemon [_thread_in_native, id=3484, stack(0x0000006561000000,0x0000006561100000)]


Current CompileTask:
C2:  89804 8059       4       sun.reflect.generics.parser.SignatureParser::parseFieldTypeSignature (73 bytes)

Stack: [0x0000006561000000,0x0000006561100000],  sp=0x00000065610fbd00,  free space=1007k
Native frames: (J=compiled Java code, j=interpreted, Vv=VM code, C=native code)
V  [jvm.dll+0x340566]
V  [jvm.dll+0x18cc8d]
V  [jvm.dll+0x1f8815]
V  [jvm.dll+0x1f78fd]
V  [jvm.dll+0x177c91]
V  [jvm.dll+0x207296]
V  [jvm.dll+0x20542b]
V  [jvm.dll+0x72b2c0]
V  [jvm.dll+0x723e64]
V  [jvm.dll+0x62a485]
C  [ucrtbase.dll+0x210b2]
C  [KERNEL32.DLL+0x17c24]
C  [ntdll.dll+0x6d4d1]


siginfo: EXCEPTION_ACCESS_VIOLATION (0xc0000005), reading address 0x000001d056c83e20


Register to memory mapping:

RIP=0x00007ffd84b10566 jvm.dll
RAX=0x000001d242422ba0 points into unknown readable memory: 0x0000000000000000 | 00 00 00 00 00 00 00 00
RBX=0x00000065610fc360 is pointing into the stack for thread: 0x000001d238d2a000
RCX=0x000001d23f70cf58 points into unknown readable memory: 0x00007ffd852184a0 | a0 84 21 85 fd 7f 00 00
RDX=0xffffffff852184a0 is an unknown value
RSP=0x00000065610fbd00 is pointing into the stack for thread: 0x000001d238d2a000
RBP=0x00000065610fbe00 is pointing into the stack for thread: 0x000001d238d2a000
RSI=0x000000000000000c is an unknown value
RDI=0x0000000000000006 is an unknown value
R8 =
[error occurred during error reporting (printing register info), id 0xc0000005, EXCEPTION_ACCESS_VIOLATION (0xc0000005) at pc=0x00007ffd84aa1836]

Registers:
RAX=0x000001d242422ba0, RBX=0x00000065610fc360, RCX=0x000001d23f70cf58, RDX=0xffffffff852184a0
RSP=0x00000065610fbd00, RBP=0x00000065610fbe00, RSI=0x000000000000000c, RDI=0x0000000000000006
R8 =0x00000000ffffffff, R9 =0x0000000000000000, R10=0x0000000000000021, R11=0x0000000000000000
R12=0x0000000000000006, R13=0x000001d241ebce38, R14=0x0000000000000016, R15=0x000001d241e93260
RIP=0x00007ffd84b10566, EFLAGS=0x0000000000010297

Top of Stack: (sp=0x00000065610fbd00)
0x00000065610fbd00:   000001d243b59f30 00000065610fbe00
0x00000065610fbd10:   000000000000000f 000001d23ff09bf8
0x00000065610fbd20:   00000065610fbd50 3e6db29a00000006
0x00000065610fbd30:   0000000f00000001 0000000d0000000c
0x00000065610fbd40:   0000000000000000 0000000000000008
0x00000065610fbd50:   0000000d00000000 0000000e00000020
0x00000065610fbd60:   000001d200000000 0000000e0000000c
0x00000065610fbd70:   000000070000083b 000001d200000000
0x00000065610fbd80:   000000000000000a 000000000000024c
0x00000065610fbd90:   000001d200000005 000001d240260f20
0x00000065610fbda0:   000001d23f4aaac0 00007ffd00000000
0x00000065610fbdb0:   000001d23bf0d600 00007ffd00000001
0x00000065610fbdc0:   000001d23c6cbc38 0000000000000001
0x00000065610fbdd0:   000001d23fa113a8 0000000000000000
0x00000065610fbde0:   000001d240345710 00007ffd848831f1
0x00000065610fbdf0:   000001d239c80780 0000000000000000 

Instructions: (pc=0x00007ffd84b10566)
0x00007ffd84b10546:   0f 83 5a 01 00 00 0f 1f 40 00 49 8b 47 08 41 8b
0x00007ffd84b10556:   ce 48 8b 0c c8 48 8b 83 28 01 00 00 48 63 51 28
0x00007ffd84b10566:   8b 34 90 85 f6 0f 84 1e 01 00 00 48 8b 43 70 8b
0x00007ffd84b10576:   fe 48 8d 1c b6 48 c1 e3 05 48 03 58 20 45 3b f4 


Stack slot to memory mapping:
stack at sp + 0 slots: 0x000001d243b59f30 points into unknown readable memory: 0x0000000000000000 | 00 00 00 00 00 00 00 00
stack at sp + 1 slots: 0x00000065610fbe00 is pointing into the stack for thread: 0x000001d238d2a000
stack at sp + 2 slots: 0x000000000000000f is an unknown value
stack at sp + 3 slots: 0x000001d23ff09bf8 points into unknown readable memory: 0x00007ffd85016f28 | 28 6f 01 85 fd 7f 00 00
stack at sp + 4 slots: 0x00000065610fbd50 is pointing into the stack for thread: 0x000001d238d2a000
stack at sp + 5 slots: 0x3e6db29a00000006 is an unknown value
stack at sp + 6 slots: 0x0000000f00000001 is an unknown value
stack at sp + 7 slots: 0x0000000d0000000c is an unknown value


---------------  P R O C E S S  ---------------

Threads class SMR info:
_java_thread_list=0x000001d23fc9c950, length=88, elements={
0x000001d21acf9800, 0x000001d236128000, 0x000001d236118000, 0x000001d23612c800,
0x000001d23612e000, 0x000001d238d27000, 0x000001d238d2a000, 0x000001d238d2e000,
0x000001d238d7a800, 0x000001d238ea1800, 0x000001d23a54a000, 0x000001d23a0b3000,
0x000001d23ad2d000, 0x000001d23ac2b000, 0x000001d23a6f6000, 0x000001d23a6f7000,
0x000001d23ba16000, 0x000001d239b9e800, 0x000001d23ba17000, 0x000001d23b7d2800,
0x000001d23b7d5000, 0x000001d23b7d6800, 0x000001d23b7d6000, 0x000001d23b7d7800,
0x000001d23b7d8800, 0x000001d23b7d9000, 0x000001d23b7d3800, 0x000001d23b7d4000,
0x000001d23b524800, 0x000001d23b529800, 0x000001d23b52a800, 0x000001d23b527000,
0x000001d23b52b800, 0x000001d23b525800, 0x000001d23b529000, 0x000001d23b52c000,
0x000001d23b531000, 0x000001d23b532800, 0x000001d23b52d800, 0x000001d23b532000,
0x000001d23b52d000, 0x000001d23b530000, 0x000001d23b533800, 0x000001d23b52e800,
0x000001d23b52f800, 0x000001d23c6ea000, 0x000001d23c6eb000, 0x000001d23c6e9000,
0x000001d23c6ec800, 0x000001d23c6e7800, 0x000001d23c6e6800, 0x000001d23c6ed000,
0x000001d23c6eb800, 0x000001d23c6ee000, 0x000001d23c6e8800, 0x000001d23c6f1800,
0x000001d23c6f3000, 0x000001d23c6f2000, 0x000001d23c6f4000, 0x000001d23c6ef800,
0x000001d23c6f4800, 0x000001d23c6f0800, 0x000001d23c6ef000, 0x000001d23c6f5800,
0x000001d239db4800, 0x000001d239dba800, 0x000001d239db7000, 0x000001d239dbb000,
0x000001d239db5800, 0x000001d239db8800, 0x000001d239db9800, 0x000001d239dbc000,
0x000001d239db8000, 0x000001d239dbf000, 0x000001d23c011800, 0x000001d239dc0000,
0x000001d239dc1800, 0x000001d239dc2800, 0x000001d239dbd000, 0x000001d239dc3800,
0x000001d239dbd800, 0x000001d239dbe800, 0x000001d239dc1000, 0x000001d241e2d000,
0x000001d241e28800, 0x000001d241e2a000, 0x000001d241e2e000, 0x000001d241e2b000
}

Java Threads: ( => current thread )
  0x000001d21acf9800 JavaThread "main" [_thread_blocked, id=11572, stack(0x0000006560400000,0x0000006560500000)]
  0x000001d236128000 JavaThread "Reference Handler" daemon [_thread_blocked, id=724, stack(0x0000006560b00000,0x0000006560c00000)]
  0x000001d236118000 JavaThread "Finalizer" daemon [_thread_blocked, id=728, stack(0x0000006560c00000,0x0000006560d00000)]
  0x000001d23612c800 JavaThread "Signal Dispatcher" daemon [_thread_blocked, id=9596, stack(0x0000006560d00000,0x0000006560e00000)]
  0x000001d23612e000 JavaThread "Attach Listener" daemon [_thread_blocked, id=1924, stack(0x0000006560e00000,0x0000006560f00000)]
  0x000001d238d27000 JavaThread "Service Thread" daemon [_thread_blocked, id=8, stack(0x0000006560f00000,0x0000006561000000)]
=>0x000001d238d2a000 JavaThread "C2 CompilerThread0" daemon [_thread_in_native, id=3484, stack(0x0000006561000000,0x0000006561100000)]
  0x000001d238d2e000 JavaThread "C1 CompilerThread0" daemon [_thread_blocked, id=1264, stack(0x0000006561100000,0x0000006561200000)]
  0x000001d238d7a800 JavaThread "Sweeper thread" daemon [_thread_blocked, id=1052, stack(0x0000006561200000,0x0000006561300000)]
  0x000001d238ea1800 JavaThread "Common-Cleaner" daemon [_thread_blocked, id=7444, stack(0x0000006561300000,0x0000006561400000)]
  0x000001d23a54a000 JavaThread "Daemon health stats" [_thread_blocked, id=1752, stack(0x0000006561500000,0x0000006561600000)]
  0x000001d23a0b3000 JavaThread "Incoming local TCP Connector on port 49902" [_thread_in_native, id=7024, stack(0x0000006561800000,0x0000006561900000)]
  0x000001d23ad2d000 JavaThread "Daemon periodic checks" [_thread_blocked, id=5832, stack(0x0000006561900000,0x0000006561a00000)]
  0x000001d23ac2b000 JavaThread "Daemon" [_thread_blocked, id=2936, stack(0x0000006561a00000,0x0000006561b00000)]
  0x000001d23a6f6000 JavaThread "Handler for socket connection from /127.0.0.1:49902 to /127.0.0.1:49903" [_thread_in_native, id=2932, stack(0x0000006561b00000,0x0000006561c00000)]
  0x000001d23a6f7000 JavaThread "Cancel handler" [_thread_blocked, id=6020, stack(0x0000006561c00000,0x0000006561d00000)]
  0x000001d23ba16000 JavaThread "Daemon worker" [_thread_in_native, id=3044, stack(0x0000006561d00000,0x0000006561e00000)]
  0x000001d239b9e800 JavaThread "Asynchronous log dispatcher for DefaultDaemonConnection: socket connection from /127.0.0.1:49902 to /127.0.0.1:49903" [_thread_blocked, id=2080, stack(0x0000006561e00000,0x0000006561f00000)]
  0x000001d23ba17000 JavaThread "Stdin handler" [_thread_blocked, id=2260, stack(0x0000006561f00000,0x0000006562000000)]
  0x000001d23b7d2800 JavaThread "Daemon client event forwarder" [_thread_blocked, id=4404, stack(0x0000006562000000,0x0000006562100000)]
  0x000001d23b7d5000 JavaThread "Cache worker for journal cache (C:\Users\alaqsa\.gradle\caches\journal-1)" [_thread_blocked, id=408, stack(0x0000006562200000,0x0000006562300000)]
  0x000001d23b7d6800 JavaThread "File lock request listener" [_thread_in_native, id=2416, stack(0x0000006562300000,0x0000006562400000)]
  0x000001d23b7d6000 JavaThread "Cache worker for file hash cache (C:\Users\alaqsa\.gradle\caches\7.5.1\fileHashes)" [_thread_blocked, id=11732, stack(0x0000006562400000,0x0000006562500000)]
  0x000001d23b7d7800 JavaThread "File watcher server" daemon [_thread_in_native, id=11464, stack(0x0000006562500000,0x0000006562600000)]
  0x000001d23b7d8800 JavaThread "File watcher consumer" daemon [_thread_blocked, id=11444, stack(0x0000006562600000,0x0000006562700000)]
  0x000001d23b7d9000 JavaThread "Cache worker for checksums cache (E:\rnprojects\HfProject\android\.gradle\7.5.1\checksums)" [_thread_blocked, id=1636, stack(0x0000006562700000,0x0000006562800000)]
  0x000001d23b7d3800 JavaThread "Cache worker for cache directory md-rule (C:\Users\alaqsa\.gradle\caches\7.5.1\md-rule)" [_thread_blocked, id=10448, stack(0x0000006562800000,0x0000006562900000)]
  0x000001d23b7d4000 JavaThread "Cache worker for file content cache (C:\Users\alaqsa\.gradle\caches\7.5.1\fileContent)" [_thread_blocked, id=12044, stack(0x0000006562900000,0x0000006562a00000)]
  0x000001d23b524800 JavaThread "Cache worker for file hash cache (E:\rnprojects\HfProject\android\.gradle\7.5.1\fileHashes)" [_thread_blocked, id=2568, stack(0x0000006562b00000,0x0000006562c00000)]
  0x000001d23b529800 JavaThread "Cache worker for cache directory md-supplier (C:\Users\alaqsa\.gradle\caches\7.5.1\md-supplier)" [_thread_blocked, id=2572, stack(0x0000006562a00000,0x0000006562b00000)]
  0x000001d23b52a800 JavaThread "Cache worker for execution history cache (C:\Users\alaqsa\.gradle\caches\7.5.1\executionHistory)" [_thread_blocked, id=8580, stack(0x0000006562d00000,0x0000006562e00000)]
  0x000001d23b527000 JavaThread "jar transforms" [_thread_blocked, id=2872, stack(0x0000006562e00000,0x0000006562f00000)]
  0x000001d23b52b800 JavaThread "jar transforms Thread 2" [_thread_blocked, id=2884, stack(0x0000006562f00000,0x0000006563000000)]
  0x000001d23b525800 JavaThread "jar transforms Thread 3" [_thread_blocked, id=2944, stack(0x0000006563000000,0x0000006563100000)]
  0x000001d23b529000 JavaThread "jar transforms Thread 4" [_thread_blocked, id=2988, stack(0x0000006563100000,0x0000006563200000)]
  0x000001d23b52c000 JavaThread "File lock release action executor" [_thread_blocked, id=7060, stack(0x0000006563300000,0x0000006563400000)]
  0x000001d23b531000 JavaThread "Cache worker for kotlin-dsl (C:\Users\alaqsa\.gradle\caches\7.5.1\kotlin-dsl)" [_thread_blocked, id=1944, stack(0x0000006560200000,0x0000006560300000)]
  0x000001d23b532800 JavaThread "Cache worker for dependencies-accessors (E:\rnprojects\HfProject\android\.gradle\7.5.1\dependencies-accessors)" [_thread_blocked, id=3252, stack(0x0000006560300000,0x0000006560400000)]
  0x000001d23b52d800 JavaThread "Cache worker for Build Output Cleanup Cache (E:\rnprojects\HfProject\node_modules\react-native-gradle-plugin\.gradle\buildOutputCleanup)" [_thread_blocked, id=4020, stack(0x0000006563400000,0x0000006563500000)]
  0x000001d23b532000 JavaThread "Unconstrained build operations" [_thread_blocked, id=3372, stack(0x0000006563500000,0x0000006563600000)]
  0x000001d23b52d000 JavaThread "Unconstrained build operations Thread 2" [_thread_blocked, id=6116, stack(0x0000006563600000,0x0000006563700000)]
  0x000001d23b530000 JavaThread "Unconstrained build operations Thread 3" [_thread_blocked, id=3532, stack(0x0000006563700000,0x0000006563800000)]
  0x000001d23b533800 JavaThread "Unconstrained build operations Thread 4" [_thread_blocked, id=4000, stack(0x0000006563800000,0x0000006563900000)]
  0x000001d23b52e800 JavaThread "Unconstrained build operations Thread 5" [_thread_blocked, id=3940, stack(0x0000006563900000,0x0000006563a00000)]
  0x000001d23b52f800 JavaThread "Unconstrained build operations Thread 6" [_thread_blocked, id=3400, stack(0x0000006563a00000,0x0000006563b00000)]
  0x000001d23c6ea000 JavaThread "Unconstrained build operations Thread 7" [_thread_blocked, id=7888, stack(0x0000006563b00000,0x0000006563c00000)]
  0x000001d23c6eb000 JavaThread "Unconstrained build operations Thread 8" [_thread_blocked, id=8912, stack(0x0000006563c00000,0x0000006563d00000)]
  0x000001d23c6e9000 JavaThread "Unconstrained build operations Thread 9" [_thread_blocked, id=10252, stack(0x0000006563d00000,0x0000006563e00000)]
  0x000001d23c6ec800 JavaThread "Unconstrained build operations Thread 10" [_thread_blocked, id=6364, stack(0x0000006563e00000,0x0000006563f00000)]
  0x000001d23c6e7800 JavaThread "Unconstrained build operations Thread 11" [_thread_blocked, id=5208, stack(0x0000006563f00000,0x0000006564000000)]
  0x000001d23c6e6800 JavaThread "Unconstrained build operations Thread 12" [_thread_blocked, id=9988, stack(0x0000006564000000,0x0000006564100000)]
  0x000001d23c6ed000 JavaThread "Unconstrained build operations Thread 13" [_thread_blocked, id=9504, stack(0x0000006564100000,0x0000006564200000)]
  0x000001d23c6eb800 JavaThread "Unconstrained build operations Thread 14" [_thread_blocked, id=8592, stack(0x0000006564200000,0x0000006564300000)]
  0x000001d23c6ee000 JavaThread "Unconstrained build operations Thread 15" [_thread_blocked, id=5500, stack(0x0000006564300000,0x0000006564400000)]
  0x000001d23c6e8800 JavaThread "Unconstrained build operations Thread 16" [_thread_blocked, id=10676, stack(0x0000006564400000,0x0000006564500000)]
  0x000001d23c6f1800 JavaThread "Unconstrained build operations Thread 17" [_thread_blocked, id=8468, stack(0x0000006564500000,0x0000006564600000)]
  0x000001d23c6f3000 JavaThread "Unconstrained build operations Thread 18" [_thread_blocked, id=8460, stack(0x0000006564600000,0x0000006564700000)]
  0x000001d23c6f2000 JavaThread "Unconstrained build operations Thread 19" [_thread_blocked, id=5372, stack(0x0000006564700000,0x0000006564800000)]
  0x000001d23c6f4000 JavaThread "Unconstrained build operations Thread 20" [_thread_blocked, id=7848, stack(0x0000006564800000,0x0000006564900000)]
  0x000001d23c6ef800 JavaThread "Unconstrained build operations Thread 21" [_thread_blocked, id=8772, stack(0x0000006564900000,0x0000006564a00000)]
  0x000001d23c6f4800 JavaThread "Unconstrained build operations Thread 22" [_thread_blocked, id=612, stack(0x0000006564a00000,0x0000006564b00000)]
  0x000001d23c6f0800 JavaThread "Unconstrained build operations Thread 23" [_thread_blocked, id=2828, stack(0x0000006564b00000,0x0000006564c00000)]
  0x000001d23c6ef000 JavaThread "Unconstrained build operations Thread 24" [_thread_blocked, id=11976, stack(0x0000006564c00000,0x0000006564d00000)]
  0x000001d23c6f5800 JavaThread "Unconstrained build operations Thread 25" [_thread_blocked, id=12192, stack(0x0000006564d00000,0x0000006564e00000)]
  0x000001d239db4800 JavaThread "Unconstrained build operations Thread 26" [_thread_blocked, id=12240, stack(0x0000006564e00000,0x0000006564f00000)]
  0x000001d239dba800 JavaThread "Unconstrained build operations Thread 27" [_thread_blocked, id=12028, stack(0x0000006564f00000,0x0000006565000000)]
  0x000001d239db7000 JavaThread "Unconstrained build operations Thread 28" [_thread_blocked, id=3960, stack(0x0000006565000000,0x0000006565100000)]
  0x000001d239dbb000 JavaThread "Unconstrained build operations Thread 29" [_thread_blocked, id=1992, stack(0x0000006565100000,0x0000006565200000)]
  0x000001d239db5800 JavaThread "Unconstrained build operations Thread 30" [_thread_blocked, id=9012, stack(0x0000006565200000,0x0000006565300000)]
  0x000001d239db8800 JavaThread "Unconstrained build operations Thread 31" [_thread_blocked, id=11256, stack(0x0000006565300000,0x0000006565400000)]
  0x000001d239db9800 JavaThread "Unconstrained build operations Thread 32" [_thread_blocked, id=4392, stack(0x0000006565400000,0x0000006565500000)]
  0x000001d239dbc000 JavaThread "Unconstrained build operations Thread 33" [_thread_blocked, id=1860, stack(0x0000006565500000,0x0000006565600000)]
  0x000001d239db8000 JavaThread "build event listener" [_thread_blocked, id=4352, stack(0x0000006565600000,0x0000006565700000)]
  0x000001d239dbf000 JavaThread "Memory manager" [_thread_blocked, id=4332, stack(0x0000006565700000,0x0000006565800000)]
  0x000001d23c011800 JavaThread "C2 CompilerThread1" daemon [_thread_in_native, id=10208, stack(0x0000006560100000,0x0000006560200000)]
  0x000001d239dc0000 JavaThread "Cache worker for Build Output Cleanup Cache (E:\rnprojects\HfProject\android\.gradle\buildOutputCleanup)" [_thread_blocked, id=6060, stack(0x0000006565800000,0x0000006565900000)]
  0x000001d239dc1800 JavaThread "included builds" [_thread_blocked, id=11496, stack(0x0000006565900000,0x0000006565a00000)]
  0x000001d239dc2800 JavaThread "Execution worker" [_thread_blocked, id=11540, stack(0x0000006565a00000,0x0000006565b00000)]
  0x000001d239dbd000 JavaThread "Execution worker Thread 2" [_thread_blocked, id=11484, stack(0x0000006565b00000,0x0000006565c00000)]
  0x000001d239dc3800 JavaThread "Execution worker Thread 3" [_thread_blocked, id=3920, stack(0x0000006565c00000,0x0000006565d00000)]
  0x000001d239dbd800 JavaThread "Cache worker for execution history cache (E:\rnprojects\HfProject\node_modules\react-native-gradle-plugin\.gradle\7.5.1\executionHistory)" [_thread_blocked, id=3948, stack(0x0000006565d00000,0x0000006565e00000)]
  0x000001d239dbe800 JavaThread "Unconstrained build operations Thread 34" [_thread_blocked, id=12276, stack(0x0000006565e00000,0x0000006565f00000)]
  0x000001d239dc1000 JavaThread "Unconstrained build operations Thread 35" [_thread_blocked, id=11560, stack(0x0000006565f00000,0x0000006566000000)]
  0x000001d241e2d000 JavaThread "Unconstrained build operations Thread 36" [_thread_blocked, id=11568, stack(0x0000006566000000,0x0000006566100000)]
  0x000001d241e28800 JavaThread "Unconstrained build operations Thread 37" [_thread_blocked, id=11564, stack(0x0000006566100000,0x0000006566200000)]
  0x000001d241e2a000 JavaThread "Unconstrained build operations Thread 38" [_thread_blocked, id=10596, stack(0x0000006566200000,0x0000006566300000)]
  0x000001d241e2e000 JavaThread "Unconstrained build operations Thread 39" [_thread_blocked, id=4268, stack(0x0000006566300000,0x0000006566400000)]
  0x000001d241e2b000 JavaThread "Unconstrained build operations Thread 40" [_thread_blocked, id=1856, stack(0x0000006566400000,0x0000006566500000)]

Other Threads:
  0x000001d236110800 VMThread "VM Thread" [stack: 0x0000006560a00000,0x0000006560b00000] [id=11508]
  0x000001d238f2a800 WatcherThread [stack: 0x0000006561400000,0x0000006561500000] [id=4452]
  0x000001d21ad0c800 GCTaskThread "GC Thread#0" [stack: 0x0000006560500000,0x0000006560600000] [id=9388]
  0x000001d23960d000 GCTaskThread "GC Thread#1" [stack: 0x0000006561600000,0x0000006561700000] [id=1788]
  0x000001d238f6e000 GCTaskThread "GC Thread#2" [stack: 0x0000006561700000,0x0000006561800000] [id=1800]
  0x000001d239e32800 GCTaskThread "GC Thread#3" [stack: 0x0000006562100000,0x0000006562200000] [id=2436]
  0x000001d21ad3d800 ConcurrentGCThread "G1 Main Marker" [stack: 0x0000006560600000,0x0000006560700000] [id=4848]
  0x000001d235f38800 ConcurrentGCThread "G1 Conc#0" [stack: 0x0000006560700000,0x0000006560800000] [id=1420]
  0x000001d236003800 ConcurrentGCThread "G1 Refine#0" [stack: 0x0000006560800000,0x0000006560900000] [id=1540]
  0x000001d236004800 ConcurrentGCThread "G1 Young RemSet Sampling" [stack: 0x0000006560900000,0x0000006560a00000] [id=2136]

Threads with active compile tasks:
C2 CompilerThread0    89953 8059       4       sun.reflect.generics.parser.SignatureParser::parseFieldTypeSignature (73 bytes)
C2 CompilerThread1    89954 8066       4       org.objectweb.asm.Frame::push (59 bytes)

VM state:not at safepoint (normal execution)

VM Mutex/Monitor currently owned by a thread: None

Heap address: 0x0000000080000000, size: 2048 MB, Compressed Oops mode: 32-bit
Narrow klass base: 0x0000000000000000, Narrow klass shift: 3
Compressed class space size: 528482304 Address: 0x0000000100000000

Heap:
 garbage-first heap   total 131072K, used 68652K [0x0000000080000000, 0x0000000100000000)
  region size 1024K, 4 young (4096K), 3 survivors (3072K)
 Metaspace       used 72922K, capacity 75098K, committed 75216K, reserved 581632K
  class space    used 9687K, capacity 10561K, committed 10624K, reserved 516096K
Heap Regions: E=young(eden), S=young(survivor), O=old, HS=humongous(starts), HC=humongous(continues), CS=collection set, F=free, A=archive, TAMS=top-at-mark-start (previous, next)
|   0|0x0000000080000000, 0x0000000080100000, 0x0000000080100000|100%|HS|  |TAMS 0x0000000080100000, 0x0000000080100000| Complete 
|   1|0x0000000080100000, 0x0000000080200000, 0x0000000080200000|100%|HC|  |TAMS 0x0000000080200000, 0x0000000080200000| Complete 
|   2|0x0000000080200000, 0x0000000080300000, 0x0000000080300000|100%|HC|  |TAMS 0x0000000080300000, 0x0000000080300000| Complete 
|   3|0x0000000080300000, 0x0000000080400000, 0x0000000080400000|100%| O|  |TAMS 0x0000000080400000, 0x0000000080400000| Untracked 
|   4|0x0000000080400000, 0x0000000080500000, 0x0000000080500000|100%| O|  |TAMS 0x0000000080500000, 0x0000000080500000| Untracked 
|   5|0x0000000080500000, 0x0000000080600000, 0x0000000080600000|100%| O|  |TAMS 0x0000000080600000, 0x0000000080600000| Untracked 
|   6|0x0000000080600000, 0x0000000080700000, 0x0000000080700000|100%| O|  |TAMS 0x0000000080700000, 0x0000000080700000| Untracked 
|   7|0x0000000080700000, 0x0000000080800000, 0x0000000080800000|100%| O|  |TAMS 0x0000000080800000, 0x0000000080800000| Untracked 
|   8|0x0000000080800000, 0x0000000080900000, 0x0000000080900000|100%| O|  |TAMS 0x0000000080900000, 0x0000000080900000| Untracked 
|   9|0x0000000080900000, 0x0000000080a00000, 0x0000000080a00000|100%| O|  |TAMS 0x0000000080a00000, 0x0000000080a00000| Untracked 
|  10|0x0000000080a00000, 0x0000000080b00000, 0x0000000080b00000|100%| O|  |TAMS 0x0000000080b00000, 0x0000000080b00000| Untracked 
|  11|0x0000000080b00000, 0x0000000080c00000, 0x0000000080c00000|100%| O|  |TAMS 0x0000000080c00000, 0x0000000080c00000| Untracked 
|  12|0x0000000080c00000, 0x0000000080d00000, 0x0000000080d00000|100%| O|  |TAMS 0x0000000080d00000, 0x0000000080d00000| Untracked 
|  13|0x0000000080d00000, 0x0000000080e00000, 0x0000000080e00000|100%| O|  |TAMS 0x0000000080e00000, 0x0000000080e00000| Untracked 
|  14|0x0000000080e00000, 0x0000000080f00000, 0x0000000080f00000|100%| O|  |TAMS 0x0000000080f00000, 0x0000000080f00000| Untracked 
|  15|0x0000000080f00000, 0x0000000081000000, 0x0000000081000000|100%| O|  |TAMS 0x0000000081000000, 0x0000000081000000| Untracked 
|  16|0x0000000081000000, 0x0000000081100000, 0x0000000081100000|100%| O|  |TAMS 0x0000000081100000, 0x0000000081100000| Untracked 
|  17|0x0000000081100000, 0x0000000081200000, 0x0000000081200000|100%|HS|  |TAMS 0x0000000081200000, 0x0000000081200000| Complete 
|  18|0x0000000081200000, 0x0000000081300000, 0x0000000081300000|100%| O|  |TAMS 0x0000000081300000, 0x0000000081300000| Untracked 
|  19|0x0000000081300000, 0x0000000081400000, 0x0000000081400000|100%| O|  |TAMS 0x0000000081400000, 0x0000000081400000| Untracked 
|  20|0x0000000081400000, 0x0000000081500000, 0x0000000081500000|100%| O|  |TAMS 0x0000000081500000, 0x0000000081500000| Untracked 
|  21|0x0000000081500000, 0x0000000081600000, 0x0000000081600000|100%| O|  |TAMS 0x0000000081600000, 0x0000000081600000| Untracked 
|  22|0x0000000081600000, 0x0000000081700000, 0x0000000081700000|100%| O|  |TAMS 0x0000000081700000, 0x0000000081700000| Untracked 
|  23|0x0000000081700000, 0x0000000081800000, 0x0000000081800000|100%| O|  |TAMS 0x0000000081800000, 0x0000000081800000| Untracked 
|  24|0x0000000081800000, 0x0000000081900000, 0x0000000081900000|100%| O|  |TAMS 0x0000000081900000, 0x0000000081900000| Untracked 
|  25|0x0000000081900000, 0x0000000081a00000, 0x0000000081a00000|100%| O|  |TAMS 0x0000000081a00000, 0x0000000081a00000| Untracked 
|  26|0x0000000081a00000, 0x0000000081b00000, 0x0000000081b00000|100%| O|  |TAMS 0x0000000081b00000, 0x0000000081b00000| Untracked 
|  27|0x0000000081b00000, 0x0000000081c00000, 0x0000000081c00000|100%|HS|  |TAMS 0x0000000081c00000, 0x0000000081c00000| Complete 
|  28|0x0000000081c00000, 0x0000000081d00000, 0x0000000081d00000|100%|HC|  |TAMS 0x0000000081d00000, 0x0000000081d00000| Complete 
|  29|0x0000000081d00000, 0x0000000081e00000, 0x0000000081e00000|100%|HC|  |TAMS 0x0000000081e00000, 0x0000000081e00000| Complete 
|  30|0x0000000081e00000, 0x0000000081f00000, 0x0000000081f00000|100%| O|  |TAMS 0x0000000081f00000, 0x0000000081f00000| Untracked 
|  31|0x0000000081f00000, 0x0000000082000000, 0x0000000082000000|100%| O|  |TAMS 0x0000000082000000, 0x0000000082000000| Untracked 
|  32|0x0000000082000000, 0x0000000082100000, 0x0000000082100000|100%| O|  |TAMS 0x0000000082100000, 0x0000000082100000| Untracked 
|  33|0x0000000082100000, 0x0000000082200000, 0x0000000082200000|100%| O|  |TAMS 0x0000000082200000, 0x0000000082200000| Untracked 
|  34|0x0000000082200000, 0x0000000082300000, 0x0000000082300000|100%| O|  |TAMS 0x0000000082300000, 0x0000000082300000| Untracked 
|  35|0x0000000082300000, 0x0000000082400000, 0x0000000082400000|100%| O|  |TAMS 0x0000000082400000, 0x0000000082400000| Untracked 
|  36|0x0000000082400000, 0x0000000082500000, 0x0000000082500000|100%| O|  |TAMS 0x0000000082500000, 0x0000000082500000| Untracked 
|  37|0x0000000082500000, 0x0000000082600000, 0x0000000082600000|100%| O|  |TAMS 0x0000000082600000, 0x0000000082600000| Untracked 
|  38|0x0000000082600000, 0x0000000082700000, 0x0000000082700000|100%| O|  |TAMS 0x0000000082700000, 0x0000000082700000| Untracked 
|  39|0x0000000082700000, 0x0000000082800000, 0x0000000082800000|100%| O|  |TAMS 0x0000000082800000, 0x0000000082800000| Untracked 
|  40|0x0000000082800000, 0x0000000082900000, 0x0000000082900000|100%| O|  |TAMS 0x00000000828fc000, 0x0000000082900000| Untracked 
|  41|0x0000000082900000, 0x0000000082a00000, 0x0000000082a00000|100%| O|  |TAMS 0x0000000082900000, 0x0000000082a00000| Untracked 
|  42|0x0000000082a00000, 0x0000000082b00000, 0x0000000082b00000|100%| O|  |TAMS 0x0000000082a00000, 0x0000000082b00000| Untracked 
|  43|0x0000000082b00000, 0x0000000082c00000, 0x0000000082c00000|100%| O|  |TAMS 0x0000000082b00000, 0x0000000082c00000| Untracked 
|  44|0x0000000082c00000, 0x0000000082d00000, 0x0000000082d00000|100%| O|  |TAMS 0x0000000082c00000, 0x0000000082d00000| Untracked 
|  45|0x0000000082d00000, 0x0000000082e00000, 0x0000000082e00000|100%| O|  |TAMS 0x0000000082d00000, 0x0000000082e00000| Untracked 
|  46|0x0000000082e00000, 0x0000000082f00000, 0x0000000082f00000|100%|HS|  |TAMS 0x0000000082e00000, 0x0000000082f00000| Complete 
|  47|0x0000000082f00000, 0x0000000083000000, 0x0000000083000000|100%|HS|  |TAMS 0x0000000082f00000, 0x0000000083000000| Complete 
|  48|0x0000000083000000, 0x0000000083100000, 0x0000000083100000|100%| O|  |TAMS 0x0000000083000000, 0x0000000083100000| Untracked 
|  49|0x0000000083100000, 0x0000000083200000, 0x0000000083200000|100%| O|  |TAMS 0x0000000083100000, 0x0000000083200000| Untracked 
|  50|0x0000000083200000, 0x0000000083300000, 0x0000000083300000|100%| O|  |TAMS 0x0000000083200000, 0x0000000083300000| Untracked 
|  51|0x0000000083300000, 0x0000000083400000, 0x0000000083400000|100%| O|  |TAMS 0x0000000083300000, 0x0000000083400000| Untracked 
|  52|0x0000000083400000, 0x0000000083500000, 0x0000000083500000|100%| O|  |TAMS 0x0000000083400000, 0x0000000083500000| Untracked 
|  53|0x0000000083500000, 0x0000000083600000, 0x0000000083600000|100%| O|  |TAMS 0x0000000083500000, 0x0000000083600000| Untracked 
|  54|0x0000000083600000, 0x0000000083700000, 0x0000000083700000|100%| O|  |TAMS 0x0000000083600000, 0x0000000083700000| Untracked 
|  55|0x0000000083700000, 0x0000000083800000, 0x0000000083800000|100%| O|  |TAMS 0x0000000083700000, 0x0000000083800000| Untracked 
|  56|0x0000000083800000, 0x0000000083800000, 0x0000000083900000|  0%| F|  |TAMS 0x0000000083800000, 0x0000000083800000| Untracked 
|  57|0x0000000083900000, 0x0000000083a00000, 0x0000000083a00000|100%| O|  |TAMS 0x0000000083900000, 0x0000000083a00000| Untracked 
|  58|0x0000000083a00000, 0x0000000083b00000, 0x0000000083b00000|100%| O|  |TAMS 0x0000000083a00000, 0x0000000083b00000| Untracked 
|  59|0x0000000083b00000, 0x0000000083c00000, 0x0000000083c00000|100%| O|  |TAMS 0x0000000083b00000, 0x0000000083c00000| Untracked 
|  60|0x0000000083c00000, 0x0000000083d00000, 0x0000000083d00000|100%| O|  |TAMS 0x0000000083c00000, 0x0000000083d00000| Untracked 
|  61|0x0000000083d00000, 0x0000000083e00000, 0x0000000083e00000|100%| O|  |TAMS 0x0000000083d00000, 0x0000000083e00000| Untracked 
|  62|0x0000000083e00000, 0x0000000083f00000, 0x0000000083f00000|100%| O|  |TAMS 0x0000000083e00000, 0x0000000083f00000| Untracked 
|  63|0x0000000083f00000, 0x0000000083f50600, 0x0000000084000000| 31%| O|  |TAMS 0x0000000083f00000, 0x0000000083f50600| Untracked 
|  64|0x0000000084000000, 0x0000000084100000, 0x0000000084100000|100%|HS|  |TAMS 0x0000000084000000, 0x0000000084000000| Complete 
|  65|0x0000000084100000, 0x0000000084200000, 0x0000000084200000|100%|HC|  |TAMS 0x0000000084100000, 0x0000000084100000| Complete 
|  66|0x0000000084200000, 0x0000000084200000, 0x0000000084300000|  0%| F|  |TAMS 0x0000000084200000, 0x0000000084200000| Untracked 
|  67|0x0000000084300000, 0x0000000084300000, 0x0000000084400000|  0%| F|  |TAMS 0x0000000084300000, 0x0000000084300000| Untracked 
|  68|0x0000000084400000, 0x0000000084400000, 0x0000000084500000|  0%| F|  |TAMS 0x0000000084400000, 0x0000000084400000| Untracked 
|  69|0x0000000084500000, 0x0000000084500000, 0x0000000084600000|  0%| F|  |TAMS 0x0000000084500000, 0x0000000084500000| Untracked 
|  70|0x0000000084600000, 0x0000000084600000, 0x0000000084700000|  0%| F|  |TAMS 0x0000000084600000, 0x0000000084600000| Untracked 
|  71|0x0000000084700000, 0x0000000084700000, 0x0000000084800000|  0%| F|  |TAMS 0x0000000084700000, 0x0000000084700000| Untracked 
|  72|0x0000000084800000, 0x0000000084800000, 0x0000000084900000|  0%| F|  |TAMS 0x0000000084800000, 0x0000000084800000| Untracked 
|  73|0x0000000084900000, 0x0000000084900000, 0x0000000084a00000|  0%| F|  |TAMS 0x0000000084900000, 0x0000000084900000| Untracked 
|  74|0x0000000084a00000, 0x0000000084a00000, 0x0000000084b00000|  0%| F|  |TAMS 0x0000000084a00000, 0x0000000084a00000| Untracked 
|  75|0x0000000084b00000, 0x0000000084b00000, 0x0000000084c00000|  0%| F|  |TAMS 0x0000000084b00000, 0x0000000084b00000| Untracked 
|  76|0x0000000084c00000, 0x0000000084c00000, 0x0000000084d00000|  0%| F|  |TAMS 0x0000000084c00000, 0x0000000084c00000| Untracked 
|  77|0x0000000084d00000, 0x0000000084d00000, 0x0000000084e00000|  0%| F|  |TAMS 0x0000000084d00000, 0x0000000084d00000| Untracked 
|  78|0x0000000084e00000, 0x0000000084e00000, 0x0000000084f00000|  0%| F|  |TAMS 0x0000000084e00000, 0x0000000084e00000| Untracked 
|  79|0x0000000084f00000, 0x0000000084f00000, 0x0000000085000000|  0%| F|  |TAMS 0x0000000084f00000, 0x0000000084f00000| Untracked 
|  80|0x0000000085000000, 0x0000000085000000, 0x0000000085100000|  0%| F|  |TAMS 0x0000000085000000, 0x0000000085000000| Untracked 
|  81|0x0000000085100000, 0x0000000085100000, 0x0000000085200000|  0%| F|  |TAMS 0x0000000085100000, 0x0000000085100000| Untracked 
|  82|0x0000000085200000, 0x0000000085200000, 0x0000000085300000|  0%| F|  |TAMS 0x0000000085200000, 0x0000000085200000| Untracked 
|  83|0x0000000085300000, 0x0000000085300000, 0x0000000085400000|  0%| F|  |TAMS 0x0000000085300000, 0x0000000085300000| Untracked 
|  84|0x0000000085400000, 0x0000000085400000, 0x0000000085500000|  0%| F|  |TAMS 0x0000000085400000, 0x0000000085400000| Untracked 
|  85|0x0000000085500000, 0x0000000085500000, 0x0000000085600000|  0%| F|  |TAMS 0x0000000085500000, 0x0000000085500000| Untracked 
|  86|0x0000000085600000, 0x0000000085600000, 0x0000000085700000|  0%| F|  |TAMS 0x0000000085600000, 0x0000000085600000| Untracked 
|  87|0x0000000085700000, 0x0000000085700000, 0x0000000085800000|  0%| F|  |TAMS 0x0000000085700000, 0x0000000085700000| Untracked 
|  88|0x0000000085800000, 0x0000000085800000, 0x0000000085900000|  0%| F|  |TAMS 0x0000000085800000, 0x0000000085800000| Untracked 
|  89|0x0000000085900000, 0x0000000085900000, 0x0000000085a00000|  0%| F|  |TAMS 0x0000000085900000, 0x0000000085900000| Untracked 
|  90|0x0000000085a00000, 0x0000000085a00000, 0x0000000085b00000|  0%| F|  |TAMS 0x0000000085a00000, 0x0000000085a00000| Untracked 
|  91|0x0000000085b00000, 0x0000000085b00000, 0x0000000085c00000|  0%| F|  |TAMS 0x0000000085b00000, 0x0000000085b00000| Untracked 
|  92|0x0000000085c00000, 0x0000000085c00000, 0x0000000085d00000|  0%| F|  |TAMS 0x0000000085c00000, 0x0000000085c00000| Untracked 
|  93|0x0000000085d00000, 0x0000000085d00000, 0x0000000085e00000|  0%| F|  |TAMS 0x0000000085d00000, 0x0000000085d00000| Untracked 
|  94|0x0000000085e00000, 0x0000000085e00000, 0x0000000085f00000|  0%| F|  |TAMS 0x0000000085e00000, 0x0000000085e00000| Untracked 
|  95|0x0000000085f00000, 0x0000000085f00000, 0x0000000086000000|  0%| F|  |TAMS 0x0000000085f00000, 0x0000000085f00000| Untracked 
|  96|0x0000000086000000, 0x0000000086000000, 0x0000000086100000|  0%| F|  |TAMS 0x0000000086000000, 0x0000000086000000| Untracked 
|  97|0x0000000086100000, 0x0000000086100000, 0x0000000086200000|  0%| F|  |TAMS 0x0000000086100000, 0x0000000086100000| Untracked 
|  98|0x0000000086200000, 0x0000000086200000, 0x0000000086300000|  0%| F|  |TAMS 0x0000000086200000, 0x0000000086200000| Untracked 
|  99|0x0000000086300000, 0x0000000086300000, 0x0000000086400000|  0%| F|  |TAMS 0x0000000086300000, 0x0000000086300000| Untracked 
| 100|0x0000000086400000, 0x0000000086400000, 0x0000000086500000|  0%| F|  |TAMS 0x0000000086400000, 0x0000000086400000| Untracked 
| 101|0x0000000086500000, 0x0000000086500000, 0x0000000086600000|  0%| F|  |TAMS 0x0000000086500000, 0x0000000086500000| Untracked 
| 102|0x0000000086600000, 0x0000000086600000, 0x0000000086700000|  0%| F|  |TAMS 0x0000000086600000, 0x0000000086600000| Untracked 
| 103|0x0000000086700000, 0x0000000086700000, 0x0000000086800000|  0%| F|  |TAMS 0x0000000086700000, 0x0000000086700000| Untracked 
| 104|0x0000000086800000, 0x0000000086800000, 0x0000000086900000|  0%| F|  |TAMS 0x0000000086800000, 0x0000000086800000| Untracked 
| 105|0x0000000086900000, 0x0000000086900000, 0x0000000086a00000|  0%| F|  |TAMS 0x0000000086900000, 0x0000000086900000| Untracked 
| 106|0x0000000086a00000, 0x0000000086a00000, 0x0000000086b00000|  0%| F|  |TAMS 0x0000000086a00000, 0x0000000086a00000| Untracked 
| 107|0x0000000086b00000, 0x0000000086b00000, 0x0000000086c00000|  0%| F|  |TAMS 0x0000000086b00000, 0x0000000086b00000| Untracked 
| 108|0x0000000086c00000, 0x0000000086c00000, 0x0000000086d00000|  0%| F|  |TAMS 0x0000000086c00000, 0x0000000086c00000| Untracked 
| 109|0x0000000086d00000, 0x0000000086d00000, 0x0000000086e00000|  0%| F|  |TAMS 0x0000000086d00000, 0x0000000086d00000| Untracked 
| 110|0x0000000086e00000, 0x0000000086e00000, 0x0000000086f00000|  0%| F|  |TAMS 0x0000000086e00000, 0x0000000086e00000| Untracked 
| 111|0x0000000086f00000, 0x0000000086f00000, 0x0000000087000000|  0%| F|  |TAMS 0x0000000086f00000, 0x0000000086f00000| Untracked 
| 112|0x0000000087000000, 0x0000000087000000, 0x0000000087100000|  0%| F|  |TAMS 0x0000000087000000, 0x0000000087000000| Untracked 
| 113|0x0000000087100000, 0x0000000087100000, 0x0000000087200000|  0%| F|  |TAMS 0x0000000087100000, 0x0000000087100000| Untracked 
| 114|0x0000000087200000, 0x0000000087200000, 0x0000000087300000|  0%| F|  |TAMS 0x0000000087200000, 0x0000000087200000| Untracked 
| 115|0x0000000087300000, 0x0000000087300000, 0x0000000087400000|  0%| F|  |TAMS 0x0000000087300000, 0x0000000087300000| Untracked 
| 116|0x0000000087400000, 0x0000000087400000, 0x0000000087500000|  0%| F|  |TAMS 0x0000000087400000, 0x0000000087400000| Untracked 
| 117|0x0000000087500000, 0x0000000087500000, 0x0000000087600000|  0%| F|  |TAMS 0x0000000087500000, 0x0000000087500000| Untracked 
| 118|0x0000000087600000, 0x0000000087600000, 0x0000000087700000|  0%| F|  |TAMS 0x0000000087600000, 0x0000000087600000| Untracked 
| 119|0x0000000087700000, 0x0000000087700000, 0x0000000087800000|  0%| F|  |TAMS 0x0000000087700000, 0x0000000087700000| Untracked 
| 120|0x0000000087800000, 0x00000000878baa78, 0x0000000087900000| 72%| S|CS|TAMS 0x0000000087800000, 0x0000000087800000| Complete 
| 121|0x0000000087900000, 0x0000000087a00000, 0x0000000087a00000|100%| S|CS|TAMS 0x0000000087900000, 0x0000000087900000| Complete 
| 122|0x0000000087a00000, 0x0000000087b00000, 0x0000000087b00000|100%| S|CS|TAMS 0x0000000087a00000, 0x0000000087a00000| Complete 
| 123|0x0000000087b00000, 0x0000000087b00000, 0x0000000087c00000|  0%| F|  |TAMS 0x0000000087b00000, 0x0000000087b00000| Untracked 
| 124|0x0000000087c00000, 0x0000000087c00000, 0x0000000087d00000|  0%| F|  |TAMS 0x0000000087c00000, 0x0000000087c00000| Untracked 
| 125|0x0000000087d00000, 0x0000000087d00000, 0x0000000087e00000|  0%| F|  |TAMS 0x0000000087d00000, 0x0000000087d00000| Untracked 
| 126|0x0000000087e00000, 0x0000000087e00000, 0x0000000087f00000|  0%| F|  |TAMS 0x0000000087e00000, 0x0000000087e00000| Untracked 
| 127|0x0000000087f00000, 0x0000000087f80a60, 0x0000000088000000| 50%| E|  |TAMS 0x0000000087f00000, 0x0000000087f00000| Complete 

Card table byte_map: [0x000001d231730000,0x000001d231b30000] _byte_map_base: 0x000001d231330000

Marking Bits (Prev, Next): (CMBitMap*) 0x000001d21ad3ca78, (CMBitMap*) 0x000001d21ad3cab0
 Prev Bits: [0x000001d231f30000, 0x000001d233f30000)
 Next Bits: [0x000001d233f30000, 0x000001d235f30000)

Polling page: 0x000001d218b00000

Metaspace:

Usage:
  Non-class:     63.02 MB capacity,    61.75 MB ( 98%) used,     1.05 MB (  2%) free+waste,   228.25 KB ( <1%) overhead. 
      Class:     10.31 MB capacity,     9.46 MB ( 92%) used,   761.11 KB (  7%) free+waste,   112.56 KB (  1%) overhead. 
       Both:     73.34 MB capacity,    71.21 MB ( 97%) used,     1.79 MB (  2%) free+waste,   340.81 KB ( <1%) overhead. 

Virtual space:
  Non-class space:       64.00 MB reserved,      63.08 MB ( 99%) committed 
      Class space:      504.00 MB reserved,      10.38 MB (  2%) committed 
             Both:      568.00 MB reserved,      73.45 MB ( 13%) committed 

Chunk freelists:
   Non-Class:  6.88 KB
       Class:  3.88 KB
        Both:  10.75 KB

CodeHeap 'non-profiled nmethods': size=120064Kb used=4583Kb max_used=4583Kb free=115481Kb
 bounds [0x000001d229df0000, 0x000001d22a270000, 0x000001d231330000]
CodeHeap 'profiled nmethods': size=120000Kb used=17324Kb max_used=17324Kb free=102675Kb
 bounds [0x000001d2228c0000, 0x000001d2239b0000, 0x000001d229df0000]
CodeHeap 'non-nmethods': size=5696Kb used=2279Kb max_used=2329Kb free=3417Kb
 bounds [0x000001d222330000, 0x000001d2225a0000, 0x000001d2228c0000]
 total_blobs=8986 nmethods=8104 adapters=793
 compilation: enabled
              stopped_count=0, restarted_count=0
 full_count=0

Compilation events (10 events):
Event: 89.687 Thread 0x000001d238d2e000 8121       3       org.gradle.internal.instantiation.generator.ManagedObjectFactory::displayNameFor (73 bytes)
Event: 89.689 Thread 0x000001d238d2e000 nmethod 8121 0x000001d22399c410 code [0x000001d22399c740, 0x000001d22399dcb8]
Event: 89.713 Thread 0x000001d238d2e000 8123       3       java.lang.StringBuilder::append (8 bytes)
Event: 89.713 Thread 0x000001d238d2e000 nmethod 8123 0x000001d22399e390 code [0x000001d22399e540, 0x000001d22399e688]
Event: 89.713 Thread 0x000001d238d2e000 8124       3       java.lang.StringBuilder::toString (35 bytes)
Event: 89.714 Thread 0x000001d238d2e000 nmethod 8124 0x000001d22399e710 code [0x000001d22399e900, 0x000001d22399ed98]
Event: 89.756 Thread 0x000001d238d2e000 8125 %     3       java.util.zip.ZipFile$Source::initCEN @ 641 (693 bytes)
Event: 89.763 Thread 0x000001d238d2e000 nmethod 8125% 0x000001d22399ef10 code [0x000001d22399f560, 0x000001d2239a3298]
Event: 89.763 Thread 0x000001d238d2e000 8126       3       java.util.zip.ZipEntry::setExtra0 (493 bytes)
Event: 89.769 Thread 0x000001d238d2e000 nmethod 8126 0x000001d2239a4d90 code [0x000001d2239a53a0, 0x000001d2239a9848]

GC Heap History (10 events):
Event: 83.794 GC heap before
{Heap before GC invocations=14 (full 0):
 garbage-first heap   total 131072K, used 91699K [0x0000000080000000, 0x0000000100000000)
  region size 1024K, 58 young (59392K), 9 survivors (9216K)
 Metaspace       used 57960K, capacity 59594K, committed 59728K, reserved 569344K
  class space    used 7692K, capacity 8376K, committed 8448K, reserved 516096K
}
Event: 83.809 GC heap after
{Heap after GC invocations=15 (full 0):
 garbage-first heap   total 131072K, used 44346K [0x0000000080000000, 0x0000000100000000)
  region size 1024K, 3 young (3072K), 3 survivors (3072K)
 Metaspace       used 57960K, capacity 59594K, committed 59728K, reserved 569344K
  class space    used 7692K, capacity 8376K, committed 8448K, reserved 516096K
}
Event: 84.444 GC heap before
{Heap before GC invocations=16 (full 0):
 garbage-first heap   total 131072K, used 102714K [0x0000000080000000, 0x0000000100000000)
  region size 1024K, 60 young (61440K), 3 survivors (3072K)
 Metaspace       used 61508K, capacity 63191K, committed 63312K, reserved 571392K
  class space    used 8127K, capacity 8841K, committed 8960K, reserved 516096K
}
Event: 84.456 GC heap after
{Heap after GC invocations=17 (full 0):
 garbage-first heap   total 131072K, used 47088K [0x0000000080000000, 0x0000000100000000)
  region size 1024K, 5 young (5120K), 5 survivors (5120K)
 Metaspace       used 61508K, capacity 63191K, committed 63312K, reserved 571392K
  class space    used 8127K, capacity 8841K, committed 8960K, reserved 516096K
}
Event: 86.648 GC heap before
{Heap before GC invocations=18 (full 0):
 garbage-first heap   total 131072K, used 104432K [0x0000000080000000, 0x0000000100000000)
  region size 1024K, 61 young (62464K), 5 survivors (5120K)
 Metaspace       used 64874K, capacity 66784K, committed 66896K, reserved 575488K
  class space    used 8616K, capacity 9407K, committed 9472K, reserved 516096K
}
Event: 86.665 GC heap after
{Heap after GC invocations=19 (full 0):
 garbage-first heap   total 131072K, used 51022K [0x0000000080000000, 0x0000000100000000)
  region size 1024K, 7 young (7168K), 7 survivors (7168K)
 Metaspace       used 64874K, capacity 66784K, committed 66896K, reserved 575488K
  class space    used 8616K, capacity 9407K, committed 9472K, reserved 516096K
}
Event: 88.391 GC heap before
{Heap before GC invocations=19 (full 0):
 garbage-first heap   total 131072K, used 104270K [0x0000000080000000, 0x0000000100000000)
  region size 1024K, 60 young (61440K), 7 survivors (7168K)
 Metaspace       used 68974K, capacity 71035K, committed 71248K, reserved 577536K
  class space    used 9153K, capacity 9984K, committed 9984K, reserved 516096K
}
Event: 88.411 GC heap after
{Heap after GC invocations=20 (full 0):
 garbage-first heap   total 131072K, used 54841K [0x0000000080000000, 0x0000000100000000)
  region size 1024K, 8 young (8192K), 8 survivors (8192K)
 Metaspace       used 68974K, capacity 71035K, committed 71248K, reserved 577536K
  class space    used 9153K, capacity 9984K, committed 9984K, reserved 516096K
}
Event: 89.714 GC heap before
{Heap before GC invocations=20 (full 0):
 garbage-first heap   total 131072K, used 106041K [0x0000000080000000, 0x0000000100000000)
  region size 1024K, 57 young (58368K), 8 survivors (8192K)
 Metaspace       used 72652K, capacity 74810K, committed 74960K, reserved 581632K
  class space    used 9654K, capacity 10529K, committed 10624K, reserved 516096K
}
Event: 89.735 GC heap after
{Heap after GC invocations=21 (full 0):
 garbage-first heap   total 131072K, used 63843K [0x0000000080000000, 0x0000000100000000)
  region size 1024K, 7 young (7168K), 7 survivors (7168K)
 Metaspace       used 72652K, capacity 74810K, committed 74960K, reserved 581632K
  class space    used 9654K, capacity 10529K, committed 10624K, reserved 516096K
}

Deoptimization events (10 events):
Event: 89.465 Thread 0x000001d23ba16000 Uncommon trap: reason=unstable_if action=reinterpret pc=0x000001d229feebd0 method=java.lang.AbstractStringBuilder.putStringAt(ILjava/lang/String;)V @ 8 c2
Event: 89.465 Thread 0x000001d23ba16000 Uncommon trap: reason=unstable_if action=reinterpret pc=0x000001d229e23560 method=java.lang.String.getBytes([BIB)V @ 5 c2
Event: 89.465 Thread 0x000001d23ba16000 Uncommon trap: reason=unstable_if action=reinterpret pc=0x000001d229e7d128 method=java.lang.AbstractStringBuilder.isLatin1()Z @ 10 c2
Event: 89.465 Thread 0x000001d23ba16000 Uncommon trap: reason=unstable_if action=reinterpret pc=0x000001d229f674e4 method=java.lang.String.substring(II)Ljava/lang/String; @ 31 c2
Event: 89.466 Thread 0x000001d23ba16000 Uncommon trap: reason=unstable_if action=reinterpret pc=0x000001d229e38170 method=java.lang.String.substring(II)Ljava/lang/String; @ 31 c2
Event: 89.468 Thread 0x000001d23ba16000 Uncommon trap: reason=unstable_if action=reinterpret pc=0x000001d229ea6280 method=java.lang.CharacterDataLatin1.isWhitespace(I)Z @ 14 c2
Event: 89.472 Thread 0x000001d23ba16000 Uncommon trap: reason=unstable_if action=reinterpret pc=0x000001d229fb11a8 method=java.lang.String.substring(I)Ljava/lang/String; @ 43 c2
Event: 89.620 Thread 0x000001d23ba16000 Uncommon trap: reason=speculate_null_assert action=make_not_entrant pc=0x000001d22a148260 method=jdk.internal.reflect.Reflection.filter([Ljava/lang/reflect/Member;[Ljava/lang/String;)[Ljava/lang/reflect/Member; @ 1 c2
Event: 89.671 Thread 0x000001d23ba16000 Uncommon trap: reason=class_check action=maybe_recompile pc=0x000001d22a01bd68 method=java.io.BufferedInputStream.read1([BII)I @ 39 c2
Event: 89.672 Thread 0x000001d23ba16000 Uncommon trap: reason=class_check action=maybe_recompile pc=0x000001d229fd4554 method=java.io.BufferedInputStream.read1([BII)I @ 39 c2

Classes redefined (0 events):
No events

Internal exceptions (10 events):
Event: 89.140 Thread 0x000001d23ba16000 Exception <a 'java/security/PrivilegedActionException'{0x000000008650a520}> (0x000000008650a520) thrown at [./open/src/hotspot/share/prims/jvm.cpp, line 1305]
Event: 89.140 Thread 0x000001d23ba16000 Exception <a 'java/security/PrivilegedActionException'{0x000000008650ba88}> (0x000000008650ba88) thrown at [./open/src/hotspot/share/prims/jvm.cpp, line 1305]
Event: 89.140 Thread 0x000001d23ba16000 Exception <a 'java/security/PrivilegedActionException'{0x000000008650ecb8}> (0x000000008650ecb8) thrown at [./open/src/hotspot/share/prims/jvm.cpp, line 1305]
Event: 89.140 Thread 0x000001d23ba16000 Exception <a 'java/security/PrivilegedActionException'{0x0000000086510220}> (0x0000000086510220) thrown at [./open/src/hotspot/share/prims/jvm.cpp, line 1305]
Event: 89.140 Thread 0x000001d23ba16000 Exception <a 'java/security/PrivilegedActionException'{0x00000000865133b0}> (0x00000000865133b0) thrown at [./open/src/hotspot/share/prims/jvm.cpp, line 1305]
Event: 89.141 Thread 0x000001d23ba16000 Exception <a 'java/security/PrivilegedActionException'{0x0000000086514918}> (0x0000000086514918) thrown at [./open/src/hotspot/share/prims/jvm.cpp, line 1305]
Event: 89.141 Thread 0x000001d23ba16000 Exception <a 'java/security/PrivilegedActionException'{0x0000000086517ae8}> (0x0000000086517ae8) thrown at [./open/src/hotspot/share/prims/jvm.cpp, line 1305]
Event: 89.141 Thread 0x000001d23ba16000 Exception <a 'java/security/PrivilegedActionException'{0x0000000086519050}> (0x0000000086519050) thrown at [./open/src/hotspot/share/prims/jvm.cpp, line 1305]
Event: 89.141 Thread 0x000001d23ba16000 Exception <a 'java/security/PrivilegedActionException'{0x000000008651c280}> (0x000000008651c280) thrown at [./open/src/hotspot/share/prims/jvm.cpp, line 1305]
Event: 89.141 Thread 0x000001d23ba16000 Exception <a 'java/security/PrivilegedActionException'{0x000000008651d7e8}> (0x000000008651d7e8) thrown at [./open/src/hotspot/share/prims/jvm.cpp, line 1305]

Events (10 events):
Event: 89.740 loading class com/android/support/InvalidDataException
Event: 89.740 loading class com/android/support/InvalidDataException done
Event: 89.742 loading class com/android/utils/XmlUtils
Event: 89.742 loading class com/android/utils/XmlUtils done
Event: 89.744 loading class javax/xml/stream/XMLStreamException
Event: 89.745 loading class javax/xml/stream/XMLStreamException done
Event: 89.746 loading class org/xml/sax/InputSource
Event: 89.746 loading class org/xml/sax/InputSource done
Event: 89.755 Thread 0x000001d23ba16000 DEOPT PACKING pc=0x000001d223973364 sp=0x0000006561deeda0
Event: 89.755 Thread 0x000001d23ba16000 DEOPT UNPACKING pc=0x000001d222356d5e sp=0x0000006561dee378 mode 0


Dynamic libraries:
0x00007ff7362f0000 - 0x00007ff7362ff000 	C:\Program Files\Java\jdk-11.0.17\bin\java.exe
0x00007ffdc3120000 - 0x00007ffdc3310000 	C:\Windows\SYSTEM32\ntdll.dll
0x00007ffdc11d0000 - 0x00007ffdc1282000 	C:\Windows\System32\KERNEL32.DLL
0x00007ffdc0e90000 - 0x00007ffdc1135000 	C:\Windows\System32\KERNELBASE.dll
0x00007ffdc0090000 - 0x00007ffdc018a000 	C:\Windows\System32\ucrtbase.dll
0x00007ffdbe040000 - 0x00007ffdbe058000 	C:\Program Files\Java\jdk-11.0.17\bin\jli.dll
0x00007ffdbe020000 - 0x00007ffdbe035000 	C:\Program Files\Java\jdk-11.0.17\bin\VCRUNTIME140.dll
0x00007ffdc1290000 - 0x00007ffdc1333000 	C:\Windows\System32\ADVAPI32.dll
0x00007ffdc2b80000 - 0x00007ffdc2c1e000 	C:\Windows\System32\msvcrt.dll
0x00007ffdc2fe0000 - 0x00007ffdc3077000 	C:\Windows\System32\sechost.dll
0x00007ffdc2a60000 - 0x00007ffdc2b80000 	C:\Windows\System32\RPCRT4.dll
0x00007ffdc2c20000 - 0x00007ffdc2db4000 	C:\Windows\System32\USER32.dll
0x00007ffdc0e60000 - 0x00007ffdc0e81000 	C:\Windows\System32\win32u.dll
0x00007ffdc2df0000 - 0x00007ffdc2e16000 	C:\Windows\System32\GDI32.dll
0x00007ffdc0190000 - 0x00007ffdc0326000 	C:\Windows\System32\gdi32full.dll
0x00007ffdc0b40000 - 0x00007ffdc0bde000 	C:\Windows\System32\msvcp_win.dll
0x00007ffdbf3f0000 - 0x00007ffdbf674000 	C:\Windows\WinSxS\amd64_microsoft.windows.common-controls_6595b64144ccf1df_6.0.18362.1256_none_9e7e379be45e40e2\COMCTL32.dll
0x00007ffdc1ee0000 - 0x00007ffdc2216000 	C:\Windows\System32\combase.dll
0x00007ffdc1140000 - 0x00007ffdc11c1000 	C:\Windows\System32\bcryptPrimitives.dll
0x00007ffdbfd10000 - 0x00007ffdbfd1a000 	C:\Windows\SYSTEM32\VERSION.dll
0x00007ffdc1bd0000 - 0x00007ffdc1bfe000 	C:\Windows\System32\IMM32.DLL
0x00007ffdbfd20000 - 0x00007ffdbfd56000 	C:\Windows\system32\DriverStore\FileRepository\nvdmi.inf_amd64_b79991c48f5211ac\nvinitx.dll
0x00007ffdc2220000 - 0x00007ffdc2907000 	C:\Windows\System32\Shell32.dll
0x00007ffdc0af0000 - 0x00007ffdc0b3a000 	C:\Windows\System32\cfgmgr32.dll
0x00007ffdc14a0000 - 0x00007ffdc1549000 	C:\Windows\System32\shcore.dll
0x00007ffdc0330000 - 0x00007ffdc0ab1000 	C:\Windows\System32\windows.storage.dll
0x00007ffdc0040000 - 0x00007ffdc0063000 	C:\Windows\System32\profapi.dll
0x00007ffdbffd0000 - 0x00007ffdc001a000 	C:\Windows\System32\powrprof.dll
0x00007ffdbffc0000 - 0x00007ffdbffd0000 	C:\Windows\System32\UMPDC.dll
0x00007ffdc2910000 - 0x00007ffdc2962000 	C:\Windows\System32\shlwapi.dll
0x00007ffdc0070000 - 0x00007ffdc0081000 	C:\Windows\System32\kernel.appcore.dll
0x00007ffdc0e40000 - 0x00007ffdc0e57000 	C:\Windows\System32\cryptsp.dll
0x000000006f450000 - 0x000000006f456000 	C:\Program Files\NVIDIA Corporation\CoProcManager\_etoured.dll
0x00007ffdb5380000 - 0x00007ffdb53c3000 	C:\Program Files\NVIDIA Corporation\CoProcManager\nvd3d9wrapx.dll
0x00007ffdc1760000 - 0x00007ffdc1bd0000 	C:\Windows\System32\SETUPAPI.dll
0x00007ffdc0ac0000 - 0x00007ffdc0ae6000 	C:\Windows\System32\bcrypt.dll
0x00007ffdbe4e0000 - 0x00007ffdbe500000 	C:\Windows\SYSTEM32\dxcore.dll
0x00007ffdb5350000 - 0x00007ffdb537d000 	C:\Program Files\NVIDIA Corporation\CoProcManager\nvdxgiwrapx.dll
0x000000006e370000 - 0x000000006e37c000 	C:\Program Files (x86)\360\Total Security\safemon\SafeWrapper.dll
0x00007ffda3780000 - 0x00007ffda3812000 	C:\Program Files (x86)\360\Total Security\safemon\libzdtp64.dll
0x00007ffd852f0000 - 0x00007ffd8538b000 	C:\Program Files\Java\jdk-11.0.17\bin\msvcp140.dll
0x00007ffd847d0000 - 0x00007ffd852ea000 	C:\Program Files\Java\jdk-11.0.17\bin\server\jvm.dll
0x00007ffdc1550000 - 0x00007ffdc1558000 	C:\Windows\System32\PSAPI.DLL
0x00007ffdbe010000 - 0x00007ffdbe019000 	C:\Windows\SYSTEM32\WSOCK32.dll
0x00007ffdc29f0000 - 0x00007ffdc2a5f000 	C:\Windows\System32\WS2_32.dll
0x00007ffdbce10000 - 0x00007ffdbce34000 	C:\Windows\SYSTEM32\WINMM.dll
0x00007ffdbcde0000 - 0x00007ffdbce0d000 	C:\Windows\SYSTEM32\WINMMBASE.dll
0x00007ffdbcf90000 - 0x00007ffdbcfa0000 	C:\Program Files\Java\jdk-11.0.17\bin\verify.dll
0x00007ffdbf9d0000 - 0x00007ffdbfbc4000 	C:\Windows\SYSTEM32\DBGHELP.DLL
0x00007ffdbf770000 - 0x00007ffdbf79a000 	C:\Windows\SYSTEM32\dbgcore.DLL
0x00007ffdb47b0000 - 0x00007ffdb47d8000 	C:\Program Files\Java\jdk-11.0.17\bin\java.dll
0x00007ffdb47a0000 - 0x00007ffdb47aa000 	C:\Program Files\Java\jdk-11.0.17\bin\jimage.dll
0x00007ffdb4780000 - 0x00007ffdb4796000 	C:\Program Files\Java\jdk-11.0.17\bin\zip.dll
0x00007ffdb4760000 - 0x00007ffdb4779000 	C:\Program Files\Java\jdk-11.0.17\bin\net.dll
0x00007ffdb0670000 - 0x00007ffdb0760000 	C:\Windows\SYSTEM32\WINHTTP.dll
0x00007ffdbf1e0000 - 0x00007ffdbf247000 	C:\Windows\system32\mswsock.dll
0x00007ffdb4740000 - 0x00007ffdb4752000 	C:\Program Files\Java\jdk-11.0.17\bin\nio.dll
0x00007ffdab540000 - 0x00007ffdab567000 	C:\Users\alaqsa\.gradle\native\e1d6ef7f7dcc3fd88c89a11ec53ec762bb8ba0a96d01ffa2cd45eb1d1d8dd5c5\windows-amd64\native-platform.dll
0x00007ffd83190000 - 0x00007ffd832d4000 	C:\Users\alaqsa\.gradle\native\0d407fdbe67a94daf76414ababcb853783967236a71b16ec16e742cd7a986fd3\windows-amd64\native-platform-file-events.dll
0x00007ffda3940000 - 0x00007ffda3949000 	C:\Program Files\Java\jdk-11.0.17\bin\management.dll
0x00007ffda3930000 - 0x00007ffda393b000 	C:\Program Files\Java\jdk-11.0.17\bin\management_ext.dll
0x00007ffdbebf0000 - 0x00007ffdbec23000 	C:\Windows\system32\rsaenh.dll
0x00007ffdbfea0000 - 0x00007ffdbfec5000 	C:\Windows\SYSTEM32\USERENV.dll
0x00007ffdbfcf0000 - 0x00007ffdbfcfc000 	C:\Windows\SYSTEM32\CRYPTBASE.dll
0x00007ffdbed90000 - 0x00007ffdbedca000 	C:\Windows\SYSTEM32\IPHLPAPI.DLL
0x00007ffdc2dc0000 - 0x00007ffdc2dc8000 	C:\Windows\System32\NSI.dll
0x00007ffdb0580000 - 0x00007ffdb0596000 	C:\Windows\SYSTEM32\dhcpcsvc6.DLL
0x00007ffdb0560000 - 0x00007ffdb057c000 	C:\Windows\SYSTEM32\dhcpcsvc.DLL
0x00007ffdbedd0000 - 0x00007ffdbee9b000 	C:\Windows\SYSTEM32\DNSAPI.dll

dbghelp: loaded successfully - version: 4.0.5 - missing functions: none
symbol engine: initialized successfully - sym options: 0x614 - pdb path: .;C:\Program Files\Java\jdk-11.0.17\bin;C:\Windows\SYSTEM32;C:\Windows\WinSxS\amd64_microsoft.windows.common-controls_6595b64144ccf1df_6.0.18362.1256_none_9e7e379be45e40e2;C:\Windows\system32\DriverStore\FileRepository\nvdmi.inf_amd64_b79991c48f5211ac;C:\Program Files\NVIDIA Corporation\CoProcManager;C:\Program Files (x86)\360\Total Security\safemon;C:\Program Files\Java\jdk-11.0.17\bin\server;C:\Users\alaqsa\.gradle\native\e1d6ef7f7dcc3fd88c89a11ec53ec762bb8ba0a96d01ffa2cd45eb1d1d8dd5c5\windows-amd64;C:\Users\alaqsa\.gradle\native\0d407fdbe67a94daf76414ababcb853783967236a71b16ec16e742cd7a986fd3\windows-amd64

VM Arguments:
jvm_args: -XX:MaxMetaspaceSize=512m --add-opens=java.base/java.util=ALL-UNNAMED --add-opens=java.base/java.lang=ALL-UNNAMED --add-opens=java.base/java.lang.invoke=ALL-UNNAMED --add-opens=java.base/java.util=ALL-UNNAMED --add-opens=java.prefs/java.util.prefs=ALL-UNNAMED --add-opens=java.prefs/java.util.prefs=ALL-UNNAMED --add-opens=java.base/java.nio.charset=ALL-UNNAMED --add-opens=java.base/java.net=ALL-UNNAMED --add-opens=java.base/java.util.concurrent.atomic=ALL-UNNAMED -Xmx2048m -Dfile.encoding=windows-1252 -Duser.country=US -Duser.language=en -Duser.variant 
java_command: org.gradle.launcher.daemon.bootstrap.GradleDaemon 7.5.1
java_class_path (initial): C:\Users\alaqsa\.gradle\wrapper\dists\gradle-7.5.1-all\1ehga6e77gqps5uk2kc5kf1vc\gradle-7.5.1\lib\gradle-launcher-7.5.1.jar
Launcher Type: SUN_STANDARD

[Global flags]
     intx CICompilerCount                          = 3                                         {product} {ergonomic}
   size_t CompressedClassSpaceSize                 = 528482304                                 {product} {ergonomic}
     uint ConcGCThreads                            = 1                                         {product} {ergonomic}
     uint G1ConcRefinementThreads                  = 4                                         {product} {ergonomic}
   size_t G1HeapRegionSize                         = 1048576                                   {product} {ergonomic}
    uintx GCDrainStackTargetSize                   = 64                                        {product} {ergonomic}
   size_t InitialHeapSize                          = 134217728                                 {product} {ergonomic}
   size_t MarkStackSize                            = 4194304                                   {product} {ergonomic}
   size_t MaxHeapSize                              = 2147483648                                {product} {command line}
   size_t MaxMetaspaceSize                         = 536870912                                 {product} {command line}
   size_t MaxNewSize                               = 1287651328                                {product} {ergonomic}
   size_t MinHeapDeltaBytes                        = 1048576                                   {product} {ergonomic}
    uintx NonNMethodCodeHeapSize                   = 5830732                                {pd product} {ergonomic}
    uintx NonProfiledCodeHeapSize                  = 122913754                              {pd product} {ergonomic}
    uintx ProfiledCodeHeapSize                     = 122913754                              {pd product} {ergonomic}
    uintx ReservedCodeCacheSize                    = 251658240                              {pd product} {ergonomic}
     bool SegmentedCodeCache                       = true                                      {product} {ergonomic}
     bool UseCompressedClassPointers               = true                                 {lp64_product} {ergonomic}
     bool UseCompressedOops                        = true                                 {lp64_product} {ergonomic}
     bool UseG1GC                                  = true                                      {product} {ergonomic}
     bool UseLargePagesIndividualAllocation        = false                                  {pd product} {ergonomic}

Logging:
Log output configuration:
 #0: stdout all=warning uptime,level,tags
 #1: stderr all=off uptime,level,tags

Environment Variables:
JAVA_HOME=C:\Program Files\Java\jdk-11.0.17
CLASSPATH=E:\rnprojects\HfProject\android\\gradle\wrapper\gradle-wrapper.jar
PATH=E:\rnprojects\HfProject\android\node_modules\.bin;E:\rnprojects\HfProject\node_modules\.bin;E:\rnprojects\node_modules\.bin;E:\node_modules\.bin;C:\Program Files\nodejs;E:\rnprojects\HfProject\node_modules\.bin;E:\rnprojects\node_modules\.bin;E:\node_modules\.bin;C:\Users\alaqsa\AppData\Roaming\npm\node_modules\npm\node_modules\@npmcli\run-script\lib\node-gyp-bin;C:\Program Files\Common Files\Oracle\Java\javapath;C:\Windows\system32;C:\Windows;C:\Windows\System32\Wbem;C:\Windows\System32\WindowsPowerShell\v1.0\;C:\Windows\System32\OpenSSH\;C:\Program Files (x86)\NVIDIA Corporation\PhysX\Common;C:\Program Files\Git\cmd;C:\Program Files\nodejs\;C:\Users\alaqsa\AppData\Local\Microsoft\WindowsApps;C:\Users\alaqsa\AppData\Roaming\npm;C:\Users\alaqsa\AppData\Local\Android\Sdk;C:\Users\alaqsa\AppData\Local\Android\Sdk\platform-tools;C:\Users\alaqsa\AppData\Local\Android\Sdk\build-tools;C:\Users\alaqsa\AppData\Local\Android\Sdk\emulator;C:\Users\alaqsa\AppData\Local\Programs\Microsoft VS Code\bin;C:\Program Files\Java\jdk-11.0.17\bin
USERNAME=alaqsa
OS=Windows_NT
PROCESSOR_IDENTIFIER=Intel64 Family 6 Model 42 Stepping 7, GenuineIntel



---------------  S Y S T E M  ---------------

OS: Windows 10 , 64 bit Build 18362 (10.0.18362.1110)

CPU:total 4 (initial active 4) (2 cores per cpu, 2 threads per core) family 6 model 42 stepping 7 microcode 0x2e, cmov, cx8, fxsr, mmx, sse, sse2, sse3, ssse3, sse4.1, sse4.2, popcnt, avx, aes, clmul, ht, tsc, tscinvbit

Memory: 4k page, system-wide physical 8098M (3469M free)
TotalPageFile size 10658M (AvailPageFile size 5594M)
current process WorkingSet (physical memory assigned to process): 353M, peak: 355M
current process commit charge ("private bytes"): 389M, peak: 392M

vm_info: Java HotSpot(TM) 64-Bit Server VM (11.0.17+10-LTS-269) for windows-amd64 JRE (11.0.17+10-LTS-269), built on Sep 13 2022 19:26:37 by "mach5one" with MS VC++ 15.9 (VS2017)

END.
