#
# A fatal error has been detected by the Java Runtime Environment:
#
#  EXCEPTION_ACCESS_VIOLATION (0xc0000005) at pc=0x00007ff9193815a6, pid=12564, tid=12716
#
# JRE version: Java(TM) SE Runtime Environment 18.9 (11.0.17+10) (build 11.0.17+10-LTS-269)
# Java VM: Java HotSpot(TM) 64-Bit Server VM 18.9 (11.0.17+10-LTS-269, mixed mode, tiered, compressed oops, g1 gc, windows-amd64)
# Problematic frame:
# V  [jvm.dll+0x1815a6]
#
# No core dump will be written. Minidumps are not enabled by default on client versions of Windows
#
# If you would like to submit a bug report, please visit:
#   https://bugreport.java.com/bugreport/crash.jsp
#

---------------  S U M M A R Y ------------

Command Line: -XX:MaxMetaspaceSize=512m --add-opens=java.base/java.util=ALL-UNNAMED --add-opens=java.base/java.lang=ALL-UNNAMED --add-opens=java.base/java.lang.invoke=ALL-UNNAMED --add-opens=java.base/java.util=ALL-UNNAMED --add-opens=java.prefs/java.util.prefs=ALL-UNNAMED --add-opens=java.prefs/java.util.prefs=ALL-UNNAMED --add-opens=java.base/java.nio.charset=ALL-UNNAMED --add-opens=java.base/java.net=ALL-UNNAMED --add-opens=java.base/java.util.concurrent.atomic=ALL-UNNAMED -Xmx2048m -Dfile.encoding=windows-1252 -Duser.country=US -Duser.language=en -Duser.variant org.gradle.launcher.daemon.bootstrap.GradleDaemon 7.5.1

Host: Intel(R) Core(TM) i5-2430M CPU @ 2.40GHz, 4 cores, 7G,  Windows 10 , 64 bit Build 18362 (10.0.18362.329)
Time: Tue Mar 14 03:16:25 2023 Pacific Daylight Time elapsed time: 225.432645 seconds (0d 0h 3m 45s)

---------------  T H R E A D  ---------------

Current thread (0x00000295b26aa000):  ConcurrentGCThread "G1 Conc#0" [stack: 0x000000c798700000,0x000000c798800000] [id=12716]

Stack: [0x000000c798700000,0x000000c798800000],  sp=0x000000c7987ff958,  free space=1022k
Native frames: (J=compiled Java code, j=interpreted, Vv=VM code, C=native code)
V  [jvm.dll+0x1815a6]


siginfo: EXCEPTION_ACCESS_VIOLATION (0xc0000005), reading address 0x00000003834b9320


Register to memory mapping:

RIP=0x00007ff9193815a6 jvm.dll
RAX=0x0 is NULL
RBX=0x0 is NULL
RCX=0x0000000080201670 is pointing into object: [B 
{0x0000000080000000} - klass: {type array byte}
 - length: 3085432
RDX=0x0000000080201670 is pointing into object: [B 
{0x0000000080000000} - klass: {type array byte}
 - length: 3085432
RSP=0x000000c7987ff958 points into unknown readable memory: 0x00007ff9193e7bd9 | d9 7b 3e 19 f9 7f 00 00
RBP=0x0 is NULL
RSI=0x0000000000004001 is an unknown value
RDI=0x0000000080201670 is pointing into object: [B 
{0x0000000080000000} - klass: {type array byte}
 - length: 3085432
R8 =0x0 is NULL
R9 =0x00000003834b9318 is an unknown value
R10=0x00000295b26c2480 points into unknown readable memory: 0x00007ff919a75948 | 48 59 a7 19 f9 7f 00 00
R11=0x346dc5d63886594b is an unknown value
R12=0x0 is NULL
R13=0x0 is NULL
R14=0x00000295ae6a8058 points into unknown readable memory: 0x0000000000004000 | 00 40 00 00 00 00 00 00
R15=0x00000295b26a0080 points into unknown readable memory: 0x00000295b26a8800 | 00 88 6a b2 95 02 00 00


Registers:
RAX=0x0000000000000000, RBX=0x0000000000000000, RCX=0x0000000080201670, RDX=0x0000000080201670
RSP=0x000000c7987ff958, RBP=0x0000000000000000, RSI=0x0000000000004001, RDI=0x0000000080201670
R8 =0x0000000000000000, R9 =0x00000003834b9318, R10=0x00000295b26c2480, R11=0x346dc5d63886594b
R12=0x0000000000000000, R13=0x0000000000000000, R14=0x00000295ae6a8058, R15=0x00000295b26a0080
RIP=0x00007ff9193815a6, EFLAGS=0x0000000000010206

Top of Stack: (sp=0x000000c7987ff958)
0x000000c7987ff958:   00007ff9193e7bd9 01d9565d8207924b
0x000000c7987ff968:   0000000000000000 00000000001c9c38
0x000000c7987ff978:   0000000008ff1f9c 0000000086550090
0x000000c7987ff988:   00000295b26abf70 0000000080201670
0x000000c7987ff998:   00007ff9193e79c2 00000295b26abe30
0x000000c7987ff9a8:   00000001006a3398 00000001006a33a0
0x000000c7987ff9b8:   000000c7987ffb48 00000000865500b0
0x000000c7987ff9c8:   00007ff9193e5b8d 0000000000000004
0x000000c7987ff9d8:   00000000865500a8 000000c7987ffa10
0x000000c7987ff9e8:   0000000086544454 00000295b26aaa01
0x000000c7987ff9f8:   00000295b26a0098 00000001006a3120
0x000000c7987ffa08:   00007ff9193e5741 0000000000000004
0x000000c7987ffa18:   000000c7987ffb48 0000000086550090
0x000000c7987ffa28:   0000000000000000 00000295b26abe30
0x000000c7987ffa38:   00007ff9194dc69e 0000000086550090
0x000000c7987ffa48:   000000c7987ffb00 000000c7987ffb00 

Instructions: (pc=0x00007ff9193815a6)
0x00007ff919381586:   00 48 8b 51 08 48 8b c8 e9 0d 00 00 00 cc cc cc
0x00007ff919381596:   cc cc cc cc cc cc cc cc cc cc 4c 8b ca 48 8b d1
0x00007ff9193815a6:   45 8b 41 08 45 85 c0 7e 0e 41 f6 c0 01 75 56 41
0x00007ff9193815b6:   c1 f8 03 41 8b c0 c3 79 4c 80 3d 9b 65 8c 00 00 


Stack slot to memory mapping:
stack at sp + 0 slots: 0x00007ff9193e7bd9 jvm.dll
stack at sp + 1 slots: 0x01d9565d8207924b is an unknown value
stack at sp + 2 slots: 0x0 is NULL
stack at sp + 3 slots: 0x00000000001c9c38 is an unknown value
stack at sp + 4 slots: 0x0000000008ff1f9c is an unknown value
stack at sp + 5 slots: 0x0000000086550090 is an oop: org.gradle.internal.component.external.model.maven.MavenDependencyDescriptor 
{0x0000000086550090} - klass: 'org/gradle/internal/component/external/model/maven/MavenDependencyDescriptor'
stack at sp + 6 slots: 0x00000295b26abf70 points into unknown readable memory: 0x00007ff919ab1400 | 00 14 ab 19 f9 7f 00 00
stack at sp + 7 slots: 0x0000000080201670 is pointing into object: [B 
{0x0000000080000000} - klass: {type array byte}
 - length: 3085432


---------------  P R O C E S S  ---------------

Threads class SMR info:
_java_thread_list=0x00000295bab73560, length=91, elements={
0x000002959746b800, 0x00000295b5403800, 0x00000295b5411800, 0x00000295b5420800,
0x00000295b5421800, 0x00000295b546b000, 0x00000295b546e000, 0x00000295b5470800,
0x00000295b5473000, 0x00000295b55dd800, 0x00000295b7537800, 0x00000295b7535800,
0x00000295b7537000, 0x00000295b7536000, 0x00000295b753c000, 0x00000295b75a2800,
0x00000295b759f000, 0x00000295b75a1800, 0x00000295b75a0800, 0x00000295b75a3000,
0x00000295b75a7000, 0x00000295b75a9000, 0x00000295b75a9800, 0x00000295b75a6800,
0x00000295b75aa800, 0x00000295b75ab800, 0x00000295b75ac000, 0x00000295b6e68800,
0x00000295b80ab800, 0x00000295b80a8800, 0x00000295b80b2000, 0x00000295b80b4800,
0x00000295b6e63800, 0x00000295b6e60800, 0x00000295b6e66000, 0x00000295b6e65800,
0x00000295b6e67000, 0x00000295b6e64800, 0x00000295b6e63000, 0x00000295b6e62000,
0x00000295b6e6d800, 0x00000295b6e69800, 0x00000295b6e68000, 0x00000295b6e6a800,
0x00000295b6e6b000, 0x00000295b6e6c000, 0x00000295b6e6c800, 0x00000295b6e6e800,
0x00000295b6e6f000, 0x00000295b80ac800, 0x00000295b80ad800, 0x00000295b80a7800,
0x00000295b80ab000, 0x00000295b80ae000, 0x00000295b80af000, 0x00000295b80aa000,
0x00000295b80b4000, 0x00000295b80b5800, 0x00000295b80af800, 0x00000295b80b3000,
0x00000295b80b6000, 0x00000295b80b1800, 0x00000295b75a0000, 0x00000295b759e000,
0x00000295b759d800, 0x00000295b75a4800, 0x00000295b75a8000, 0x00000295b7538800,
0x00000295b7539800, 0x00000295b753a000, 0x00000295b753b000, 0x00000295c30a1000,
0x00000295c30a2000, 0x00000295c30a0800, 0x00000295c30a4800, 0x00000295c30a3800,
0x00000295c30a3000, 0x00000295c30a5800, 0x00000295c309f800, 0x00000295c30a6000,
0x00000295c30ac800, 0x00000295c30a8800, 0x00000295c30a9800, 0x00000295c30a8000,
0x00000295c30a7000, 0x00000295c30aa000, 0x00000295c30ad800, 0x00000295c30ab000,
0x00000295c30ac000, 0x00000295c30ae800, 0x00000295bb15b000
}

Java Threads: ( => current thread )
  0x000002959746b800 JavaThread "main" [_thread_blocked, id=12704, stack(0x000000c798400000,0x000000c798500000)]
  0x00000295b5403800 JavaThread "Reference Handler" daemon [_thread_blocked, id=12744, stack(0x000000c798b00000,0x000000c798c00000)]
  0x00000295b5411800 JavaThread "Finalizer" daemon [_thread_blocked, id=12748, stack(0x000000c798c00000,0x000000c798d00000)]
  0x00000295b5420800 JavaThread "Signal Dispatcher" daemon [_thread_blocked, id=12772, stack(0x000000c798d00000,0x000000c798e00000)]
  0x00000295b5421800 JavaThread "Attach Listener" daemon [_thread_blocked, id=12776, stack(0x000000c798e00000,0x000000c798f00000)]
  0x00000295b546b000 JavaThread "Service Thread" daemon [_thread_blocked, id=12780, stack(0x000000c798f00000,0x000000c799000000)]
  0x00000295b546e000 JavaThread "C2 CompilerThread0" daemon [_thread_in_native, id=12784, stack(0x000000c799000000,0x000000c799100000)]
  0x00000295b5470800 JavaThread "C1 CompilerThread0" daemon [_thread_blocked, id=12788, stack(0x000000c799100000,0x000000c799200000)]
  0x00000295b5473000 JavaThread "Sweeper thread" daemon [_thread_blocked, id=12792, stack(0x000000c799200000,0x000000c799300000)]
  0x00000295b55dd800 JavaThread "Common-Cleaner" daemon [_thread_blocked, id=12816, stack(0x000000c799300000,0x000000c799400000)]
  0x00000295b7537800 JavaThread "Daemon health stats" [_thread_blocked, id=12980, stack(0x000000c799800000,0x000000c799900000)]
  0x00000295b7535800 JavaThread "Incoming local TCP Connector on port 50252" [_thread_in_native, id=12992, stack(0x000000c799500000,0x000000c799600000)]
  0x00000295b7537000 JavaThread "Daemon periodic checks" [_thread_blocked, id=12996, stack(0x000000c799900000,0x000000c799a00000)]
  0x00000295b7536000 JavaThread "Daemon" [_thread_blocked, id=13000, stack(0x000000c799a00000,0x000000c799b00000)]
  0x00000295b753c000 JavaThread "Daemon worker" [_thread_in_Java, id=13012, stack(0x000000c799d00000,0x000000c799e00000)]
  0x00000295b75a2800 JavaThread "Cache worker for journal cache (C:\Users\alaqsa\.gradle\caches\journal-1)" [_thread_blocked, id=13044, stack(0x000000c79a200000,0x000000c79a300000)]
  0x00000295b759f000 JavaThread "File lock request listener" [_thread_in_native, id=13048, stack(0x000000c79a300000,0x000000c79a400000)]
  0x00000295b75a1800 JavaThread "Cache worker for file hash cache (C:\Users\alaqsa\.gradle\caches\7.5.1\fileHashes)" [_thread_blocked, id=13052, stack(0x000000c79a400000,0x000000c79a500000)]
  0x00000295b75a0800 JavaThread "File watcher server" daemon [_thread_in_native, id=13080, stack(0x000000c79a600000,0x000000c79a700000)]
  0x00000295b75a3000 JavaThread "File watcher consumer" daemon [_thread_blocked, id=13084, stack(0x000000c79a700000,0x000000c79a800000)]
  0x00000295b75a7000 JavaThread "Cache worker for file content cache (C:\Users\alaqsa\.gradle\caches\7.5.1\fileContent)" [_thread_blocked, id=13096, stack(0x000000c79aa00000,0x000000c79ab00000)]
  0x00000295b75a9000 JavaThread "Cache worker for execution history cache (C:\Users\alaqsa\.gradle\caches\7.5.1\executionHistory)" [_thread_blocked, id=13108, stack(0x000000c79ad00000,0x000000c79ae00000)]
  0x00000295b75a9800 JavaThread "jar transforms" [_thread_blocked, id=13120, stack(0x000000c79ae00000,0x000000c79af00000)]
  0x00000295b75a6800 JavaThread "jar transforms Thread 2" [_thread_blocked, id=13124, stack(0x000000c79af00000,0x000000c79b000000)]
  0x00000295b75aa800 JavaThread "jar transforms Thread 3" [_thread_blocked, id=13128, stack(0x000000c79b000000,0x000000c79b100000)]
  0x00000295b75ab800 JavaThread "jar transforms Thread 4" [_thread_blocked, id=13132, stack(0x000000c79b100000,0x000000c79b200000)]
  0x00000295b75ac000 JavaThread "Cache worker for kotlin-dsl (C:\Users\alaqsa\.gradle\caches\7.5.1\kotlin-dsl)" [_thread_blocked, id=12504, stack(0x000000c79b400000,0x000000c79b500000)]
  0x00000295b6e68800 JavaThread "Memory manager" [_thread_blocked, id=12556, stack(0x000000c79d900000,0x000000c79da00000)]
  0x00000295b80ab800 JavaThread "pool-3-thread-1" [_thread_blocked, id=5992, stack(0x000000c798200000,0x000000c798300000)]
  0x00000295b80a8800 JavaThread "Monitor" [_thread_in_native, id=7240, stack(0x000000c79e700000,0x000000c79e800000)]
  0x00000295b80b2000 JavaThread "JdwpProxyConnection" [_thread_in_native, id=12732, stack(0x000000c79e800000,0x000000c79e900000)]
  0x00000295b80b4800 JavaThread "Device List Monitor" [_thread_in_native, id=12720, stack(0x000000c79e900000,0x000000c79ea00000)]
  0x00000295b6e63800 JavaThread "Handler for socket connection from /127.0.0.1:50252 to /127.0.0.1:50336" [_thread_in_native, id=4008, stack(0x000000c799b00000,0x000000c799c00000)]
  0x00000295b6e60800 JavaThread "Cancel handler" [_thread_blocked, id=8884, stack(0x000000c799c00000,0x000000c799d00000)]
  0x00000295b6e66000 JavaThread "Asynchronous log dispatcher for DefaultDaemonConnection: socket connection from /127.0.0.1:50252 to /127.0.0.1:50336" [_thread_blocked, id=1300, stack(0x000000c799e00000,0x000000c799f00000)]
  0x00000295b6e65800 JavaThread "Stdin handler" [_thread_blocked, id=3660, stack(0x000000c799f00000,0x000000c79a000000)]
  0x00000295b6e67000 JavaThread "Daemon client event forwarder" [_thread_blocked, id=7256, stack(0x000000c79a000000,0x000000c79a100000)]
  0x00000295b6e64800 JavaThread "Cache worker for checksums cache (E:\rnprojects\HfProject\android\.gradle\7.5.1\checksums)" [_thread_blocked, id=12552, stack(0x000000c79a800000,0x000000c79a900000)]
  0x00000295b6e63000 JavaThread "Cache worker for cache directory md-rule (C:\Users\alaqsa\.gradle\caches\7.5.1\md-rule)" [_thread_blocked, id=1288, stack(0x000000c79a900000,0x000000c79aa00000)]
  0x00000295b6e62000 JavaThread "Cache worker for file hash cache (E:\rnprojects\HfProject\android\.gradle\7.5.1\fileHashes)" [_thread_blocked, id=1192, stack(0x000000c79ab00000,0x000000c79ac00000)]
  0x00000295b6e6d800 JavaThread "Cache worker for cache directory md-supplier (C:\Users\alaqsa\.gradle\caches\7.5.1\md-supplier)" [_thread_blocked, id=7292, stack(0x000000c79ac00000,0x000000c79ad00000)]
  0x00000295b6e69800 JavaThread "Cache worker for dependencies-accessors (E:\rnprojects\HfProject\android\.gradle\7.5.1\dependencies-accessors)" [_thread_blocked, id=13028, stack(0x000000c79a500000,0x000000c79a600000)]
  0x00000295b6e68000 JavaThread "Cache worker for Build Output Cleanup Cache (E:\rnprojects\HfProject\node_modules\react-native-gradle-plugin\.gradle\buildOutputCleanup)" [_thread_blocked, id=2752, stack(0x000000c79b200000,0x000000c79b300000)]
  0x00000295b6e6a800 JavaThread "Unconstrained build operations" [_thread_blocked, id=13004, stack(0x000000c79b300000,0x000000c79b400000)]
  0x00000295b6e6b000 JavaThread "Unconstrained build operations Thread 2" [_thread_blocked, id=6340, stack(0x000000c79b900000,0x000000c79ba00000)]
  0x00000295b6e6c000 JavaThread "Unconstrained build operations Thread 3" [_thread_blocked, id=12516, stack(0x000000c79ba00000,0x000000c79bb00000)]
  0x00000295b6e6c800 JavaThread "Unconstrained build operations Thread 4" [_thread_blocked, id=9852, stack(0x000000c79bb00000,0x000000c79bc00000)]
  0x00000295b6e6e800 JavaThread "Unconstrained build operations Thread 5" [_thread_blocked, id=6576, stack(0x000000c79bc00000,0x000000c79bd00000)]
  0x00000295b6e6f000 JavaThread "Unconstrained build operations Thread 6" [_thread_blocked, id=11976, stack(0x000000c79bd00000,0x000000c79be00000)]
  0x00000295b80ac800 JavaThread "Unconstrained build operations Thread 7" [_thread_blocked, id=7192, stack(0x000000c79be00000,0x000000c79bf00000)]
  0x00000295b80ad800 JavaThread "Unconstrained build operations Thread 8" [_thread_blocked, id=2460, stack(0x000000c79bf00000,0x000000c79c000000)]
  0x00000295b80a7800 JavaThread "Unconstrained build operations Thread 9" [_thread_blocked, id=11544, stack(0x000000c79c000000,0x000000c79c100000)]
  0x00000295b80ab000 JavaThread "Unconstrained build operations Thread 10" [_thread_blocked, id=7404, stack(0x000000c79c100000,0x000000c79c200000)]
  0x00000295b80ae000 JavaThread "Unconstrained build operations Thread 11" [_thread_blocked, id=9804, stack(0x000000c79c200000,0x000000c79c300000)]
  0x00000295b80af000 JavaThread "Unconstrained build operations Thread 12" [_thread_blocked, id=11332, stack(0x000000c79c300000,0x000000c79c400000)]
  0x00000295b80aa000 JavaThread "Unconstrained build operations Thread 13" [_thread_blocked, id=680, stack(0x000000c79c400000,0x000000c79c500000)]
  0x00000295b80b4000 JavaThread "Unconstrained build operations Thread 14" [_thread_blocked, id=3564, stack(0x000000c79c500000,0x000000c79c600000)]
  0x00000295b80b5800 JavaThread "Unconstrained build operations Thread 15" [_thread_blocked, id=8532, stack(0x000000c79c600000,0x000000c79c700000)]
  0x00000295b80af800 JavaThread "Unconstrained build operations Thread 16" [_thread_blocked, id=2084, stack(0x000000c79c700000,0x000000c79c800000)]
  0x00000295b80b3000 JavaThread "Unconstrained build operations Thread 17" [_thread_blocked, id=11080, stack(0x000000c79c800000,0x000000c79c900000)]
  0x00000295b80b6000 JavaThread "Unconstrained build operations Thread 18" [_thread_blocked, id=3024, stack(0x000000c79c900000,0x000000c79ca00000)]
  0x00000295b80b1800 JavaThread "Unconstrained build operations Thread 19" [_thread_blocked, id=4304, stack(0x000000c79ca00000,0x000000c79cb00000)]
  0x00000295b75a0000 JavaThread "Unconstrained build operations Thread 20" [_thread_blocked, id=480, stack(0x000000c79cb00000,0x000000c79cc00000)]
  0x00000295b759e000 JavaThread "Unconstrained build operations Thread 21" [_thread_blocked, id=1168, stack(0x000000c79cc00000,0x000000c79cd00000)]
  0x00000295b759d800 JavaThread "Unconstrained build operations Thread 22" [_thread_blocked, id=12512, stack(0x000000c79cd00000,0x000000c79ce00000)]
  0x00000295b75a4800 JavaThread "Unconstrained build operations Thread 23" [_thread_blocked, id=12508, stack(0x000000c79ce00000,0x000000c79cf00000)]
  0x00000295b75a8000 JavaThread "Unconstrained build operations Thread 24" [_thread_blocked, id=13016, stack(0x000000c79cf00000,0x000000c79d000000)]
  0x00000295b7538800 JavaThread "Unconstrained build operations Thread 25" [_thread_blocked, id=12396, stack(0x000000c79d000000,0x000000c79d100000)]
  0x00000295b7539800 JavaThread "Unconstrained build operations Thread 26" [_thread_blocked, id=12400, stack(0x000000c79d100000,0x000000c79d200000)]
  0x00000295b753a000 JavaThread "Unconstrained build operations Thread 27" [_thread_blocked, id=1932, stack(0x000000c79d200000,0x000000c79d300000)]
  0x00000295b753b000 JavaThread "Unconstrained build operations Thread 28" [_thread_blocked, id=6756, stack(0x000000c79d300000,0x000000c79d400000)]
  0x00000295c30a1000 JavaThread "Unconstrained build operations Thread 29" [_thread_blocked, id=10688, stack(0x000000c79d400000,0x000000c79d500000)]
  0x00000295c30a2000 JavaThread "Unconstrained build operations Thread 30" [_thread_blocked, id=5016, stack(0x000000c79d500000,0x000000c79d600000)]
  0x00000295c30a0800 JavaThread "Unconstrained build operations Thread 31" [_thread_blocked, id=2540, stack(0x000000c79d600000,0x000000c79d700000)]
  0x00000295c30a4800 JavaThread "Unconstrained build operations Thread 32" [_thread_blocked, id=2548, stack(0x000000c79d700000,0x000000c79d800000)]
  0x00000295c30a3800 JavaThread "Unconstrained build operations Thread 33" [_thread_blocked, id=2576, stack(0x000000c79d800000,0x000000c79d900000)]
  0x00000295c30a3000 JavaThread "build event listener" [_thread_blocked, id=12652, stack(0x000000c79da00000,0x000000c79db00000)]
  0x00000295c30a5800 JavaThread "Cache worker for Build Output Cleanup Cache (E:\rnprojects\HfProject\android\.gradle\buildOutputCleanup)" [_thread_blocked, id=12656, stack(0x000000c79dc00000,0x000000c79dd00000)]
  0x00000295c309f800 JavaThread "included builds" [_thread_blocked, id=12596, stack(0x000000c79dd00000,0x000000c79de00000)]
  0x00000295c30a6000 JavaThread "Execution worker" [_thread_blocked, id=12592, stack(0x000000c79de00000,0x000000c79df00000)]
  0x00000295c30ac800 JavaThread "Execution worker Thread 2" [_thread_blocked, id=5568, stack(0x000000c79df00000,0x000000c79e000000)]
  0x00000295c30a8800 JavaThread "Execution worker Thread 3" [_thread_blocked, id=4884, stack(0x000000c79e000000,0x000000c79e100000)]
  0x00000295c30a9800 JavaThread "Cache worker for execution history cache (E:\rnprojects\HfProject\node_modules\react-native-gradle-plugin\.gradle\7.5.1\executionHistory)" [_thread_blocked, id=4332, stack(0x000000c79e100000,0x000000c79e200000)]
  0x00000295c30a8000 JavaThread "Unconstrained build operations Thread 34" [_thread_blocked, id=9712, stack(0x000000c79e200000,0x000000c79e300000)]
  0x00000295c30a7000 JavaThread "Unconstrained build operations Thread 35" [_thread_blocked, id=660, stack(0x000000c79e300000,0x000000c79e400000)]
  0x00000295c30aa000 JavaThread "Unconstrained build operations Thread 36" [_thread_blocked, id=7356, stack(0x000000c79e400000,0x000000c79e500000)]
  0x00000295c30ad800 JavaThread "Unconstrained build operations Thread 37" [_thread_blocked, id=6996, stack(0x000000c79e500000,0x000000c79e600000)]
  0x00000295c30ab000 JavaThread "Unconstrained build operations Thread 38" [_thread_blocked, id=9836, stack(0x000000c79e600000,0x000000c79e700000)]
  0x00000295c30ac000 JavaThread "Unconstrained build operations Thread 39" [_thread_blocked, id=11736, stack(0x000000c79ea00000,0x000000c79eb00000)]
  0x00000295c30ae800 JavaThread "Unconstrained build operations Thread 40" [_thread_blocked, id=11516, stack(0x000000c79eb00000,0x000000c79ec00000)]
  0x00000295bb15b000 JavaThread "C2 CompilerThread1" daemon [_thread_in_native, id=2800, stack(0x000000c79db00000,0x000000c79dc00000)]

Other Threads:
  0x00000295b53fc800 VMThread "VM Thread" [stack: 0x000000c798a00000,0x000000c798b00000] [id=12740]
  0x00000295b561b000 WatcherThread [stack: 0x000000c799400000,0x000000c799500000] [id=12820]
  0x0000029597482000 GCTaskThread "GC Thread#0" [stack: 0x000000c798500000,0x000000c798600000] [id=12708]
  0x00000295b5e06000 GCTaskThread "GC Thread#1" [stack: 0x000000c799600000,0x000000c799700000] [id=12932]
  0x00000295b5e09000 GCTaskThread "GC Thread#2" [stack: 0x000000c799700000,0x000000c799800000] [id=12936]
  0x00000295b5e08000 GCTaskThread "GC Thread#3" [stack: 0x000000c79a100000,0x000000c79a200000] [id=13040]
  0x00000295b26a8800 ConcurrentGCThread "G1 Main Marker" [stack: 0x000000c798600000,0x000000c798700000] [id=12712]
=>0x00000295b26aa000 ConcurrentGCThread "G1 Conc#0" [stack: 0x000000c798700000,0x000000c798800000] [id=12716]
  0x00000295b273c800 ConcurrentGCThread "G1 Refine#0" [stack: 0x000000c798800000,0x000000c798900000] [id=12724]
  0x00000295b273d800 ConcurrentGCThread "G1 Young RemSet Sampling" [stack: 0x000000c798900000,0x000000c798a00000] [id=12728]

Threads with active compile tasks:
C2 CompilerThread0   225521 18661       4       java.util.regex.Pattern::compile (498 bytes)
C2 CompilerThread1   225521 18646       4       org.gradle.internal.component.local.model.DefaultLocalComponentMetadata::addVariant (112 bytes)

VM state:not at safepoint (normal execution)

VM Mutex/Monitor currently owned by a thread: None

Heap address: 0x0000000080000000, size: 2048 MB, Compressed Oops mode: 32-bit
Narrow klass base: 0x0000000000000000, Narrow klass shift: 3
Compressed class space size: 528482304 Address: 0x0000000100000000

Heap:
 garbage-first heap   total 290816K, used 202180K [0x0000000080000000, 0x0000000100000000)
  region size 1024K, 16 young (16384K), 7 survivors (7168K)
 Metaspace       used 126118K, capacity 130492K, committed 130640K, reserved 630784K
  class space    used 16170K, capacity 17812K, committed 17920K, reserved 516096K
Heap Regions: E=young(eden), S=young(survivor), O=old, HS=humongous(starts), HC=humongous(continues), CS=collection set, F=free, A=archive, TAMS=top-at-mark-start (previous, next)
|   0|0x0000000080000000, 0x0000000080100000, 0x0000000080100000|100%|HS|  |TAMS 0x0000000080100000, 0x0000000080100000| Complete 
|   1|0x0000000080100000, 0x0000000080200000, 0x0000000080200000|100%|HC|  |TAMS 0x0000000080200000, 0x0000000080200000| Complete 
|   2|0x0000000080200000, 0x0000000080300000, 0x0000000080300000|100%|HC|  |TAMS 0x0000000080300000, 0x0000000080300000| Complete 
|   3|0x0000000080300000, 0x0000000080400000, 0x0000000080400000|100%| O|  |TAMS 0x0000000080400000, 0x0000000080400000| Untracked 
|   4|0x0000000080400000, 0x0000000080500000, 0x0000000080500000|100%| O|  |TAMS 0x0000000080500000, 0x0000000080500000| Untracked 
|   5|0x0000000080500000, 0x0000000080600000, 0x0000000080600000|100%| O|  |TAMS 0x0000000080600000, 0x0000000080600000| Untracked 
|   6|0x0000000080600000, 0x0000000080700000, 0x0000000080700000|100%| O|  |TAMS 0x0000000080700000, 0x0000000080700000| Untracked 
|   7|0x0000000080700000, 0x0000000080800000, 0x0000000080800000|100%| O|  |TAMS 0x0000000080800000, 0x0000000080800000| Untracked 
|   8|0x0000000080800000, 0x0000000080900000, 0x0000000080900000|100%| O|  |TAMS 0x0000000080900000, 0x0000000080900000| Untracked 
|   9|0x0000000080900000, 0x0000000080a00000, 0x0000000080a00000|100%| O|  |TAMS 0x0000000080a00000, 0x0000000080a00000| Untracked 
|  10|0x0000000080a00000, 0x0000000080b00000, 0x0000000080b00000|100%| O|  |TAMS 0x0000000080b00000, 0x0000000080b00000| Untracked 
|  11|0x0000000080b00000, 0x0000000080c00000, 0x0000000080c00000|100%| O|  |TAMS 0x0000000080c00000, 0x0000000080c00000| Untracked 
|  12|0x0000000080c00000, 0x0000000080d00000, 0x0000000080d00000|100%| O|  |TAMS 0x0000000080d00000, 0x0000000080d00000| Untracked 
|  13|0x0000000080d00000, 0x0000000080e00000, 0x0000000080e00000|100%| O|  |TAMS 0x0000000080e00000, 0x0000000080e00000| Untracked 
|  14|0x0000000080e00000, 0x0000000080f00000, 0x0000000080f00000|100%| O|  |TAMS 0x0000000080f00000, 0x0000000080f00000| Untracked 
|  15|0x0000000080f00000, 0x0000000081000000, 0x0000000081000000|100%| O|  |TAMS 0x0000000081000000, 0x0000000081000000| Untracked 
|  16|0x0000000081000000, 0x0000000081100000, 0x0000000081100000|100%| O|  |TAMS 0x0000000081100000, 0x0000000081100000| Untracked 
|  17|0x0000000081100000, 0x0000000081200000, 0x0000000081200000|100%| O|  |TAMS 0x0000000081200000, 0x0000000081200000| Untracked 
|  18|0x0000000081200000, 0x0000000081300000, 0x0000000081300000|100%| O|  |TAMS 0x0000000081300000, 0x0000000081300000| Untracked 
|  19|0x0000000081300000, 0x0000000081400000, 0x0000000081400000|100%| O|  |TAMS 0x0000000081400000, 0x0000000081400000| Untracked 
|  20|0x0000000081400000, 0x0000000081500000, 0x0000000081500000|100%| O|  |TAMS 0x0000000081500000, 0x0000000081500000| Untracked 
|  21|0x0000000081500000, 0x0000000081600000, 0x0000000081600000|100%| O|  |TAMS 0x0000000081600000, 0x0000000081600000| Untracked 
|  22|0x0000000081600000, 0x0000000081700000, 0x0000000081700000|100%| O|  |TAMS 0x0000000081700000, 0x0000000081700000| Untracked 
|  23|0x0000000081700000, 0x0000000081800000, 0x0000000081800000|100%| O|  |TAMS 0x0000000081800000, 0x0000000081800000| Untracked 
|  24|0x0000000081800000, 0x0000000081900000, 0x0000000081900000|100%| O|  |TAMS 0x0000000081900000, 0x0000000081900000| Untracked 
|  25|0x0000000081900000, 0x0000000081a00000, 0x0000000081a00000|100%| O|  |TAMS 0x0000000081a00000, 0x0000000081a00000| Untracked 
|  26|0x0000000081a00000, 0x0000000081b00000, 0x0000000081b00000|100%| O|  |TAMS 0x0000000081b00000, 0x0000000081b00000| Untracked 
|  27|0x0000000081b00000, 0x0000000081c00000, 0x0000000081c00000|100%| O|  |TAMS 0x0000000081c00000, 0x0000000081c00000| Untracked 
|  28|0x0000000081c00000, 0x0000000081d00000, 0x0000000081d00000|100%| O|  |TAMS 0x0000000081d00000, 0x0000000081d00000| Untracked 
|  29|0x0000000081d00000, 0x0000000081e00000, 0x0000000081e00000|100%|HS|  |TAMS 0x0000000081e00000, 0x0000000081e00000| Complete 
|  30|0x0000000081e00000, 0x0000000081f00000, 0x0000000081f00000|100%|HS|  |TAMS 0x0000000081f00000, 0x0000000081f00000| Complete 
|  31|0x0000000081f00000, 0x0000000082000000, 0x0000000082000000|100%|HC|  |TAMS 0x0000000082000000, 0x0000000082000000| Complete 
|  32|0x0000000082000000, 0x0000000082100000, 0x0000000082100000|100%|HC|  |TAMS 0x0000000082100000, 0x0000000082100000| Complete 
|  33|0x0000000082100000, 0x0000000082200000, 0x0000000082200000|100%| O|  |TAMS 0x0000000082200000, 0x0000000082200000| Untracked 
|  34|0x0000000082200000, 0x0000000082300000, 0x0000000082300000|100%| O|  |TAMS 0x0000000082300000, 0x0000000082300000| Untracked 
|  35|0x0000000082300000, 0x0000000082400000, 0x0000000082400000|100%| O|  |TAMS 0x0000000082400000, 0x0000000082400000| Untracked 
|  36|0x0000000082400000, 0x0000000082500000, 0x0000000082500000|100%| O|  |TAMS 0x0000000082500000, 0x0000000082500000| Untracked 
|  37|0x0000000082500000, 0x0000000082600000, 0x0000000082600000|100%| O|  |TAMS 0x0000000082600000, 0x0000000082600000| Untracked 
|  38|0x0000000082600000, 0x0000000082700000, 0x0000000082700000|100%| O|  |TAMS 0x0000000082700000, 0x0000000082700000| Untracked 
|  39|0x0000000082700000, 0x0000000082800000, 0x0000000082800000|100%| O|  |TAMS 0x0000000082800000, 0x0000000082800000| Untracked 
|  40|0x0000000082800000, 0x0000000082900000, 0x0000000082900000|100%| O|  |TAMS 0x0000000082900000, 0x0000000082900000| Untracked 
|  41|0x0000000082900000, 0x0000000082a00000, 0x0000000082a00000|100%| O|  |TAMS 0x0000000082a00000, 0x0000000082a00000| Untracked 
|  42|0x0000000082a00000, 0x0000000082b00000, 0x0000000082b00000|100%| O|  |TAMS 0x0000000082b00000, 0x0000000082b00000| Untracked 
|  43|0x0000000082b00000, 0x0000000082c00000, 0x0000000082c00000|100%| O|  |TAMS 0x0000000082c00000, 0x0000000082c00000| Untracked 
|  44|0x0000000082c00000, 0x0000000082d00000, 0x0000000082d00000|100%|HS|  |TAMS 0x0000000082d00000, 0x0000000082d00000| Complete 
|  45|0x0000000082d00000, 0x0000000082e00000, 0x0000000082e00000|100%|HS|  |TAMS 0x0000000082e00000, 0x0000000082e00000| Complete 
|  46|0x0000000082e00000, 0x0000000082f00000, 0x0000000082f00000|100%| O|  |TAMS 0x0000000082f00000, 0x0000000082f00000| Untracked 
|  47|0x0000000082f00000, 0x0000000083000000, 0x0000000083000000|100%|HS|  |TAMS 0x0000000083000000, 0x0000000083000000| Complete 
|  48|0x0000000083000000, 0x0000000083100000, 0x0000000083100000|100%|HC|  |TAMS 0x0000000083100000, 0x0000000083100000| Complete 
|  49|0x0000000083100000, 0x0000000083200000, 0x0000000083200000|100%| O|  |TAMS 0x0000000083200000, 0x0000000083200000| Untracked 
|  50|0x0000000083200000, 0x0000000083300000, 0x0000000083300000|100%| O|  |TAMS 0x0000000083300000, 0x0000000083300000| Untracked 
|  51|0x0000000083300000, 0x0000000083400000, 0x0000000083400000|100%| O|  |TAMS 0x0000000083400000, 0x0000000083400000| Untracked 
|  52|0x0000000083400000, 0x0000000083500000, 0x0000000083500000|100%| O|  |TAMS 0x0000000083500000, 0x0000000083500000| Untracked 
|  53|0x0000000083500000, 0x0000000083600000, 0x0000000083600000|100%| O|  |TAMS 0x0000000083600000, 0x0000000083600000| Untracked 
|  54|0x0000000083600000, 0x0000000083700000, 0x0000000083700000|100%| O|  |TAMS 0x0000000083700000, 0x0000000083700000| Untracked 
|  55|0x0000000083700000, 0x0000000083800000, 0x0000000083800000|100%| O|  |TAMS 0x0000000083700000, 0x0000000083800000| Untracked 
|  56|0x0000000083800000, 0x0000000083900000, 0x0000000083900000|100%| O|  |TAMS 0x0000000083900000, 0x0000000083900000| Untracked 
|  57|0x0000000083900000, 0x0000000083a00000, 0x0000000083a00000|100%| O|  |TAMS 0x0000000083a00000, 0x0000000083a00000| Untracked 
|  58|0x0000000083a00000, 0x0000000083b00000, 0x0000000083b00000|100%| O|  |TAMS 0x0000000083b00000, 0x0000000083b00000| Untracked 
|  59|0x0000000083b00000, 0x0000000083c00000, 0x0000000083c00000|100%| O|  |TAMS 0x0000000083c00000, 0x0000000083c00000| Untracked 
|  60|0x0000000083c00000, 0x0000000083d00000, 0x0000000083d00000|100%| O|  |TAMS 0x0000000083d00000, 0x0000000083d00000| Untracked 
|  61|0x0000000083d00000, 0x0000000083e00000, 0x0000000083e00000|100%| O|  |TAMS 0x0000000083e00000, 0x0000000083e00000| Untracked 
|  62|0x0000000083e00000, 0x0000000083f00000, 0x0000000083f00000|100%| O|  |TAMS 0x0000000083f00000, 0x0000000083f00000| Untracked 
|  63|0x0000000083f00000, 0x0000000084000000, 0x0000000084000000|100%| O|  |TAMS 0x0000000084000000, 0x0000000084000000| Untracked 
|  64|0x0000000084000000, 0x0000000084100000, 0x0000000084100000|100%| O|  |TAMS 0x0000000084100000, 0x0000000084100000| Untracked 
|  65|0x0000000084100000, 0x0000000084200000, 0x0000000084200000|100%| O|  |TAMS 0x0000000084200000, 0x0000000084200000| Untracked 
|  66|0x0000000084200000, 0x0000000084300000, 0x0000000084300000|100%| O|  |TAMS 0x0000000084200000, 0x0000000084300000| Untracked 
|  67|0x0000000084300000, 0x0000000084400000, 0x0000000084400000|100%| O|  |TAMS 0x0000000084400000, 0x0000000084400000| Untracked 
|  68|0x0000000084400000, 0x0000000084500000, 0x0000000084500000|100%| O|  |TAMS 0x0000000084500000, 0x0000000084500000| Untracked 
|  69|0x0000000084500000, 0x0000000084600000, 0x0000000084600000|100%| O|  |TAMS 0x0000000084600000, 0x0000000084600000| Untracked 
|  70|0x0000000084600000, 0x0000000084700000, 0x0000000084700000|100%| O|  |TAMS 0x0000000084700000, 0x0000000084700000| Untracked 
|  71|0x0000000084700000, 0x0000000084800000, 0x0000000084800000|100%| O|  |TAMS 0x0000000084800000, 0x0000000084800000| Untracked 
|  72|0x0000000084800000, 0x0000000084900000, 0x0000000084900000|100%| O|  |TAMS 0x0000000084900000, 0x0000000084900000| Untracked 
|  73|0x0000000084900000, 0x0000000084a00000, 0x0000000084a00000|100%| O|  |TAMS 0x0000000084a00000, 0x0000000084a00000| Untracked 
|  74|0x0000000084a00000, 0x0000000084b00000, 0x0000000084b00000|100%| O|  |TAMS 0x0000000084b00000, 0x0000000084b00000| Untracked 
|  75|0x0000000084b00000, 0x0000000084c00000, 0x0000000084c00000|100%| O|  |TAMS 0x0000000084c00000, 0x0000000084c00000| Untracked 
|  76|0x0000000084c00000, 0x0000000084d00000, 0x0000000084d00000|100%| O|  |TAMS 0x0000000084d00000, 0x0000000084d00000| Untracked 
|  77|0x0000000084d00000, 0x0000000084e00000, 0x0000000084e00000|100%| O|  |TAMS 0x0000000084d00000, 0x0000000084e00000| Untracked 
|  78|0x0000000084e00000, 0x0000000084f00000, 0x0000000084f00000|100%| O|  |TAMS 0x0000000084e00000, 0x0000000084f00000| Untracked 
|  79|0x0000000084f00000, 0x0000000085000000, 0x0000000085000000|100%| O|  |TAMS 0x0000000085000000, 0x0000000085000000| Untracked 
|  80|0x0000000085000000, 0x0000000085100000, 0x0000000085100000|100%| O|  |TAMS 0x0000000085100000, 0x0000000085100000| Untracked 
|  81|0x0000000085100000, 0x0000000085200000, 0x0000000085200000|100%| O|  |TAMS 0x0000000085200000, 0x0000000085200000| Untracked 
|  82|0x0000000085200000, 0x0000000085300000, 0x0000000085300000|100%| O|  |TAMS 0x0000000085200000, 0x0000000085300000| Untracked 
|  83|0x0000000085300000, 0x0000000085400000, 0x0000000085400000|100%| O|  |TAMS 0x0000000085300000, 0x0000000085400000| Untracked 
|  84|0x0000000085400000, 0x0000000085500000, 0x0000000085500000|100%| O|  |TAMS 0x0000000085400000, 0x0000000085500000| Untracked 
|  85|0x0000000085500000, 0x0000000085600000, 0x0000000085600000|100%| O|  |TAMS 0x0000000085500000, 0x0000000085600000| Untracked 
|  86|0x0000000085600000, 0x0000000085700000, 0x0000000085700000|100%|HS|  |TAMS 0x0000000085700000, 0x0000000085700000| Complete 
|  87|0x0000000085700000, 0x0000000085800000, 0x0000000085800000|100%|HS|  |TAMS 0x0000000085800000, 0x0000000085800000| Complete 
|  88|0x0000000085800000, 0x0000000085900000, 0x0000000085900000|100%|HS|  |TAMS 0x0000000085900000, 0x0000000085900000| Complete 
|  89|0x0000000085900000, 0x0000000085a00000, 0x0000000085a00000|100%|HS|  |TAMS 0x0000000085a00000, 0x0000000085a00000| Complete 
|  90|0x0000000085a00000, 0x0000000085b00000, 0x0000000085b00000|100%|HC|  |TAMS 0x0000000085b00000, 0x0000000085b00000| Complete 
|  91|0x0000000085b00000, 0x0000000085c00000, 0x0000000085c00000|100%|HC|  |TAMS 0x0000000085c00000, 0x0000000085c00000| Complete 
|  92|0x0000000085c00000, 0x0000000085d00000, 0x0000000085d00000|100%| O|  |TAMS 0x0000000085d00000, 0x0000000085d00000| Untracked 
|  93|0x0000000085d00000, 0x0000000085e00000, 0x0000000085e00000|100%| O|  |TAMS 0x0000000085e00000, 0x0000000085e00000| Untracked 
|  94|0x0000000085e00000, 0x0000000085f00000, 0x0000000085f00000|100%| O|  |TAMS 0x0000000085f00000, 0x0000000085f00000| Untracked 
|  95|0x0000000085f00000, 0x0000000085f71200, 0x0000000086000000| 44%| O|  |TAMS 0x0000000085f00000, 0x0000000085f71200| Untracked 
|  96|0x0000000086000000, 0x0000000086100000, 0x0000000086100000|100%| O|  |TAMS 0x0000000086100000, 0x0000000086100000| Untracked 
|  97|0x0000000086100000, 0x0000000086200000, 0x0000000086200000|100%| O|  |TAMS 0x0000000086200000, 0x0000000086200000| Untracked 
|  98|0x0000000086200000, 0x0000000086300000, 0x0000000086300000|100%| O|  |TAMS 0x0000000086300000, 0x0000000086300000| Untracked 
|  99|0x0000000086300000, 0x0000000086400000, 0x0000000086400000|100%| O|  |TAMS 0x0000000086400000, 0x0000000086400000| Untracked 
| 100|0x0000000086400000, 0x0000000086400000, 0x0000000086500000|  0%| F|  |TAMS 0x0000000086400000, 0x0000000086400000| Untracked 
| 101|0x0000000086500000, 0x0000000086600000, 0x0000000086600000|100%| O|  |TAMS 0x0000000086500000, 0x0000000086600000| Untracked 
| 102|0x0000000086600000, 0x0000000086700000, 0x0000000086700000|100%|HS|  |TAMS 0x0000000086700000, 0x0000000086700000| Complete 
| 103|0x0000000086700000, 0x0000000086800000, 0x0000000086800000|100%|HS|  |TAMS 0x0000000086800000, 0x0000000086800000| Complete 
| 104|0x0000000086800000, 0x0000000086900000, 0x0000000086900000|100%|HC|  |TAMS 0x0000000086900000, 0x0000000086900000| Complete 
| 105|0x0000000086900000, 0x0000000086a00000, 0x0000000086a00000|100%|HC|  |TAMS 0x0000000086a00000, 0x0000000086a00000| Complete 
| 106|0x0000000086a00000, 0x0000000086b00000, 0x0000000086b00000|100%| O|  |TAMS 0x0000000086a00000, 0x0000000086b00000| Untracked 
| 107|0x0000000086b00000, 0x0000000086c00000, 0x0000000086c00000|100%| O|  |TAMS 0x0000000086c00000, 0x0000000086c00000| Untracked 
| 108|0x0000000086c00000, 0x0000000086c00000, 0x0000000086d00000|  0%| F|  |TAMS 0x0000000086c00000, 0x0000000086c00000| Untracked 
| 109|0x0000000086d00000, 0x0000000086e00000, 0x0000000086e00000|100%| O|  |TAMS 0x0000000086d00000, 0x0000000086e00000| Untracked 
| 110|0x0000000086e00000, 0x0000000086f00000, 0x0000000086f00000|100%| O|  |TAMS 0x0000000086e00000, 0x0000000086f00000| Untracked 
| 111|0x0000000086f00000, 0x0000000086f00000, 0x0000000087000000|  0%| F|  |TAMS 0x0000000086f00000, 0x0000000086f00000| Untracked 
| 112|0x0000000087000000, 0x0000000087100000, 0x0000000087100000|100%|HS|  |TAMS 0x0000000087100000, 0x0000000087100000| Complete 
| 113|0x0000000087100000, 0x0000000087100000, 0x0000000087200000|  0%| F|  |TAMS 0x0000000087100000, 0x0000000087100000| Untracked 
| 114|0x0000000087200000, 0x0000000087200000, 0x0000000087300000|  0%| F|  |TAMS 0x0000000087200000, 0x0000000087200000| Untracked 
| 115|0x0000000087300000, 0x0000000087300000, 0x0000000087400000|  0%| F|  |TAMS 0x0000000087300000, 0x0000000087300000| Untracked 
| 116|0x0000000087400000, 0x0000000087500000, 0x0000000087500000|100%| O|  |TAMS 0x0000000087500000, 0x0000000087500000| Untracked 
| 117|0x0000000087500000, 0x0000000087500000, 0x0000000087600000|  0%| F|  |TAMS 0x0000000087500000, 0x0000000087500000| Untracked 
| 118|0x0000000087600000, 0x0000000087700000, 0x0000000087700000|100%| O|  |TAMS 0x0000000087700000, 0x0000000087700000| Untracked 
| 119|0x0000000087700000, 0x0000000087800000, 0x0000000087800000|100%| O|  |TAMS 0x0000000087700000, 0x0000000087800000| Untracked 
| 120|0x0000000087800000, 0x0000000087900000, 0x0000000087900000|100%| O|  |TAMS 0x0000000087800000, 0x0000000087900000| Untracked 
| 121|0x0000000087900000, 0x0000000087a00000, 0x0000000087a00000|100%| O|  |TAMS 0x0000000087a00000, 0x0000000087a00000| Untracked 
| 122|0x0000000087a00000, 0x0000000087b00000, 0x0000000087b00000|100%| O|  |TAMS 0x0000000087a00000, 0x0000000087b00000| Untracked 
| 123|0x0000000087b00000, 0x0000000087c00000, 0x0000000087c00000|100%| O|  |TAMS 0x0000000087b00000, 0x0000000087c00000| Untracked 
| 124|0x0000000087c00000, 0x0000000087c00000, 0x0000000087d00000|  0%| F|  |TAMS 0x0000000087c00000, 0x0000000087c00000| Untracked 
| 125|0x0000000087d00000, 0x0000000087d00000, 0x0000000087e00000|  0%| F|  |TAMS 0x0000000087d00000, 0x0000000087d00000| Untracked 
| 126|0x0000000087e00000, 0x0000000087e00000, 0x0000000087f00000|  0%| F|  |TAMS 0x0000000087e00000, 0x0000000087e00000| Untracked 
| 127|0x0000000087f00000, 0x0000000087f00000, 0x0000000088000000|  0%| F|  |TAMS 0x0000000087f00000, 0x0000000087f00000| Untracked 
| 128|0x0000000088000000, 0x0000000088000000, 0x0000000088100000|  0%| F|  |TAMS 0x0000000088000000, 0x0000000088000000| Untracked 
| 129|0x0000000088100000, 0x0000000088200000, 0x0000000088200000|100%| O|  |TAMS 0x0000000088200000, 0x0000000088200000| Untracked 
| 130|0x0000000088200000, 0x0000000088300000, 0x0000000088300000|100%| O|  |TAMS 0x0000000088300000, 0x0000000088300000| Untracked 
| 131|0x0000000088300000, 0x0000000088300000, 0x0000000088400000|  0%| F|  |TAMS 0x0000000088300000, 0x0000000088300000| Untracked 
| 132|0x0000000088400000, 0x0000000088400000, 0x0000000088500000|  0%| F|  |TAMS 0x0000000088400000, 0x0000000088400000| Untracked 
| 133|0x0000000088500000, 0x0000000088500000, 0x0000000088600000|  0%| F|  |TAMS 0x0000000088500000, 0x0000000088500000| Untracked 
| 134|0x0000000088600000, 0x0000000088600000, 0x0000000088700000|  0%| F|  |TAMS 0x0000000088600000, 0x0000000088600000| Untracked 
| 135|0x0000000088700000, 0x0000000088700000, 0x0000000088800000|  0%| F|  |TAMS 0x0000000088700000, 0x0000000088700000| Untracked 
| 136|0x0000000088800000, 0x0000000088800000, 0x0000000088900000|  0%| F|  |TAMS 0x0000000088800000, 0x0000000088800000| Untracked 
| 137|0x0000000088900000, 0x0000000088900000, 0x0000000088a00000|  0%| F|  |TAMS 0x0000000088900000, 0x0000000088900000| Untracked 
| 138|0x0000000088a00000, 0x0000000088a00000, 0x0000000088b00000|  0%| F|  |TAMS 0x0000000088a00000, 0x0000000088a00000| Untracked 
| 139|0x0000000088b00000, 0x0000000088b00000, 0x0000000088c00000|  0%| F|  |TAMS 0x0000000088b00000, 0x0000000088b00000| Untracked 
| 140|0x0000000088c00000, 0x0000000088d00000, 0x0000000088d00000|100%| O|  |TAMS 0x0000000088d00000, 0x0000000088d00000| Untracked 
| 141|0x0000000088d00000, 0x0000000088d00000, 0x0000000088e00000|  0%| F|  |TAMS 0x0000000088d00000, 0x0000000088d00000| Untracked 
| 142|0x0000000088e00000, 0x0000000088e00000, 0x0000000088f00000|  0%| F|  |TAMS 0x0000000088e00000, 0x0000000088e00000| Untracked 
| 143|0x0000000088f00000, 0x0000000088f00000, 0x0000000089000000|  0%| F|  |TAMS 0x0000000088f00000, 0x0000000088f00000| Untracked 
| 144|0x0000000089000000, 0x0000000089000000, 0x0000000089100000|  0%| F|  |TAMS 0x0000000089000000, 0x0000000089000000| Untracked 
| 145|0x0000000089100000, 0x0000000089100000, 0x0000000089200000|  0%| F|  |TAMS 0x0000000089100000, 0x0000000089100000| Untracked 
| 146|0x0000000089200000, 0x0000000089200000, 0x0000000089300000|  0%| F|  |TAMS 0x0000000089200000, 0x0000000089200000| Untracked 
| 147|0x0000000089300000, 0x0000000089400000, 0x0000000089400000|100%| O|  |TAMS 0x0000000089400000, 0x0000000089400000| Untracked 
| 148|0x0000000089400000, 0x0000000089500000, 0x0000000089500000|100%| O|  |TAMS 0x0000000089500000, 0x0000000089500000| Untracked 
| 149|0x0000000089500000, 0x0000000089600000, 0x0000000089600000|100%| O|  |TAMS 0x0000000089600000, 0x0000000089600000| Untracked 
| 150|0x0000000089600000, 0x0000000089700000, 0x0000000089700000|100%| O|  |TAMS 0x0000000089700000, 0x0000000089700000| Untracked 
| 151|0x0000000089700000, 0x0000000089800000, 0x0000000089800000|100%| O|  |TAMS 0x0000000089800000, 0x0000000089800000| Untracked 
| 152|0x0000000089800000, 0x0000000089900000, 0x0000000089900000|100%| O|  |TAMS 0x0000000089900000, 0x0000000089900000| Untracked 
| 153|0x0000000089900000, 0x0000000089a00000, 0x0000000089a00000|100%| O|  |TAMS 0x0000000089a00000, 0x0000000089a00000| Untracked 
| 154|0x0000000089a00000, 0x0000000089b00000, 0x0000000089b00000|100%| O|  |TAMS 0x0000000089b00000, 0x0000000089b00000| Untracked 
| 155|0x0000000089b00000, 0x0000000089c00000, 0x0000000089c00000|100%| O|  |TAMS 0x0000000089c00000, 0x0000000089c00000| Untracked 
| 156|0x0000000089c00000, 0x0000000089d00000, 0x0000000089d00000|100%| O|  |TAMS 0x0000000089d00000, 0x0000000089d00000| Untracked 
| 157|0x0000000089d00000, 0x0000000089e00000, 0x0000000089e00000|100%| O|  |TAMS 0x0000000089e00000, 0x0000000089e00000| Untracked 
| 158|0x0000000089e00000, 0x0000000089f00000, 0x0000000089f00000|100%| O|  |TAMS 0x0000000089f00000, 0x0000000089f00000| Untracked 
| 159|0x0000000089f00000, 0x000000008a000000, 0x000000008a000000|100%| O|  |TAMS 0x000000008a000000, 0x000000008a000000| Untracked 
| 160|0x000000008a000000, 0x000000008a100000, 0x000000008a100000|100%| O|  |TAMS 0x000000008a100000, 0x000000008a100000| Untracked 
| 161|0x000000008a100000, 0x000000008a200000, 0x000000008a200000|100%| O|  |TAMS 0x000000008a200000, 0x000000008a200000| Untracked 
| 162|0x000000008a200000, 0x000000008a300000, 0x000000008a300000|100%| O|  |TAMS 0x000000008a300000, 0x000000008a300000| Untracked 
| 163|0x000000008a300000, 0x000000008a400000, 0x000000008a400000|100%| O|  |TAMS 0x000000008a400000, 0x000000008a400000| Untracked 
| 164|0x000000008a400000, 0x000000008a500000, 0x000000008a500000|100%| O|  |TAMS 0x000000008a500000, 0x000000008a500000| Untracked 
| 165|0x000000008a500000, 0x000000008a600000, 0x000000008a600000|100%| O|  |TAMS 0x000000008a600000, 0x000000008a600000| Untracked 
| 166|0x000000008a600000, 0x000000008a700000, 0x000000008a700000|100%| O|  |TAMS 0x000000008a700000, 0x000000008a700000| Untracked 
| 167|0x000000008a700000, 0x000000008a800000, 0x000000008a800000|100%| O|  |TAMS 0x000000008a800000, 0x000000008a800000| Untracked 
| 168|0x000000008a800000, 0x000000008a900000, 0x000000008a900000|100%| O|  |TAMS 0x000000008a900000, 0x000000008a900000| Untracked 
| 169|0x000000008a900000, 0x000000008aa00000, 0x000000008aa00000|100%| O|  |TAMS 0x000000008aa00000, 0x000000008aa00000| Untracked 
| 170|0x000000008aa00000, 0x000000008aa00000, 0x000000008ab00000|  0%| F|  |TAMS 0x000000008aa00000, 0x000000008aa00000| Untracked 
| 171|0x000000008ab00000, 0x000000008ac00000, 0x000000008ac00000|100%| O|  |TAMS 0x000000008ac00000, 0x000000008ac00000| Untracked 
| 172|0x000000008ac00000, 0x000000008ad00000, 0x000000008ad00000|100%| O|  |TAMS 0x000000008ad00000, 0x000000008ad00000| Untracked 
| 173|0x000000008ad00000, 0x000000008ae00000, 0x000000008ae00000|100%| O|  |TAMS 0x000000008ae00000, 0x000000008ae00000| Untracked 
| 174|0x000000008ae00000, 0x000000008af00000, 0x000000008af00000|100%| O|  |TAMS 0x000000008af00000, 0x000000008af00000| Untracked 
| 175|0x000000008af00000, 0x000000008b000000, 0x000000008b000000|100%| O|  |TAMS 0x000000008b000000, 0x000000008b000000| Untracked 
| 176|0x000000008b000000, 0x000000008b100000, 0x000000008b100000|100%| O|  |TAMS 0x000000008b100000, 0x000000008b100000| Untracked 
| 177|0x000000008b100000, 0x000000008b100000, 0x000000008b200000|  0%| F|  |TAMS 0x000000008b100000, 0x000000008b100000| Untracked 
| 178|0x000000008b200000, 0x000000008b300000, 0x000000008b300000|100%| O|  |TAMS 0x000000008b300000, 0x000000008b300000| Untracked 
| 179|0x000000008b300000, 0x000000008b400000, 0x000000008b400000|100%| O|  |TAMS 0x000000008b400000, 0x000000008b400000| Untracked 
| 180|0x000000008b400000, 0x000000008b500000, 0x000000008b500000|100%| O|  |TAMS 0x000000008b500000, 0x000000008b500000| Untracked 
| 181|0x000000008b500000, 0x000000008b600000, 0x000000008b600000|100%| O|  |TAMS 0x000000008b600000, 0x000000008b600000| Untracked 
| 182|0x000000008b600000, 0x000000008b700000, 0x000000008b700000|100%| O|  |TAMS 0x000000008b700000, 0x000000008b700000| Untracked 
| 183|0x000000008b700000, 0x000000008b800000, 0x000000008b800000|100%| O|  |TAMS 0x000000008b800000, 0x000000008b800000| Untracked 
| 184|0x000000008b800000, 0x000000008b900000, 0x000000008b900000|100%| O|  |TAMS 0x000000008b900000, 0x000000008b900000| Untracked 
| 185|0x000000008b900000, 0x000000008ba00000, 0x000000008ba00000|100%| O|  |TAMS 0x000000008ba00000, 0x000000008ba00000| Untracked 
| 186|0x000000008ba00000, 0x000000008bb00000, 0x000000008bb00000|100%| O|  |TAMS 0x000000008bb00000, 0x000000008bb00000| Untracked 
| 187|0x000000008bb00000, 0x000000008bc00000, 0x000000008bc00000|100%| O|  |TAMS 0x000000008bc00000, 0x000000008bc00000| Untracked 
| 188|0x000000008bc00000, 0x000000008bd00000, 0x000000008bd00000|100%| O|  |TAMS 0x000000008bd00000, 0x000000008bd00000| Untracked 
| 189|0x000000008bd00000, 0x000000008bd00000, 0x000000008be00000|  0%| F|  |TAMS 0x000000008bd00000, 0x000000008bd00000| Untracked 
| 190|0x000000008be00000, 0x000000008bf00000, 0x000000008bf00000|100%| O|  |TAMS 0x000000008bf00000, 0x000000008bf00000| Untracked 
| 191|0x000000008bf00000, 0x000000008c000000, 0x000000008c000000|100%| O|  |TAMS 0x000000008c000000, 0x000000008c000000| Untracked 
| 192|0x000000008c000000, 0x000000008c100000, 0x000000008c100000|100%| O|  |TAMS 0x000000008c100000, 0x000000008c100000| Untracked 
| 193|0x000000008c100000, 0x000000008c200000, 0x000000008c200000|100%| O|  |TAMS 0x000000008c200000, 0x000000008c200000| Untracked 
| 194|0x000000008c200000, 0x000000008c300000, 0x000000008c300000|100%| O|  |TAMS 0x000000008c300000, 0x000000008c300000| Untracked 
| 195|0x000000008c300000, 0x000000008c300000, 0x000000008c400000|  0%| F|  |TAMS 0x000000008c300000, 0x000000008c300000| Untracked 
| 196|0x000000008c400000, 0x000000008c500000, 0x000000008c500000|100%| O|  |TAMS 0x000000008c500000, 0x000000008c500000| Untracked 
| 197|0x000000008c500000, 0x000000008c600000, 0x000000008c600000|100%| O|  |TAMS 0x000000008c5ac800, 0x000000008c600000| Untracked 
| 198|0x000000008c600000, 0x000000008c700000, 0x000000008c700000|100%| O|  |TAMS 0x000000008c600000, 0x000000008c700000| Untracked 
| 199|0x000000008c700000, 0x000000008c800000, 0x000000008c800000|100%| O|  |TAMS 0x000000008c700000, 0x000000008c800000| Untracked 
| 200|0x000000008c800000, 0x000000008c900000, 0x000000008c900000|100%| O|  |TAMS 0x000000008c800000, 0x000000008c900000| Untracked 
| 201|0x000000008c900000, 0x000000008ca00000, 0x000000008ca00000|100%| O|  |TAMS 0x000000008c900000, 0x000000008ca00000| Untracked 
| 202|0x000000008ca00000, 0x000000008cb00000, 0x000000008cb00000|100%| O|  |TAMS 0x000000008ca00000, 0x000000008cb00000| Untracked 
| 203|0x000000008cb00000, 0x000000008cc00000, 0x000000008cc00000|100%| O|  |TAMS 0x000000008cb00000, 0x000000008cc00000| Untracked 
| 204|0x000000008cc00000, 0x000000008cd00000, 0x000000008cd00000|100%| O|  |TAMS 0x000000008cc00000, 0x000000008cd00000| Untracked 
| 205|0x000000008cd00000, 0x000000008ce00000, 0x000000008ce00000|100%| O|  |TAMS 0x000000008cd00000, 0x000000008ce00000| Untracked 
| 206|0x000000008ce00000, 0x000000008cf00000, 0x000000008cf00000|100%| O|  |TAMS 0x000000008ce00000, 0x000000008cf00000| Untracked 
| 207|0x000000008cf00000, 0x000000008d000000, 0x000000008d000000|100%| O|  |TAMS 0x000000008cf00000, 0x000000008d000000| Untracked 
| 208|0x000000008d000000, 0x000000008d100000, 0x000000008d100000|100%| O|  |TAMS 0x000000008d000000, 0x000000008d100000| Untracked 
| 209|0x000000008d100000, 0x000000008d200000, 0x000000008d200000|100%| O|  |TAMS 0x000000008d100000, 0x000000008d200000| Untracked 
| 210|0x000000008d200000, 0x000000008d300000, 0x000000008d300000|100%| O|  |TAMS 0x000000008d200000, 0x000000008d300000| Untracked 
| 211|0x000000008d300000, 0x000000008d400000, 0x000000008d400000|100%| O|  |TAMS 0x000000008d300000, 0x000000008d400000| Untracked 
| 212|0x000000008d400000, 0x000000008d500000, 0x000000008d500000|100%| O|  |TAMS 0x000000008d400000, 0x000000008d500000| Untracked 
| 213|0x000000008d500000, 0x000000008d600000, 0x000000008d600000|100%| O|  |TAMS 0x000000008d500000, 0x000000008d600000| Untracked 
| 214|0x000000008d600000, 0x000000008d600000, 0x000000008d700000|  0%| F|  |TAMS 0x000000008d600000, 0x000000008d600000| Untracked 
| 215|0x000000008d700000, 0x000000008d700000, 0x000000008d800000|  0%| F|  |TAMS 0x000000008d700000, 0x000000008d700000| Untracked 
| 216|0x000000008d800000, 0x000000008d800000, 0x000000008d900000|  0%| F|  |TAMS 0x000000008d800000, 0x000000008d800000| Untracked 
| 217|0x000000008d900000, 0x000000008d900000, 0x000000008da00000|  0%| F|  |TAMS 0x000000008d900000, 0x000000008d900000| Untracked 
| 218|0x000000008da00000, 0x000000008da00000, 0x000000008db00000|  0%| F|  |TAMS 0x000000008da00000, 0x000000008da00000| Untracked 
| 219|0x000000008db00000, 0x000000008db00000, 0x000000008dc00000|  0%| F|  |TAMS 0x000000008db00000, 0x000000008db00000| Untracked 
| 220|0x000000008dc00000, 0x000000008dc00000, 0x000000008dd00000|  0%| F|  |TAMS 0x000000008dc00000, 0x000000008dc00000| Untracked 
| 221|0x000000008dd00000, 0x000000008dd00000, 0x000000008de00000|  0%| F|  |TAMS 0x000000008dd00000, 0x000000008dd00000| Untracked 
| 222|0x000000008de00000, 0x000000008de00000, 0x000000008df00000|  0%| F|  |TAMS 0x000000008de00000, 0x000000008de00000| Untracked 
| 223|0x000000008df00000, 0x000000008df00000, 0x000000008e000000|  0%| F|  |TAMS 0x000000008df00000, 0x000000008df00000| Untracked 
| 224|0x000000008e000000, 0x000000008e000000, 0x000000008e100000|  0%| F|  |TAMS 0x000000008e000000, 0x000000008e000000| Untracked 
| 225|0x000000008e100000, 0x000000008e100000, 0x000000008e200000|  0%| F|  |TAMS 0x000000008e100000, 0x000000008e100000| Untracked 
| 226|0x000000008e200000, 0x000000008e300000, 0x000000008e300000|100%| S|CS|TAMS 0x000000008e200000, 0x000000008e200000| Complete 
| 227|0x000000008e300000, 0x000000008e400000, 0x000000008e400000|100%| S|CS|TAMS 0x000000008e300000, 0x000000008e300000| Complete 
| 228|0x000000008e400000, 0x000000008e500000, 0x000000008e500000|100%| S|CS|TAMS 0x000000008e400000, 0x000000008e400000| Complete 
| 229|0x000000008e500000, 0x000000008e600000, 0x000000008e600000|100%| S|CS|TAMS 0x000000008e500000, 0x000000008e500000| Complete 
| 230|0x000000008e600000, 0x000000008e700000, 0x000000008e700000|100%| S|CS|TAMS 0x000000008e600000, 0x000000008e600000| Complete 
| 231|0x000000008e700000, 0x000000008e800000, 0x000000008e800000|100%| S|CS|TAMS 0x000000008e700000, 0x000000008e700000| Complete 
| 232|0x000000008e800000, 0x000000008e900000, 0x000000008e900000|100%| S|CS|TAMS 0x000000008e800000, 0x000000008e800000| Complete 
| 233|0x000000008e900000, 0x000000008e900000, 0x000000008ea00000|  0%| F|  |TAMS 0x000000008e900000, 0x000000008e900000| Untracked 
| 234|0x000000008ea00000, 0x000000008ea00000, 0x000000008eb00000|  0%| F|  |TAMS 0x000000008ea00000, 0x000000008ea00000| Untracked 
| 235|0x000000008eb00000, 0x000000008eb00000, 0x000000008ec00000|  0%| F|  |TAMS 0x000000008eb00000, 0x000000008eb00000| Untracked 
| 236|0x000000008ec00000, 0x000000008ec00000, 0x000000008ed00000|  0%| F|  |TAMS 0x000000008ec00000, 0x000000008ec00000| Untracked 
| 237|0x000000008ed00000, 0x000000008ed00000, 0x000000008ee00000|  0%| F|  |TAMS 0x000000008ed00000, 0x000000008ed00000| Untracked 
| 238|0x000000008ee00000, 0x000000008ee00000, 0x000000008ef00000|  0%| F|  |TAMS 0x000000008ee00000, 0x000000008ee00000| Untracked 
| 239|0x000000008ef00000, 0x000000008ef00000, 0x000000008f000000|  0%| F|  |TAMS 0x000000008ef00000, 0x000000008ef00000| Untracked 
| 240|0x000000008f000000, 0x000000008f000000, 0x000000008f100000|  0%| F|  |TAMS 0x000000008f000000, 0x000000008f000000| Untracked 
| 241|0x000000008f100000, 0x000000008f100000, 0x000000008f200000|  0%| F|  |TAMS 0x000000008f100000, 0x000000008f100000| Untracked 
| 242|0x000000008f200000, 0x000000008f200000, 0x000000008f300000|  0%| F|  |TAMS 0x000000008f200000, 0x000000008f200000| Untracked 
| 243|0x000000008f300000, 0x000000008f300000, 0x000000008f400000|  0%| F|  |TAMS 0x000000008f300000, 0x000000008f300000| Untracked 
| 244|0x000000008f400000, 0x000000008f400000, 0x000000008f500000|  0%| F|  |TAMS 0x000000008f400000, 0x000000008f400000| Untracked 
| 245|0x000000008f500000, 0x000000008f500000, 0x000000008f600000|  0%| F|  |TAMS 0x000000008f500000, 0x000000008f500000| Untracked 
| 246|0x000000008f600000, 0x000000008f600000, 0x000000008f700000|  0%| F|  |TAMS 0x000000008f600000, 0x000000008f600000| Untracked 
| 247|0x000000008f700000, 0x000000008f700000, 0x000000008f800000|  0%| F|  |TAMS 0x000000008f700000, 0x000000008f700000| Untracked 
| 248|0x000000008f800000, 0x000000008f800000, 0x000000008f900000|  0%| F|  |TAMS 0x000000008f800000, 0x000000008f800000| Untracked 
| 249|0x000000008f900000, 0x000000008f900000, 0x000000008fa00000|  0%| F|  |TAMS 0x000000008f900000, 0x000000008f900000| Untracked 
| 250|0x000000008fa00000, 0x000000008fa00000, 0x000000008fb00000|  0%| F|  |TAMS 0x000000008fa00000, 0x000000008fa00000| Untracked 
| 251|0x000000008fb00000, 0x000000008fb00000, 0x000000008fc00000|  0%| F|  |TAMS 0x000000008fb00000, 0x000000008fb00000| Untracked 
| 252|0x000000008fc00000, 0x000000008fc00000, 0x000000008fd00000|  0%| F|  |TAMS 0x000000008fc00000, 0x000000008fc00000| Untracked 
| 253|0x000000008fd00000, 0x000000008fd00000, 0x000000008fe00000|  0%| F|  |TAMS 0x000000008fd00000, 0x000000008fd00000| Untracked 
| 254|0x000000008fe00000, 0x000000008fe00000, 0x000000008ff00000|  0%| F|  |TAMS 0x000000008fe00000, 0x000000008fe00000| Untracked 
| 255|0x000000008ff00000, 0x000000008ff00000, 0x0000000090000000|  0%| F|  |TAMS 0x000000008ff00000, 0x000000008ff00000| Untracked 
| 256|0x0000000090000000, 0x0000000090000000, 0x0000000090100000|  0%| F|  |TAMS 0x0000000090000000, 0x0000000090000000| Untracked 
| 257|0x0000000090100000, 0x0000000090100000, 0x0000000090200000|  0%| F|  |TAMS 0x0000000090100000, 0x0000000090100000| Untracked 
| 258|0x0000000090200000, 0x0000000090200000, 0x0000000090300000|  0%| F|  |TAMS 0x0000000090200000, 0x0000000090200000| Untracked 
| 259|0x0000000090300000, 0x0000000090300000, 0x0000000090400000|  0%| F|  |TAMS 0x0000000090300000, 0x0000000090300000| Untracked 
| 260|0x0000000090400000, 0x0000000090400000, 0x0000000090500000|  0%| F|  |TAMS 0x0000000090400000, 0x0000000090400000| Untracked 
| 261|0x0000000090500000, 0x0000000090500000, 0x0000000090600000|  0%| F|  |TAMS 0x0000000090500000, 0x0000000090500000| Untracked 
| 262|0x0000000090600000, 0x0000000090600000, 0x0000000090700000|  0%| F|  |TAMS 0x0000000090600000, 0x0000000090600000| Untracked 
| 263|0x0000000090700000, 0x0000000090700000, 0x0000000090800000|  0%| F|  |TAMS 0x0000000090700000, 0x0000000090700000| Untracked 
| 264|0x0000000090800000, 0x0000000090800000, 0x0000000090900000|  0%| F|  |TAMS 0x0000000090800000, 0x0000000090800000| Untracked 
| 265|0x0000000090900000, 0x0000000090900000, 0x0000000090a00000|  0%| F|  |TAMS 0x0000000090900000, 0x0000000090900000| Untracked 
| 266|0x0000000090a00000, 0x0000000090a00000, 0x0000000090b00000|  0%| F|  |TAMS 0x0000000090a00000, 0x0000000090a00000| Untracked 
| 267|0x0000000090b00000, 0x0000000090b00000, 0x0000000090c00000|  0%| F|  |TAMS 0x0000000090b00000, 0x0000000090b00000| Untracked 
| 268|0x0000000090c00000, 0x0000000090c00000, 0x0000000090d00000|  0%| F|  |TAMS 0x0000000090c00000, 0x0000000090c00000| Untracked 
| 269|0x0000000090d00000, 0x0000000090d00000, 0x0000000090e00000|  0%| F|  |TAMS 0x0000000090d00000, 0x0000000090d00000| Untracked 
| 270|0x0000000090e00000, 0x0000000090e00000, 0x0000000090f00000|  0%| F|  |TAMS 0x0000000090e00000, 0x0000000090e00000| Untracked 
| 271|0x0000000090f00000, 0x0000000090f00000, 0x0000000091000000|  0%| F|  |TAMS 0x0000000090f00000, 0x0000000090f00000| Untracked 
| 272|0x0000000091000000, 0x0000000091000000, 0x0000000091100000|  0%| F|  |TAMS 0x0000000091000000, 0x0000000091000000| Untracked 
| 273|0x0000000091100000, 0x0000000091100000, 0x0000000091200000|  0%| F|  |TAMS 0x0000000091100000, 0x0000000091100000| Untracked 
| 274|0x0000000091200000, 0x0000000091200000, 0x0000000091300000|  0%| F|  |TAMS 0x0000000091200000, 0x0000000091200000| Untracked 
| 275|0x0000000091300000, 0x0000000091400000, 0x0000000091400000|100%| E|  |TAMS 0x0000000091300000, 0x0000000091300000| Complete 
| 276|0x0000000091400000, 0x0000000091500000, 0x0000000091500000|100%| E|CS|TAMS 0x0000000091400000, 0x0000000091400000| Complete 
| 277|0x0000000091500000, 0x0000000091600000, 0x0000000091600000|100%| E|CS|TAMS 0x0000000091500000, 0x0000000091500000| Complete 
| 278|0x0000000091600000, 0x0000000091700000, 0x0000000091700000|100%| E|CS|TAMS 0x0000000091600000, 0x0000000091600000| Complete 
| 279|0x0000000091700000, 0x0000000091800000, 0x0000000091800000|100%| E|CS|TAMS 0x0000000091700000, 0x0000000091700000| Complete 
| 280|0x0000000091800000, 0x0000000091900000, 0x0000000091900000|100%| E|CS|TAMS 0x0000000091800000, 0x0000000091800000| Complete 
| 281|0x0000000091900000, 0x0000000091a00000, 0x0000000091a00000|100%| E|CS|TAMS 0x0000000091900000, 0x0000000091900000| Complete 
| 282|0x0000000091a00000, 0x0000000091b00000, 0x0000000091b00000|100%| E|CS|TAMS 0x0000000091a00000, 0x0000000091a00000| Complete 
| 283|0x0000000091b00000, 0x0000000091c00000, 0x0000000091c00000|100%| E|CS|TAMS 0x0000000091b00000, 0x0000000091b00000| Complete 

Card table byte_map: [0x00000295adea0000,0x00000295ae2a0000] _byte_map_base: 0x00000295adaa0000

Marking Bits (Prev, Next): (CMBitMap*) 0x00000295b26a00d0, (CMBitMap*) 0x00000295b26a0098
 Prev Bits: [0x00000295b06a0000, 0x00000295b26a0000)
 Next Bits: [0x00000295ae6a0000, 0x00000295b06a0000)

Polling page: 0x0000029596b70000

Metaspace:

Usage:
  Non-class:    110.04 MB capacity,   107.38 MB ( 98%) used,     2.28 MB (  2%) free+waste,   393.00 KB ( <1%) overhead. 
      Class:     17.40 MB capacity,    15.79 MB ( 91%) used,     1.43 MB (  8%) free+waste,   178.94 KB (  1%) overhead. 
       Both:    127.44 MB capacity,   123.17 MB ( 97%) used,     3.71 MB (  3%) free+waste,   571.94 KB ( <1%) overhead. 

Virtual space:
  Non-class space:      112.00 MB reserved,     110.08 MB ( 98%) committed 
      Class space:      504.00 MB reserved,      17.50 MB (  3%) committed 
             Both:      616.00 MB reserved,     127.58 MB ( 21%) committed 

Chunk freelists:
   Non-Class:  256 bytes
       Class:  0 bytes
        Both:  256 bytes

CodeHeap 'non-profiled nmethods': size=120064Kb used=11580Kb max_used=11617Kb free=108483Kb
 bounds [0x00000295a6560000, 0x00000295a70c0000, 0x00000295adaa0000]
CodeHeap 'profiled nmethods': size=120000Kb used=37279Kb max_used=37279Kb free=82720Kb
 bounds [0x000002959f030000, 0x00000295a14b0000, 0x00000295a6560000]
CodeHeap 'non-nmethods': size=5696Kb used=2345Kb max_used=2403Kb free=3350Kb
 bounds [0x000002959eaa0000, 0x000002959ed10000, 0x000002959f030000]
 total_blobs=18065 nmethods=17092 adapters=883
 compilation: enabled
              stopped_count=0, restarted_count=0
 full_count=0

Compilation events (10 events):
Event: 225.359 Thread 0x00000295b5470800 nmethod 18696 0x00000295a1475090 code [0x00000295a1475220, 0x00000295a14753d8]
Event: 225.361 Thread 0x00000295b5470800 18697       3       java.util.Formatter$FormatSpecifier::printString (107 bytes)
Event: 225.363 Thread 0x00000295b5470800 nmethod 18697 0x00000295a1475490 code [0x00000295a14757a0, 0x00000295a1476928]
Event: 225.363 Thread 0x00000295b5470800 18698       3       com.google.common.base.Preconditions::checkArgument (29 bytes)
Event: 225.364 Thread 0x00000295b5470800 nmethod 18698 0x00000295a1476f90 code [0x00000295a1477160, 0x00000295a14776d8]
Event: 225.364 Thread 0x00000295b5470800 18699       3       com.google.common.reflect.Types$JavaVersion$4::usedInGenericType (8 bytes)
Event: 225.365 Thread 0x00000295b5470800 nmethod 18699 0x00000295a1477890 code [0x00000295a1477a60, 0x00000295a1477e88]
Event: 225.374 Thread 0x00000295b5470800 18700       1       com.android.build.gradle.internal.tasks.AarMetadataTask_Decorated::getModelIdentityDisplayName (5 bytes)
Event: 225.374 Thread 0x00000295b5470800 nmethod 18700 0x00000295a6a72110 code [0x00000295a6a722a0, 0x00000295a6a72358]
Event: 225.378 Thread 0x00000295b5470800 18701       3       jdk.internal.reflect.AccessorGenerator::emitBoxingContantPoolEntries (1437 bytes)

GC Heap History (10 events):
Event: 202.644 GC heap before
{Heap before GC invocations=90 (full 0):
 garbage-first heap   total 290816K, used 246434K [0x0000000080000000, 0x0000000100000000)
  region size 1024K, 51 young (52224K), 7 survivors (7168K)
 Metaspace       used 122943K, capacity 127004K, committed 127312K, reserved 626688K
  class space    used 15784K, capacity 17330K, committed 17408K, reserved 516096K
}
Event: 202.665 GC heap after
{Heap after GC invocations=91 (full 0):
 garbage-first heap   total 290816K, used 206514K [0x0000000080000000, 0x0000000100000000)
  region size 1024K, 4 young (4096K), 4 survivors (4096K)
 Metaspace       used 122943K, capacity 127004K, committed 127312K, reserved 626688K
  class space    used 15784K, capacity 17330K, committed 17408K, reserved 516096K
}
Event: 223.974 GC heap before
{Heap before GC invocations=92 (full 0):
 garbage-first heap   total 290816K, used 248498K [0x0000000080000000, 0x0000000100000000)
  region size 1024K, 46 young (47104K), 4 survivors (4096K)
 Metaspace       used 125529K, capacity 129720K, committed 130000K, reserved 628736K
  class space    used 16123K, capacity 17725K, committed 17792K, reserved 516096K
}
Event: 223.996 GC heap after
{Heap after GC invocations=93 (full 0):
 garbage-first heap   total 290816K, used 212513K [0x0000000080000000, 0x0000000100000000)
  region size 1024K, 6 young (6144K), 6 survivors (6144K)
 Metaspace       used 125529K, capacity 129720K, committed 130000K, reserved 628736K
  class space    used 16123K, capacity 17725K, committed 17792K, reserved 516096K
}
Event: 224.126 GC heap before
{Heap before GC invocations=93 (full 0):
 garbage-first heap   total 290816K, used 220705K [0x0000000080000000, 0x0000000100000000)
  region size 1024K, 14 young (14336K), 6 survivors (6144K)
 Metaspace       used 125535K, capacity 129720K, committed 130000K, reserved 628736K
  class space    used 16123K, capacity 17725K, committed 17792K, reserved 516096K
}
Event: 224.162 GC heap after
{Heap after GC invocations=94 (full 0):
 garbage-first heap   total 290816K, used 190868K [0x0000000080000000, 0x0000000100000000)
  region size 1024K, 2 young (2048K), 2 survivors (2048K)
 Metaspace       used 125535K, capacity 129720K, committed 130000K, reserved 628736K
  class space    used 16123K, capacity 17725K, committed 17792K, reserved 516096K
}
Event: 224.285 GC heap before
{Heap before GC invocations=94 (full 0):
 garbage-first heap   total 290816K, used 202132K [0x0000000080000000, 0x0000000100000000)
  region size 1024K, 14 young (14336K), 2 survivors (2048K)
 Metaspace       used 125538K, capacity 129720K, committed 130000K, reserved 628736K
  class space    used 16123K, capacity 17725K, committed 17792K, reserved 516096K
}
Event: 224.329 GC heap after
{Heap after GC invocations=95 (full 0):
 garbage-first heap   total 290816K, used 182598K [0x0000000080000000, 0x0000000100000000)
  region size 1024K, 2 young (2048K), 2 survivors (2048K)
 Metaspace       used 125538K, capacity 129720K, committed 130000K, reserved 628736K
  class space    used 16123K, capacity 17725K, committed 17792K, reserved 516096K
}
Event: 225.145 GC heap before
{Heap before GC invocations=95 (full 0):
 garbage-first heap   total 290816K, used 232774K [0x0000000080000000, 0x0000000100000000)
  region size 1024K, 51 young (52224K), 2 survivors (2048K)
 Metaspace       used 125967K, capacity 130286K, committed 130512K, reserved 630784K
  class space    used 16158K, capacity 17790K, committed 17792K, reserved 516096K
}
Event: 225.175 GC heap after
{Heap after GC invocations=96 (full 0):
 garbage-first heap   total 290816K, used 193988K [0x0000000080000000, 0x0000000100000000)
  region size 1024K, 7 young (7168K), 7 survivors (7168K)
 Metaspace       used 125967K, capacity 130286K, committed 130512K, reserved 630784K
  class space    used 16158K, capacity 17790K, committed 17792K, reserved 516096K
}

Deoptimization events (10 events):
Event: 203.744 Thread 0x00000295b753c000 Uncommon trap: reason=bimorphic_or_optimized_type_check action=maybe_recompile pc=0x00000295a6ee3048 method=org.gradle.internal.resources.ExclusiveAccessResourceLock.acquireLock()Z @ 22 c2
Event: 203.780 Thread 0x00000295b753c000 Uncommon trap: reason=bimorphic_or_optimized_type_check action=maybe_recompile pc=0x00000295a6ee3048 method=org.gradle.internal.resources.ExclusiveAccessResourceLock.acquireLock()Z @ 22 c2
Event: 203.907 Thread 0x00000295c30a8800 Uncommon trap: reason=unstable_if action=reinterpret pc=0x00000295a7007910 method=org.gradle.api.internal.file.collections.UnpackingVisitor.add(Ljava/lang/Object;)V @ 146 c2
Event: 223.911 Thread 0x00000295b753c000 Uncommon trap: reason=class_check action=make_not_entrant pc=0x00000295a675b79c method=com.google.common.collect.Platform.copy([Ljava/lang/Object;II[Ljava/lang/Object;)[Ljava/lang/Object; @ 7 c2
Event: 224.487 Thread 0x00000295b6e66000 Uncommon trap: reason=unstable_if action=reinterpret pc=0x00000295a6c09cb8 method=com.esotericsoftware.kryo.io.Output.writeVarLong(JZ)I @ 55 c2
Event: 224.785 Thread 0x00000295b75a6800 Uncommon trap: reason=unstable_if action=reinterpret pc=0x00000295a6c11010 method=java.util.concurrent.ConcurrentLinkedQueue.offer(Ljava/lang/Object;)Z @ 96 c2
Event: 225.112 Thread 0x00000295b753c000 Uncommon trap: reason=bimorphic_or_optimized_type_check action=maybe_recompile pc=0x00000295a6ee3048 method=org.gradle.internal.resources.ExclusiveAccessResourceLock.acquireLock()Z @ 22 c2
Event: 225.190 Thread 0x00000295b753c000 Uncommon trap: reason=unstable_if action=reinterpret pc=0x00000295a6e5346c method=com.google.common.collect.MapMakerInternalMap$Segment.getEntry(Ljava/lang/Object;I)Lcom/google/common/collect/MapMakerInternalMap$InternalEntry; @ 40 c2
Event: 225.193 Thread 0x00000295b753c000 Uncommon trap: reason=unstable_if action=reinterpret pc=0x00000295a69b6be8 method=com.google.common.collect.MapMakerInternalMap$Segment.getEntry(Ljava/lang/Object;I)Lcom/google/common/collect/MapMakerInternalMap$InternalEntry; @ 40 c2
Event: 225.234 Thread 0x00000295b753c000 Uncommon trap: reason=profile_predicate action=maybe_recompile pc=0x00000295a6dee96c method=java.util.regex.Pattern$BnM.optimize(Ljava/util/regex/Pattern$Node;)Ljava/util/regex/Pattern$Node; @ 67 c2

Classes redefined (0 events):
No events

Internal exceptions (10 events):
Event: 224.450 Thread 0x00000295b753c000 Exception <a 'java/lang/NoClassDefFoundError'{0x000000009150ad90}: org/jetbrains/kotlin/gradle/plugin/KotlinBasePluginWrapper> (0x000000009150ad90) thrown at [./open/src/hotspot/share/oops/constantPool.cpp, line 770]
Event: 224.645 Thread 0x00000295b753c000 Exception <a 'java/lang/NoClassDefFoundError'{0x00000000908ced08}: org/jetbrains/kotlin/gradle/plugin/KotlinBasePluginWrapper> (0x00000000908ced08) thrown at [./open/src/hotspot/share/oops/constantPool.cpp, line 770]
Event: 224.937 Thread 0x00000295b753c000 Exception <a 'java/lang/NoClassDefFoundError'{0x000000008f40cba0}: org/jetbrains/kotlin/gradle/plugin/KotlinBasePluginWrapper> (0x000000008f40cba0) thrown at [./open/src/hotspot/share/oops/constantPool.cpp, line 770]
Event: 225.012 Thread 0x00000295b753c000 Exception <a 'java/lang/NoClassDefFoundError'{0x000000008f0ac058}: org/jetbrains/kotlin/gradle/plugin/KotlinBasePluginWrapper> (0x000000008f0ac058) thrown at [./open/src/hotspot/share/oops/constantPool.cpp, line 770]
Event: 225.084 Thread 0x00000295b753c000 Exception <a 'java/lang/NoClassDefFoundError'{0x000000008ec71cf0}: org/jetbrains/kotlin/gradle/plugin/KotlinBasePluginWrapper> (0x000000008ec71cf0) thrown at [./open/src/hotspot/share/oops/constantPool.cpp, line 770]
Event: 225.124 Thread 0x00000295b753c000 Exception <a 'sun/nio/fs/WindowsException'{0x000000008e93c308}> (0x000000008e93c308) thrown at [./open/src/hotspot/share/prims/jni.cpp, line 611]
Event: 225.138 Thread 0x00000295b753c000 Exception <a 'sun/nio/fs/WindowsException'{0x000000008e9d9148}> (0x000000008e9d9148) thrown at [./open/src/hotspot/share/prims/jni.cpp, line 611]
Event: 225.138 Thread 0x00000295b753c000 Exception <a 'sun/nio/fs/WindowsException'{0x000000008e9da4c0}> (0x000000008e9da4c0) thrown at [./open/src/hotspot/share/prims/jni.cpp, line 611]
Event: 225.138 Thread 0x00000295b753c000 Exception <a 'sun/nio/fs/WindowsException'{0x000000008e9db888}> (0x000000008e9db888) thrown at [./open/src/hotspot/share/prims/jni.cpp, line 611]
Event: 225.138 Thread 0x00000295b753c000 Exception <a 'sun/nio/fs/WindowsException'{0x000000008e9dcc50}> (0x000000008e9dcc50) thrown at [./open/src/hotspot/share/prims/jni.cpp, line 611]

Events (10 events):
Event: 225.175 Executing VM operation: G1CollectForAllocation done
Event: 225.190 Thread 0x00000295b753c000 Uncommon trap: trap_request=0xffffff4d fr.pc=0x00000295a6e5346c relative=0x000000000000044c
Event: 225.190 Thread 0x00000295b753c000 DEOPT PACKING pc=0x00000295a6e5346c sp=0x000000c799df88b0
Event: 225.190 Thread 0x00000295b753c000 DEOPT UNPACKING pc=0x000002959eac65af sp=0x000000c799df8780 mode 2
Event: 225.193 Thread 0x00000295b753c000 Uncommon trap: trap_request=0xffffff4d fr.pc=0x00000295a69b6be8 relative=0x0000000000000228
Event: 225.193 Thread 0x00000295b753c000 DEOPT PACKING pc=0x00000295a69b6be8 sp=0x000000c799df8770
Event: 225.193 Thread 0x00000295b753c000 DEOPT UNPACKING pc=0x000002959eac65af sp=0x000000c799df8728 mode 2
Event: 225.234 Thread 0x00000295b753c000 Uncommon trap: trap_request=0xffffffbe fr.pc=0x00000295a6dee96c relative=0x0000000000000bec
Event: 225.234 Thread 0x00000295b753c000 DEOPT PACKING pc=0x00000295a6dee96c sp=0x000000c799df62f0
Event: 225.234 Thread 0x00000295b753c000 DEOPT UNPACKING pc=0x000002959eac65af sp=0x000000c799df6248 mode 2


Dynamic libraries:
0x00007ff7c2ef0000 - 0x00007ff7c2eff000 	C:\Program Files\Java\jdk-11.0.17\bin\java.exe
0x00007ff964640000 - 0x00007ff964830000 	C:\Windows\SYSTEM32\ntdll.dll
0x00007ff962ed0000 - 0x00007ff962f82000 	C:\Windows\System32\KERNEL32.DLL
0x00007ff961730000 - 0x00007ff9619d3000 	C:\Windows\System32\KERNELBASE.dll
0x00007ff9619e0000 - 0x00007ff961ada000 	C:\Windows\System32\ucrtbase.dll
0x00007ff91bfe0000 - 0x00007ff91bff5000 	C:\Program Files\Java\jdk-11.0.17\bin\VCRUNTIME140.dll
0x00007ff91c000000 - 0x00007ff91c018000 	C:\Program Files\Java\jdk-11.0.17\bin\jli.dll
0x00007ff963f70000 - 0x00007ff964013000 	C:\Windows\System32\ADVAPI32.dll
0x00007ff964020000 - 0x00007ff9640be000 	C:\Windows\System32\msvcrt.dll
0x00007ff963490000 - 0x00007ff963527000 	C:\Windows\System32\sechost.dll
0x00007ff963530000 - 0x00007ff963650000 	C:\Windows\System32\RPCRT4.dll
0x00007ff9630f0000 - 0x00007ff963283000 	C:\Windows\System32\USER32.dll
0x00007ff9616e0000 - 0x00007ff961701000 	C:\Windows\System32\win32u.dll
0x00007ff954380000 - 0x00007ff954605000 	C:\Windows\WinSxS\amd64_microsoft.windows.common-controls_6595b64144ccf1df_6.0.18362.356_none_e6c4af7d130f27cc\COMCTL32.dll
0x00007ff962ce0000 - 0x00007ff962d06000 	C:\Windows\System32\GDI32.dll
0x00007ff9629a0000 - 0x00007ff962cd6000 	C:\Windows\System32\combase.dll
0x00007ff962550000 - 0x00007ff9626e4000 	C:\Windows\System32\gdi32full.dll
0x00007ff961b30000 - 0x00007ff961bce000 	C:\Windows\System32\msvcp_win.dll
0x00007ff9624a0000 - 0x00007ff962520000 	C:\Windows\System32\bcryptPrimitives.dll
0x00007ff9612c0000 - 0x00007ff9612ca000 	C:\Windows\SYSTEM32\VERSION.dll
0x00007ff962f90000 - 0x00007ff962fbe000 	C:\Windows\System32\IMM32.DLL
0x00007ff9612d0000 - 0x00007ff961306000 	C:\Windows\system32\DriverStore\FileRepository\nvdmi.inf_amd64_b79991c48f5211ac\nvinitx.dll
0x00007ff9636c0000 - 0x00007ff963da5000 	C:\Windows\System32\Shell32.dll
0x00007ff961ae0000 - 0x00007ff961b2a000 	C:\Windows\System32\cfgmgr32.dll
0x00007ff963ec0000 - 0x00007ff963f69000 	C:\Windows\System32\shcore.dll
0x00007ff961d20000 - 0x00007ff96249e000 	C:\Windows\System32\windows.storage.dll
0x00007ff961520000 - 0x00007ff96153f000 	C:\Windows\System32\profapi.dll
0x00007ff961540000 - 0x00007ff96158a000 	C:\Windows\System32\powrprof.dll
0x00007ff961510000 - 0x00007ff961520000 	C:\Windows\System32\UMPDC.dll
0x00007ff963e60000 - 0x00007ff963eb2000 	C:\Windows\System32\shlwapi.dll
0x00007ff9615b0000 - 0x00007ff9615c1000 	C:\Windows\System32\kernel.appcore.dll
0x00007ff961710000 - 0x00007ff961727000 	C:\Windows\System32\cryptsp.dll
0x00000000643c0000 - 0x00000000643c6000 	C:\Program Files\NVIDIA Corporation\CoProcManager\_etoured.dll
0x00007ff958ae0000 - 0x00007ff958b23000 	C:\Program Files\NVIDIA Corporation\CoProcManager\nvd3d9wrapx.dll
0x00007ff964190000 - 0x00007ff964600000 	C:\Windows\System32\SETUPAPI.dll
0x00007ff962520000 - 0x00007ff962546000 	C:\Windows\System32\bcrypt.dll
0x00007ff9600d0000 - 0x00007ff9600f0000 	C:\Windows\SYSTEM32\dxcore.dll
0x00007ff958ab0000 - 0x00007ff958add000 	C:\Program Files\NVIDIA Corporation\CoProcManager\nvdxgiwrapx.dll
0x00000000632e0000 - 0x00000000632ec000 	C:\Program Files (x86)\360\Total Security\safemon\SafeWrapper.dll
0x00007ff91baa0000 - 0x00007ff91bb32000 	C:\Program Files (x86)\360\Total Security\safemon\libzdtp64.dll
0x00007ff91b920000 - 0x00007ff91b9bb000 	C:\Program Files\Java\jdk-11.0.17\bin\msvcp140.dll
0x00007ff919200000 - 0x00007ff919d1a000 	C:\Program Files\Java\jdk-11.0.17\bin\server\jvm.dll
0x00007ff962770000 - 0x00007ff962778000 	C:\Windows\System32\PSAPI.DLL
0x00007ff95eda0000 - 0x00007ff95edc4000 	C:\Windows\SYSTEM32\WINMM.dll
0x00007ff91bb40000 - 0x00007ff91bb49000 	C:\Windows\SYSTEM32\WSOCK32.dll
0x00007ff962e50000 - 0x00007ff962ebf000 	C:\Windows\System32\WS2_32.dll
0x00007ff95ed70000 - 0x00007ff95ed9d000 	C:\Windows\SYSTEM32\winmmbase.dll
0x00007ff91bb60000 - 0x00007ff91bb70000 	C:\Program Files\Java\jdk-11.0.17\bin\verify.dll
0x00007ff9479e0000 - 0x00007ff947bd4000 	C:\Windows\SYSTEM32\DBGHELP.DLL
0x00007ff947970000 - 0x00007ff94799a000 	C:\Windows\SYSTEM32\dbgcore.DLL
0x00007ff91ba70000 - 0x00007ff91ba98000 	C:\Program Files\Java\jdk-11.0.17\bin\java.dll
0x00007ff91bb50000 - 0x00007ff91bb5a000 	C:\Program Files\Java\jdk-11.0.17\bin\jimage.dll
0x00007ff91ba50000 - 0x00007ff91ba66000 	C:\Program Files\Java\jdk-11.0.17\bin\zip.dll
0x00007ff91ba30000 - 0x00007ff91ba49000 	C:\Program Files\Java\jdk-11.0.17\bin\net.dll
0x00007ff953960000 - 0x00007ff953a50000 	C:\Windows\SYSTEM32\WINHTTP.dll
0x00007ff960c70000 - 0x00007ff960cd7000 	C:\Windows\system32\mswsock.dll
0x00007ff91ba10000 - 0x00007ff91ba22000 	C:\Program Files\Java\jdk-11.0.17\bin\nio.dll
0x00007ff9227b0000 - 0x00007ff9227d7000 	C:\Users\alaqsa\.gradle\native\e1d6ef7f7dcc3fd88c89a11ec53ec762bb8ba0a96d01ffa2cd45eb1d1d8dd5c5\windows-amd64\native-platform.dll
0x00007ff9183c0000 - 0x00007ff918504000 	C:\Users\alaqsa\.gradle\native\0d407fdbe67a94daf76414ababcb853783967236a71b16ec16e742cd7a986fd3\windows-amd64\native-platform-file-events.dll
0x00007ff95df60000 - 0x00007ff95df69000 	C:\Program Files\Java\jdk-11.0.17\bin\management.dll
0x00007ff953d70000 - 0x00007ff953d7b000 	C:\Program Files\Java\jdk-11.0.17\bin\management_ext.dll
0x00007ff9607e0000 - 0x00007ff960813000 	C:\Windows\system32\rsaenh.dll
0x00007ff961430000 - 0x00007ff961455000 	C:\Windows\SYSTEM32\USERENV.dll
0x00007ff960e40000 - 0x00007ff960e4c000 	C:\Windows\SYSTEM32\CRYPTBASE.dll
0x00007ff960980000 - 0x00007ff9609ba000 	C:\Windows\SYSTEM32\IPHLPAPI.DLL
0x00007ff963650000 - 0x00007ff963658000 	C:\Windows\System32\NSI.dll
0x00007ff958770000 - 0x00007ff958786000 	C:\Windows\SYSTEM32\dhcpcsvc6.DLL
0x00007ff958920000 - 0x00007ff95893c000 	C:\Windows\SYSTEM32\dhcpcsvc.DLL
0x00007ff9609c0000 - 0x00007ff960a8a000 	C:\Windows\SYSTEM32\DNSAPI.dll
0x00007ff952a40000 - 0x00007ff952a4a000 	C:\Windows\System32\rasadhlp.dll
0x00007ff958690000 - 0x00007ff958707000 	C:\Windows\System32\fwpuclnt.dll
0x00007ff9344e0000 - 0x00007ff934505000 	C:\Program Files\Java\jdk-11.0.17\bin\sunec.dll
0x00007ff9418b0000 - 0x00007ff9418bd000 	C:\Program Files\Java\jdk-11.0.17\bin\sunmscapi.dll
0x00007ff961bd0000 - 0x00007ff961d19000 	C:\Windows\System32\CRYPT32.dll
0x00007ff961590000 - 0x00007ff9615a2000 	C:\Windows\System32\MSASN1.dll
0x00007ff960fa0000 - 0x00007ff960fc6000 	C:\Windows\SYSTEM32\ncrypt.dll
0x00007ff960f00000 - 0x00007ff960f3b000 	C:\Windows\SYSTEM32\NTASN1.dll

dbghelp: loaded successfully - version: 4.0.5 - missing functions: none
symbol engine: initialized successfully - sym options: 0x614 - pdb path: .;C:\Program Files\Java\jdk-11.0.17\bin;C:\Windows\SYSTEM32;C:\Windows\WinSxS\amd64_microsoft.windows.common-controls_6595b64144ccf1df_6.0.18362.356_none_e6c4af7d130f27cc;C:\Windows\system32\DriverStore\FileRepository\nvdmi.inf_amd64_b79991c48f5211ac;C:\Program Files\NVIDIA Corporation\CoProcManager;C:\Program Files (x86)\360\Total Security\safemon;C:\Program Files\Java\jdk-11.0.17\bin\server;C:\Users\alaqsa\.gradle\native\e1d6ef7f7dcc3fd88c89a11ec53ec762bb8ba0a96d01ffa2cd45eb1d1d8dd5c5\windows-amd64;C:\Users\alaqsa\.gradle\native\0d407fdbe67a94daf76414ababcb853783967236a71b16ec16e742cd7a986fd3\windows-amd64

VM Arguments:
jvm_args: -XX:MaxMetaspaceSize=512m --add-opens=java.base/java.util=ALL-UNNAMED --add-opens=java.base/java.lang=ALL-UNNAMED --add-opens=java.base/java.lang.invoke=ALL-UNNAMED --add-opens=java.base/java.util=ALL-UNNAMED --add-opens=java.prefs/java.util.prefs=ALL-UNNAMED --add-opens=java.prefs/java.util.prefs=ALL-UNNAMED --add-opens=java.base/java.nio.charset=ALL-UNNAMED --add-opens=java.base/java.net=ALL-UNNAMED --add-opens=java.base/java.util.concurrent.atomic=ALL-UNNAMED -Xmx2048m -Dfile.encoding=windows-1252 -Duser.country=US -Duser.language=en -Duser.variant 
java_command: org.gradle.launcher.daemon.bootstrap.GradleDaemon 7.5.1
java_class_path (initial): C:\Users\alaqsa\.gradle\wrapper\dists\gradle-7.5.1-all\1ehga6e77gqps5uk2kc5kf1vc\gradle-7.5.1\lib\gradle-launcher-7.5.1.jar
Launcher Type: SUN_STANDARD

[Global flags]
     intx CICompilerCount                          = 3                                         {product} {ergonomic}
   size_t CompressedClassSpaceSize                 = 528482304                                 {product} {ergonomic}
     uint ConcGCThreads                            = 1                                         {product} {ergonomic}
     uint G1ConcRefinementThreads                  = 4                                         {product} {ergonomic}
   size_t G1HeapRegionSize                         = 1048576                                   {product} {ergonomic}
    uintx GCDrainStackTargetSize                   = 64                                        {product} {ergonomic}
   size_t InitialHeapSize                          = 134217728                                 {product} {ergonomic}
   size_t MarkStackSize                            = 4194304                                   {product} {ergonomic}
   size_t MaxHeapSize                              = 2147483648                                {product} {command line}
   size_t MaxMetaspaceSize                         = 536870912                                 {product} {command line}
   size_t MaxNewSize                               = 1287651328                                {product} {ergonomic}
   size_t MinHeapDeltaBytes                        = 1048576                                   {product} {ergonomic}
    uintx NonNMethodCodeHeapSize                   = 5830732                                {pd product} {ergonomic}
    uintx NonProfiledCodeHeapSize                  = 122913754                              {pd product} {ergonomic}
    uintx ProfiledCodeHeapSize                     = 122913754                              {pd product} {ergonomic}
    uintx ReservedCodeCacheSize                    = 251658240                              {pd product} {ergonomic}
     bool SegmentedCodeCache                       = true                                      {product} {ergonomic}
     bool UseCompressedClassPointers               = true                                 {lp64_product} {ergonomic}
     bool UseCompressedOops                        = true                                 {lp64_product} {ergonomic}
     bool UseG1GC                                  = true                                      {product} {ergonomic}
     bool UseLargePagesIndividualAllocation        = false                                  {pd product} {ergonomic}

Logging:
Log output configuration:
 #0: stdout all=warning uptime,level,tags
 #1: stderr all=off uptime,level,tags

Environment Variables:
JAVA_HOME=C:\Program Files\Java\jdk-11.0.17
CLASSPATH=E:\rnprojects\HfProject\android\\gradle\wrapper\gradle-wrapper.jar
PATH=E:\rnprojects\HfProject\android\node_modules\.bin;E:\rnprojects\HfProject\node_modules\.bin;E:\rnprojects\node_modules\.bin;E:\node_modules\.bin;C:\Program Files\nodejs;E:\rnprojects\HfProject\node_modules\.bin;E:\rnprojects\node_modules\.bin;E:\node_modules\.bin;C:\Users\alaqsa\AppData\Roaming\npm\node_modules\npm\node_modules\@npmcli\run-script\lib\node-gyp-bin;C:\Program Files\Common Files\Oracle\Java\javapath;C:\Windows\system32;C:\Windows;C:\Windows\System32\Wbem;C:\Windows\System32\WindowsPowerShell\v1.0\;C:\Windows\System32\OpenSSH\;C:\Program Files (x86)\NVIDIA Corporation\PhysX\Common;C:\Program Files\Git\cmd;C:\Program Files\nodejs\;C:\Users\alaqsa\AppData\Local\Microsoft\WindowsApps;C:\Users\alaqsa\AppData\Roaming\npm;C:\Users\alaqsa\AppData\Local\Android\Sdk;C:\Users\alaqsa\AppData\Local\Android\Sdk\platform-tools;C:\Users\alaqsa\AppData\Local\Android\Sdk\build-tools;C:\Users\alaqsa\AppData\Local\Android\Sdk\emulator;C:\Users\alaqsa\AppData\Local\Programs\Microsoft VS Code\bin;C:\Program Files\Java\jdk-11.0.17\bin
USERNAME=alaqsa
OS=Windows_NT
PROCESSOR_IDENTIFIER=Intel64 Family 6 Model 42 Stepping 7, GenuineIntel



---------------  S Y S T E M  ---------------

OS: Windows 10 , 64 bit Build 18362 (10.0.18362.329)

CPU:total 4 (initial active 4) (2 cores per cpu, 2 threads per core) family 6 model 42 stepping 7 microcode 0x2e, cmov, cx8, fxsr, mmx, sse, sse2, sse3, ssse3, sse4.1, sse4.2, popcnt, avx, aes, clmul, ht, tsc, tscinvbit

Memory: 4k page, system-wide physical 8098M (2887M free)
TotalPageFile size 11042M (AvailPageFile size 5503M)
current process WorkingSet (physical memory assigned to process): 622M, peak: 623M
current process commit charge ("private bytes"): 660M, peak: 663M

vm_info: Java HotSpot(TM) 64-Bit Server VM (11.0.17+10-LTS-269) for windows-amd64 JRE (11.0.17+10-LTS-269), built on Sep 13 2022 19:26:37 by "mach5one" with MS VC++ 15.9 (VS2017)

END.
