#
# A fatal error has been detected by the Java Runtime Environment:
#
#  EXCEPTION_ACCESS_VIOLATION (0xc0000005) at pc=0x00007ffbc530af30, pid=2948, tid=2060
#
# JRE version: Java(TM) SE Runtime Environment 18.9 (11.0.17+10) (build 11.0.17+10-LTS-269)
# Java VM: Java HotSpot(TM) 64-Bit Server VM 18.9 (11.0.17+10-LTS-269, mixed mode, tiered, compressed oops, g1 gc, windows-amd64)
# Problematic frame:
# V  [jvm.dll+0x60af30]
#
# No core dump will be written. Minidumps are not enabled by default on client versions of Windows
#
# If you would like to submit a bug report, please visit:
#   https://bugreport.java.com/bugreport/crash.jsp
#

---------------  S U M M A R Y ------------

Command Line: -XX:MaxMetaspaceSize=512m --add-opens=java.base/java.util=ALL-UNNAMED --add-opens=java.base/java.lang=ALL-UNNAMED --add-opens=java.base/java.lang.invoke=ALL-UNNAMED --add-opens=java.base/java.util=ALL-UNNAMED --add-opens=java.prefs/java.util.prefs=ALL-UNNAMED --add-opens=java.prefs/java.util.prefs=ALL-UNNAMED --add-opens=java.base/java.nio.charset=ALL-UNNAMED --add-opens=java.base/java.net=ALL-UNNAMED --add-opens=java.base/java.util.concurrent.atomic=ALL-UNNAMED -Xmx2048m -Dfile.encoding=windows-1252 -Duser.country=US -Duser.language=en -Duser.variant org.gradle.launcher.daemon.bootstrap.GradleDaemon 7.5.1

Host: Intel(R) Core(TM) i5-2430M CPU @ 2.40GHz, 4 cores, 7G,  Windows 10 , 64 bit Build 18362 (10.0.18362.329)
Time: Mon Mar 13 13:08:07 2023 Pacific Daylight Time elapsed time: 87.341321 seconds (0d 0h 1m 27s)

---------------  T H R E A D  ---------------

Current thread (0x000001f7ff995000):  JavaThread "C2 CompilerThread0" daemon [_thread_in_native, id=2060, stack(0x0000004a93900000,0x0000004a93a00000)]


Current CompileTask:
C2:  87341 10067   !   4       org.gradle.api.internal.attributes.DefaultImmutableAttributesFactory::doConcatIsolatable (128 bytes)

Stack: [0x0000004a93900000,0x0000004a93a00000],  sp=0x0000004a939fb600,  free space=1005k
Native frames: (J=compiled Java code, j=interpreted, Vv=VM code, C=native code)
V  [jvm.dll+0x60af30]
V  [jvm.dll+0x65c530]
V  [jvm.dll+0x65b248]
V  [jvm.dll+0x18cf1d]
V  [jvm.dll+0x1f8815]
V  [jvm.dll+0x1f78fd]
V  [jvm.dll+0x177c91]
V  [jvm.dll+0x207296]
V  [jvm.dll+0x20542b]
V  [jvm.dll+0x72b2c0]
V  [jvm.dll+0x723e64]
V  [jvm.dll+0x62a485]
C  [ucrtbase.dll+0x1d9f2]
C  [KERNEL32.DLL+0x17bd4]
C  [ntdll.dll+0x6cee1]


siginfo: EXCEPTION_ACCESS_VIOLATION (0xc0000005), reading address 0x000001f7ff3dfff8


Register to memory mapping:

RIP=0x00007ffbc530af30 jvm.dll
RAX=0x0000000000000005 is an unknown value
RBX=0x000001f7ffc87828 points into unknown readable memory: 0x00007ffbc552e250 | 50 e2 52 c5 fb 7f 00 00
RCX=0x000001f79e9833d8 points into unknown readable memory: 0x00007ffbc552e190 | 90 e1 52 c5 fb 7f 00 00
RDX=0x000001f7ff3e0000 points into unknown readable memory: 0x0000000000000000 | 00 00 00 00 00 00 00 00
RSP=0x0000004a939fb600 is pointing into the stack for thread: 0x000001f7ff995000
RBP=0x0 is NULL
RSI=0x000001f7ffc87828 points into unknown readable memory: 0x00007ffbc552e250 | 50 e2 52 c5 fb 7f 00 00
RDI=0x0 is NULL
R8 =0x000001f7ffc87880 points into unknown readable memory: 0x000001f79e9833d8 | d8 33 98 9e f7 01 00 00
R9 =0x0 is NULL
R10=0x0000000000000003 is an unknown value
R11=0x000001f7ff487908 points into unknown readable memory: 0x0000000000000000 | 00 00 00 00 00 00 00 00
R12=0x0000004a939fe290 is pointing into the stack for thread: 0x000001f7ff995000
R13=0x000001f7a9218e20 points into unknown readable memory: 0x000001f7ff9809d0 | d0 09 98 ff f7 01 00 00
R14=0x0000004a939fbd70 is pointing into the stack for thread: 0x000001f7ff995000
R15=0x0 is NULL


Registers:
RAX=0x0000000000000005, RBX=0x000001f7ffc87828, RCX=0x000001f79e9833d8, RDX=0x000001f7ff3e0000
RSP=0x0000004a939fb600, RBP=0x0000000000000000, RSI=0x000001f7ffc87828, RDI=0x0000000000000000
R8 =0x000001f7ffc87880, R9 =0x0000000000000000, R10=0x0000000000000003, R11=0x000001f7ff487908
R12=0x0000004a939fe290, R13=0x000001f7a9218e20, R14=0x0000004a939fbd70, R15=0x0000000000000000
RIP=0x00007ffbc530af30, EFLAGS=0x0000000000010297

Top of Stack: (sp=0x0000004a939fb600)
0x0000004a939fb600:   000001f7a442e4c8 00007ffbc4e04429
0x0000004a939fb610:   000001f7a442e4c8 000001f7a8fcfd60
0x0000004a939fb620:   000001f7a442e4c8 000001f7a9218de0
0x0000004a939fb630:   0000000000000003 00007ffbc535c530
0x0000004a939fb640:   0000000000000000 000001f7ffc87828
0x0000004a939fb650:   0000004a939fbd70 0000000000000001
0x0000004a939fb660:   000001f7a9218e20 000001f7a9218de0
0x0000004a939fb670:   000001f7a9218e20 0000000000000002
0x0000004a939fb680:   000001f7ffc87828 000000000000000d
0x0000004a939fb690:   000001f7a442e4c8 00007ffbc535b248
0x0000004a939fb6a0:   000001f7a9218de0 0000004a939fb7a0
0x0000004a939fb6b0:   000001f7ffc87828 0000004a939fbd70
0x0000004a939fb6c0:   000001f7a9218e20 000001f7a9218de0
0x0000004a939fb6d0:   0000000000000015 000001f700000014
0x0000004a939fb6e0:   000001f7a9218e20 000001f7a442e4c8
0x0000004a939fb6f0:   000001f7ffb92320 0000004000000006 

Instructions: (pc=0x00007ffbc530af30)
0x00007ffbc530af10:   8b 59 10 8d 45 01 49 3b cf 0f 45 c5 8b e8 4d 85
0x00007ffbc530af20:   db 74 23 8b 41 20 49 8d 14 c3 66 0f 1f 44 00 00
0x00007ffbc530af30:   48 39 5a f8 48 8d 52 f8 75 f6 ff c8 89 41 20 49
0x00007ffbc530af40:   8b 0c c3 48 89 0a 4b 89 3c 08 49 83 c1 08 49 83 


Stack slot to memory mapping:
stack at sp + 0 slots: 0x000001f7a442e4c8 points into unknown readable memory: 0x00007ffbc5532a50 | 50 2a 53 c5 fb 7f 00 00
stack at sp + 1 slots: 0x00007ffbc4e04429 jvm.dll
stack at sp + 2 slots: 0x000001f7a442e4c8 points into unknown readable memory: 0x00007ffbc5532a50 | 50 2a 53 c5 fb 7f 00 00
stack at sp + 3 slots: 0x000001f7a8fcfd60 points into unknown readable memory: 0x000001f7ff9809d0 | d0 09 98 ff f7 01 00 00
stack at sp + 4 slots: 0x000001f7a442e4c8 points into unknown readable memory: 0x00007ffbc5532a50 | 50 2a 53 c5 fb 7f 00 00
stack at sp + 5 slots: 0x000001f7a9218de0 points into unknown readable memory: 0x000001f7ff9809d0 | d0 09 98 ff f7 01 00 00
stack at sp + 6 slots: 0x0000000000000003 is an unknown value
stack at sp + 7 slots: 0x00007ffbc535c530 jvm.dll


---------------  P R O C E S S  ---------------

Threads class SMR info:
_java_thread_list=0x000001f79f6c1f60, length=87, elements={
0x000001f7fe79b800, 0x000001f7ff96e000, 0x000001f7ff97c000, 0x000001f7ff988800,
0x000001f7ff98a000, 0x000001f7ff98d800, 0x000001f7ff995000, 0x000001f7ff99b000,
0x000001f7ff9a7800, 0x000001f7ffb03000, 0x000001f79ea9c000, 0x000001f79e184000,
0x000001f79dc3b800, 0x000001f79e36f800, 0x000001f79e9d0800, 0x000001f79e9d1800,
0x000001f79f348800, 0x000001f79ebae800, 0x000001f79e966800, 0x000001f79eb9d800,
0x000001f79eb9e800, 0x000001f79eba0000, 0x000001f79eb9b000, 0x000001f79eb9c800,
0x000001f79eb9a000, 0x000001f79eb9f000, 0x000001f79eba1000, 0x000001f79eb9c000,
0x000001f79e919000, 0x000001f79e91b000, 0x000001f79e91c000, 0x000001f79e91d800,
0x000001f79e91e800, 0x000001f79e91a800, 0x000001f79e926000, 0x000001f79e920000,
0x000001f79e925000, 0x000001f79e926800, 0x000001f79e924000, 0x000001f79e921000,
0x000001f79e921800, 0x000001f79e923800, 0x000001f7a13d7800, 0x000001f7a13d6000,
0x000001f7a13d8800, 0x000001f7a13d9000, 0x000001f7a13d6800, 0x000001f7a13d3800,
0x000001f7a13da000, 0x000001f7a13d4000, 0x000001f7a13db000, 0x000001f7a13d5000,
0x000001f7a13dd000, 0x000001f7a13db800, 0x000001f7a13df000, 0x000001f7a13df800,
0x000001f7a13e0800, 0x000001f7a13de000, 0x000001f7a13e1800, 0x000001f7a13e2000,
0x000001f7a13dc800, 0x000001f7a2548000, 0x000001f7a2547800, 0x000001f7a2543000,
0x000001f7a2544000, 0x000001f7a2545000, 0x000001f7a2542800, 0x000001f7a254a800,
0x000001f7a2549800, 0x000001f7a2545800, 0x000001f7a254b800, 0x000001f7a2549000,
0x000001f7a2546800, 0x000001f7a254d000, 0x000001f7a254f800, 0x000001f7a254e000,
0x000001f7a254e800, 0x000001f7a2550800, 0x000001f7a2551000, 0x000001f79ef93000,
0x000001f79ef93800, 0x000001f79ef8e000, 0x000001f79ef8f800, 0x000001f79ef92000,
0x000001f79ef94800, 0x000001f79ef90800, 0x000001f7a1227800
}

Java Threads: ( => current thread )
  0x000001f7fe79b800 JavaThread "main" [_thread_blocked, id=3344, stack(0x0000004a92d00000,0x0000004a92e00000)]
  0x000001f7ff96e000 JavaThread "Reference Handler" daemon [_thread_blocked, id=12044, stack(0x0000004a93400000,0x0000004a93500000)]
  0x000001f7ff97c000 JavaThread "Finalizer" daemon [_thread_blocked, id=11968, stack(0x0000004a93500000,0x0000004a93600000)]
  0x000001f7ff988800 JavaThread "Signal Dispatcher" daemon [_thread_blocked, id=3388, stack(0x0000004a93600000,0x0000004a93700000)]
  0x000001f7ff98a000 JavaThread "Attach Listener" daemon [_thread_blocked, id=3448, stack(0x0000004a93700000,0x0000004a93800000)]
  0x000001f7ff98d800 JavaThread "Service Thread" daemon [_thread_blocked, id=3676, stack(0x0000004a93800000,0x0000004a93900000)]
=>0x000001f7ff995000 JavaThread "C2 CompilerThread0" daemon [_thread_in_native, id=2060, stack(0x0000004a93900000,0x0000004a93a00000)]
  0x000001f7ff99b000 JavaThread "C1 CompilerThread0" daemon [_thread_blocked, id=8044, stack(0x0000004a93a00000,0x0000004a93b00000)]
  0x000001f7ff9a7800 JavaThread "Sweeper thread" daemon [_thread_blocked, id=3736, stack(0x0000004a93b00000,0x0000004a93c00000)]
  0x000001f7ffb03000 JavaThread "Common-Cleaner" daemon [_thread_blocked, id=3700, stack(0x0000004a93c00000,0x0000004a93d00000)]
  0x000001f79ea9c000 JavaThread "Daemon health stats" [_thread_blocked, id=5488, stack(0x0000004a94100000,0x0000004a94200000)]
  0x000001f79e184000 JavaThread "Incoming local TCP Connector on port 50564" [_thread_in_native, id=4512, stack(0x0000004a93e00000,0x0000004a93f00000)]
  0x000001f79dc3b800 JavaThread "Daemon periodic checks" [_thread_blocked, id=4552, stack(0x0000004a94200000,0x0000004a94300000)]
  0x000001f79e36f800 JavaThread "Daemon" [_thread_blocked, id=4472, stack(0x0000004a94300000,0x0000004a94400000)]
  0x000001f79e9d0800 JavaThread "Handler for socket connection from /127.0.0.1:50564 to /127.0.0.1:50565" [_thread_in_native, id=4504, stack(0x0000004a94400000,0x0000004a94500000)]
  0x000001f79e9d1800 JavaThread "Cancel handler" [_thread_blocked, id=4560, stack(0x0000004a94500000,0x0000004a94600000)]
  0x000001f79f348800 JavaThread "Daemon worker" [_thread_blocked, id=4964, stack(0x0000004a94600000,0x0000004a94700000)]
  0x000001f79ebae800 JavaThread "Asynchronous log dispatcher for DefaultDaemonConnection: socket connection from /127.0.0.1:50564 to /127.0.0.1:50565" [_thread_blocked, id=7244, stack(0x0000004a94700000,0x0000004a94800000)]
  0x000001f79e966800 JavaThread "Stdin handler" [_thread_blocked, id=7100, stack(0x0000004a94800000,0x0000004a94900000)]
  0x000001f79eb9d800 JavaThread "Daemon client event forwarder" [_thread_blocked, id=4660, stack(0x0000004a94900000,0x0000004a94a00000)]
  0x000001f79eb9e800 JavaThread "Cache worker for journal cache (C:\Users\alaqsa\.gradle\caches\journal-1)" [_thread_in_native_trans, id=4824, stack(0x0000004a94d00000,0x0000004a94e00000)]
  0x000001f79eba0000 JavaThread "File lock request listener" [_thread_in_native, id=4820, stack(0x0000004a94e00000,0x0000004a94f00000)]
  0x000001f79eb9b000 JavaThread "Cache worker for file hash cache (C:\Users\alaqsa\.gradle\caches\7.5.1\fileHashes)" [_thread_blocked, id=4748, stack(0x0000004a94f00000,0x0000004a95000000)]
  0x000001f79eb9c800 JavaThread "File watcher server" daemon [_thread_in_native, id=4676, stack(0x0000004a95100000,0x0000004a95200000)]
  0x000001f79eb9a000 JavaThread "File watcher consumer" daemon [_thread_blocked, id=4712, stack(0x0000004a95200000,0x0000004a95300000)]
  0x000001f79eb9f000 JavaThread "Cache worker for checksums cache (E:\rnprojects\HfProject\android\.gradle\7.5.1\checksums)" [_thread_blocked, id=4064, stack(0x0000004a95300000,0x0000004a95400000)]
  0x000001f79eba1000 JavaThread "Cache worker for cache directory md-rule (C:\Users\alaqsa\.gradle\caches\7.5.1\md-rule)" [_thread_blocked, id=4928, stack(0x0000004a95400000,0x0000004a95500000)]
  0x000001f79eb9c000 JavaThread "Cache worker for file content cache (C:\Users\alaqsa\.gradle\caches\7.5.1\fileContent)" [_thread_blocked, id=5816, stack(0x0000004a95500000,0x0000004a95600000)]
  0x000001f79e919000 JavaThread "Cache worker for file hash cache (E:\rnprojects\HfProject\android\.gradle\7.5.1\fileHashes)" [_thread_blocked, id=4952, stack(0x0000004a95000000,0x0000004a95100000)]
  0x000001f79e91b000 JavaThread "Cache worker for cache directory md-supplier (C:\Users\alaqsa\.gradle\caches\7.5.1\md-supplier)" [_thread_blocked, id=4968, stack(0x0000004a95600000,0x0000004a95700000)]
  0x000001f79e91c000 JavaThread "Cache worker for execution history cache (C:\Users\alaqsa\.gradle\caches\7.5.1\executionHistory)" [_thread_blocked, id=4124, stack(0x0000004a95800000,0x0000004a95900000)]
  0x000001f79e91d800 JavaThread "jar transforms" [_thread_in_native, id=2552, stack(0x0000004a95900000,0x0000004a95a00000)]
  0x000001f79e91e800 JavaThread "jar transforms Thread 2" [_thread_in_native, id=12188, stack(0x0000004a95a00000,0x0000004a95b00000)]
  0x000001f79e91a800 JavaThread "jar transforms Thread 3" [_thread_in_native, id=3280, stack(0x0000004a95b00000,0x0000004a95c00000)]
  0x000001f79e926000 JavaThread "jar transforms Thread 4" [_thread_in_native, id=3636, stack(0x0000004a95c00000,0x0000004a95d00000)]
  0x000001f79e920000 JavaThread "Cache worker for kotlin-dsl (C:\Users\alaqsa\.gradle\caches\7.5.1\kotlin-dsl)" [_thread_blocked, id=3148, stack(0x0000004a95f00000,0x0000004a96000000)]
  0x000001f79e925000 JavaThread "Cache worker for dependencies-accessors (E:\rnprojects\HfProject\android\.gradle\7.5.1\dependencies-accessors)" [_thread_blocked, id=2972, stack(0x0000004a96000000,0x0000004a96100000)]
  0x000001f79e926800 JavaThread "Cache worker for Build Output Cleanup Cache (E:\rnprojects\HfProject\node_modules\react-native-gradle-plugin\.gradle\buildOutputCleanup)" [_thread_blocked, id=7968, stack(0x0000004a96100000,0x0000004a96200000)]
  0x000001f79e924000 JavaThread "Unconstrained build operations" [_thread_blocked, id=3152, stack(0x0000004a96200000,0x0000004a96300000)]
  0x000001f79e921000 JavaThread "Unconstrained build operations Thread 2" [_thread_blocked, id=10480, stack(0x0000004a96300000,0x0000004a96400000)]
  0x000001f79e921800 JavaThread "Unconstrained build operations Thread 3" [_thread_blocked, id=7284, stack(0x0000004a96400000,0x0000004a96500000)]
  0x000001f79e923800 JavaThread "Unconstrained build operations Thread 4" [_thread_blocked, id=8988, stack(0x0000004a96500000,0x0000004a96600000)]
  0x000001f7a13d7800 JavaThread "Unconstrained build operations Thread 5" [_thread_blocked, id=7896, stack(0x0000004a96600000,0x0000004a96700000)]
  0x000001f7a13d6000 JavaThread "Unconstrained build operations Thread 6" [_thread_blocked, id=9316, stack(0x0000004a96700000,0x0000004a96800000)]
  0x000001f7a13d8800 JavaThread "Unconstrained build operations Thread 7" [_thread_blocked, id=9320, stack(0x0000004a96800000,0x0000004a96900000)]
  0x000001f7a13d9000 JavaThread "Unconstrained build operations Thread 8" [_thread_blocked, id=5580, stack(0x0000004a96900000,0x0000004a96a00000)]
  0x000001f7a13d6800 JavaThread "Unconstrained build operations Thread 9" [_thread_blocked, id=2452, stack(0x0000004a96a00000,0x0000004a96b00000)]
  0x000001f7a13d3800 JavaThread "Unconstrained build operations Thread 10" [_thread_blocked, id=9256, stack(0x0000004a96b00000,0x0000004a96c00000)]
  0x000001f7a13da000 JavaThread "Unconstrained build operations Thread 11" [_thread_blocked, id=2444, stack(0x0000004a96c00000,0x0000004a96d00000)]
  0x000001f7a13d4000 JavaThread "Unconstrained build operations Thread 12" [_thread_blocked, id=12524, stack(0x0000004a96d00000,0x0000004a96e00000)]
  0x000001f7a13db000 JavaThread "Unconstrained build operations Thread 13" [_thread_blocked, id=11220, stack(0x0000004a96e00000,0x0000004a96f00000)]
  0x000001f7a13d5000 JavaThread "Unconstrained build operations Thread 14" [_thread_blocked, id=8420, stack(0x0000004a96f00000,0x0000004a97000000)]
  0x000001f7a13dd000 JavaThread "Unconstrained build operations Thread 15" [_thread_blocked, id=11032, stack(0x0000004a97000000,0x0000004a97100000)]
  0x000001f7a13db800 JavaThread "Unconstrained build operations Thread 16" [_thread_blocked, id=9712, stack(0x0000004a97100000,0x0000004a97200000)]
  0x000001f7a13df000 JavaThread "Unconstrained build operations Thread 17" [_thread_blocked, id=5724, stack(0x0000004a97200000,0x0000004a97300000)]
  0x000001f7a13df800 JavaThread "Unconstrained build operations Thread 18" [_thread_blocked, id=11188, stack(0x0000004a97300000,0x0000004a97400000)]
  0x000001f7a13e0800 JavaThread "Unconstrained build operations Thread 19" [_thread_blocked, id=9848, stack(0x0000004a97400000,0x0000004a97500000)]
  0x000001f7a13de000 JavaThread "Unconstrained build operations Thread 20" [_thread_blocked, id=10008, stack(0x0000004a97500000,0x0000004a97600000)]
  0x000001f7a13e1800 JavaThread "Unconstrained build operations Thread 21" [_thread_blocked, id=5328, stack(0x0000004a97600000,0x0000004a97700000)]
  0x000001f7a13e2000 JavaThread "Unconstrained build operations Thread 22" [_thread_blocked, id=7676, stack(0x0000004a97700000,0x0000004a97800000)]
  0x000001f7a13dc800 JavaThread "Unconstrained build operations Thread 23" [_thread_blocked, id=9492, stack(0x0000004a97800000,0x0000004a97900000)]
  0x000001f7a2548000 JavaThread "Unconstrained build operations Thread 24" [_thread_blocked, id=9488, stack(0x0000004a97900000,0x0000004a97a00000)]
  0x000001f7a2547800 JavaThread "Unconstrained build operations Thread 25" [_thread_blocked, id=11520, stack(0x0000004a97a00000,0x0000004a97b00000)]
  0x000001f7a2543000 JavaThread "Unconstrained build operations Thread 26" [_thread_blocked, id=11528, stack(0x0000004a97b00000,0x0000004a97c00000)]
  0x000001f7a2544000 JavaThread "Unconstrained build operations Thread 27" [_thread_blocked, id=6292, stack(0x0000004a97c00000,0x0000004a97d00000)]
  0x000001f7a2545000 JavaThread "Unconstrained build operations Thread 28" [_thread_blocked, id=12660, stack(0x0000004a97d00000,0x0000004a97e00000)]
  0x000001f7a2542800 JavaThread "Unconstrained build operations Thread 29" [_thread_blocked, id=11584, stack(0x0000004a97e00000,0x0000004a97f00000)]
  0x000001f7a254a800 JavaThread "Unconstrained build operations Thread 30" [_thread_blocked, id=11592, stack(0x0000004a97f00000,0x0000004a98000000)]
  0x000001f7a2549800 JavaThread "Unconstrained build operations Thread 31" [_thread_blocked, id=5688, stack(0x0000004a98000000,0x0000004a98100000)]
  0x000001f7a2545800 JavaThread "Unconstrained build operations Thread 32" [_thread_blocked, id=5968, stack(0x0000004a98100000,0x0000004a98200000)]
  0x000001f7a254b800 JavaThread "Unconstrained build operations Thread 33" [_thread_blocked, id=10204, stack(0x0000004a98200000,0x0000004a98300000)]
  0x000001f7a2549000 JavaThread "build event listener" [_thread_blocked, id=10888, stack(0x0000004a98300000,0x0000004a98400000)]
  0x000001f7a2546800 JavaThread "Memory manager" [_thread_blocked, id=12788, stack(0x0000004a98400000,0x0000004a98500000)]
  0x000001f7a254d000 JavaThread "Cache worker for Build Output Cleanup Cache (E:\rnprojects\HfProject\android\.gradle\buildOutputCleanup)" [_thread_blocked, id=8396, stack(0x0000004a98500000,0x0000004a98600000)]
  0x000001f7a254f800 JavaThread "included builds" [_thread_blocked, id=5404, stack(0x0000004a98600000,0x0000004a98700000)]
  0x000001f7a254e000 JavaThread "Execution worker" [_thread_blocked, id=12592, stack(0x0000004a98700000,0x0000004a98800000)]
  0x000001f7a254e800 JavaThread "Execution worker Thread 2" [_thread_blocked, id=6304, stack(0x0000004a98800000,0x0000004a98900000)]
  0x000001f7a2550800 JavaThread "Execution worker Thread 3" [_thread_blocked, id=6552, stack(0x0000004a98900000,0x0000004a98a00000)]
  0x000001f7a2551000 JavaThread "Cache worker for execution history cache (E:\rnprojects\HfProject\node_modules\react-native-gradle-plugin\.gradle\7.5.1\executionHistory)" [_thread_blocked, id=5592, stack(0x0000004a95e00000,0x0000004a95f00000)]
  0x000001f79ef93000 JavaThread "Unconstrained build operations Thread 34" [_thread_blocked, id=6244, stack(0x0000004a98a00000,0x0000004a98b00000)]
  0x000001f79ef93800 JavaThread "Unconstrained build operations Thread 35" [_thread_blocked, id=5604, stack(0x0000004a98b00000,0x0000004a98c00000)]
  0x000001f79ef8e000 JavaThread "Unconstrained build operations Thread 36" [_thread_blocked, id=12704, stack(0x0000004a98c00000,0x0000004a98d00000)]
  0x000001f79ef8f800 JavaThread "Unconstrained build operations Thread 37" [_thread_blocked, id=12092, stack(0x0000004a98d00000,0x0000004a98e00000)]
  0x000001f79ef92000 JavaThread "Unconstrained build operations Thread 38" [_thread_blocked, id=9164, stack(0x0000004a98e00000,0x0000004a98f00000)]
  0x000001f79ef94800 JavaThread "Unconstrained build operations Thread 39" [_thread_blocked, id=12752, stack(0x0000004a98f00000,0x0000004a99000000)]
  0x000001f79ef90800 JavaThread "Unconstrained build operations Thread 40" [_thread_blocked, id=12760, stack(0x0000004a99000000,0x0000004a99100000)]
  0x000001f7a1227800 JavaThread "C2 CompilerThread1" daemon [_thread_in_native, id=9244, stack(0x0000004a92a00000,0x0000004a92b00000)]

Other Threads:
  0x000001f7ff96a800 VMThread "VM Thread" [stack: 0x0000004a93300000,0x0000004a93400000] [id=12228]
  0x000001f7ffba5000 WatcherThread [stack: 0x0000004a93d00000,0x0000004a93e00000] [id=3808]
  0x000001f7fe7b2000 GCTaskThread "GC Thread#0" [stack: 0x0000004a92e00000,0x0000004a92f00000] [id=1708]
  0x000001f79d0c0800 GCTaskThread "GC Thread#1" [stack: 0x0000004a93f00000,0x0000004a94000000] [id=6240]
  0x000001f79d0c1800 GCTaskThread "GC Thread#2" [stack: 0x0000004a94000000,0x0000004a94100000] [id=6084]
  0x000001f79ece4000 GCTaskThread "GC Thread#3" [stack: 0x0000004a94a00000,0x0000004a94b00000] [id=4612]
  0x000001f7ff3ee000 ConcurrentGCThread "G1 Main Marker" [stack: 0x0000004a92f00000,0x0000004a93000000] [id=11168]
  0x000001f7ff3ef000 ConcurrentGCThread "G1 Conc#0" [stack: 0x0000004a93000000,0x0000004a93100000] [id=5912]
  0x000001f7ff479800 ConcurrentGCThread "G1 Refine#0" [stack: 0x0000004a93100000,0x0000004a93200000] [id=10896]
  0x000001f79dc05800 ConcurrentGCThread "G1 Refine#1" [stack: 0x0000004a94b00000,0x0000004a94c00000] [id=4772]
  0x000001f79d60b800 ConcurrentGCThread "G1 Refine#2" [stack: 0x0000004a94c00000,0x0000004a94d00000] [id=4652]
  0x000001f7ff47a800 ConcurrentGCThread "G1 Young RemSet Sampling" [stack: 0x0000004a93200000,0x0000004a93300000] [id=1688]

Threads with active compile tasks:
C2 CompilerThread0    87540 10067   !   4       org.gradle.api.internal.attributes.DefaultImmutableAttributesFactory::doConcatIsolatable (128 bytes)
C2 CompilerThread1    87540 9841  s!   4       java.beans.PropertyDescriptor::getWriteMethod (152 bytes)

VM state:not at safepoint (normal execution)

VM Mutex/Monitor currently owned by a thread: None

Heap address: 0x0000000080000000, size: 2048 MB, Compressed Oops mode: 32-bit
Narrow klass base: 0x0000000000000000, Narrow klass shift: 3
Compressed class space size: 528482304 Address: 0x0000000100000000

Heap:
 garbage-first heap   total 131072K, used 93045K [0x0000000080000000, 0x0000000100000000)
  region size 1024K, 11 young (11264K), 3 survivors (3072K)
 Metaspace       used 91728K, capacity 94315K, committed 94544K, reserved 598016K
  class space    used 12209K, capacity 13283K, committed 13312K, reserved 516096K
Heap Regions: E=young(eden), S=young(survivor), O=old, HS=humongous(starts), HC=humongous(continues), CS=collection set, F=free, A=archive, TAMS=top-at-mark-start (previous, next)
|   0|0x0000000080000000, 0x0000000080100000, 0x0000000080100000|100%|HS|  |TAMS 0x0000000080100000, 0x0000000080000000| Complete 
|   1|0x0000000080100000, 0x0000000080200000, 0x0000000080200000|100%|HC|  |TAMS 0x0000000080200000, 0x0000000080100000| Complete 
|   2|0x0000000080200000, 0x0000000080300000, 0x0000000080300000|100%|HC|  |TAMS 0x0000000080300000, 0x0000000080200000| Complete 
|   3|0x0000000080300000, 0x0000000080400000, 0x0000000080400000|100%| O|  |TAMS 0x0000000080400000, 0x0000000080300000| Updating 
|   4|0x0000000080400000, 0x0000000080500000, 0x0000000080500000|100%| O|  |TAMS 0x0000000080500000, 0x0000000080400000| Updating 
|   5|0x0000000080500000, 0x0000000080600000, 0x0000000080600000|100%| O|  |TAMS 0x0000000080600000, 0x0000000080500000| Updating 
|   6|0x0000000080600000, 0x0000000080700000, 0x0000000080700000|100%| O|  |TAMS 0x0000000080700000, 0x0000000080600000| Updating 
|   7|0x0000000080700000, 0x0000000080800000, 0x0000000080800000|100%| O|  |TAMS 0x0000000080800000, 0x0000000080700000| Updating 
|   8|0x0000000080800000, 0x0000000080900000, 0x0000000080900000|100%| O|  |TAMS 0x0000000080900000, 0x0000000080800000| Updating 
|   9|0x0000000080900000, 0x0000000080a00000, 0x0000000080a00000|100%| O|  |TAMS 0x0000000080a00000, 0x0000000080900000| Updating 
|  10|0x0000000080a00000, 0x0000000080b00000, 0x0000000080b00000|100%| O|  |TAMS 0x0000000080b00000, 0x0000000080a00000| Updating 
|  11|0x0000000080b00000, 0x0000000080c00000, 0x0000000080c00000|100%| O|  |TAMS 0x0000000080c00000, 0x0000000080b00000| Updating 
|  12|0x0000000080c00000, 0x0000000080d00000, 0x0000000080d00000|100%| O|  |TAMS 0x0000000080d00000, 0x0000000080c00000| Updating 
|  13|0x0000000080d00000, 0x0000000080e00000, 0x0000000080e00000|100%| O|  |TAMS 0x0000000080e00000, 0x0000000080d00000| Updating 
|  14|0x0000000080e00000, 0x0000000080f00000, 0x0000000080f00000|100%| O|  |TAMS 0x0000000080f00000, 0x0000000080e00000| Updating 
|  15|0x0000000080f00000, 0x0000000081000000, 0x0000000081000000|100%| O|  |TAMS 0x0000000081000000, 0x0000000080f00000| Updating 
|  16|0x0000000081000000, 0x0000000081100000, 0x0000000081100000|100%|HS|  |TAMS 0x0000000081100000, 0x0000000081000000| Complete 
|  17|0x0000000081100000, 0x0000000081200000, 0x0000000081200000|100%| O|  |TAMS 0x0000000081200000, 0x0000000081100000| Updating 
|  18|0x0000000081200000, 0x0000000081300000, 0x0000000081300000|100%| O|  |TAMS 0x0000000081300000, 0x0000000081200000| Updating 
|  19|0x0000000081300000, 0x0000000081400000, 0x0000000081400000|100%| O|  |TAMS 0x0000000081400000, 0x0000000081300000| Updating 
|  20|0x0000000081400000, 0x0000000081500000, 0x0000000081500000|100%| O|  |TAMS 0x0000000081500000, 0x0000000081400000| Updating 
|  21|0x0000000081500000, 0x0000000081600000, 0x0000000081600000|100%| O|  |TAMS 0x0000000081600000, 0x0000000081500000| Updating 
|  22|0x0000000081600000, 0x0000000081700000, 0x0000000081700000|100%| O|  |TAMS 0x0000000081700000, 0x0000000081600000| Updating 
|  23|0x0000000081700000, 0x0000000081800000, 0x0000000081800000|100%| O|  |TAMS 0x0000000081800000, 0x0000000081700000| Updating 
|  24|0x0000000081800000, 0x0000000081900000, 0x0000000081900000|100%| O|  |TAMS 0x0000000081900000, 0x0000000081800000| Updating 
|  25|0x0000000081900000, 0x0000000081a00000, 0x0000000081a00000|100%| O|  |TAMS 0x0000000081a00000, 0x0000000081900000| Updating 
|  26|0x0000000081a00000, 0x0000000081b00000, 0x0000000081b00000|100%| O|  |TAMS 0x0000000081b00000, 0x0000000081a00000| Updating 
|  27|0x0000000081b00000, 0x0000000081c00000, 0x0000000081c00000|100%|HS|  |TAMS 0x0000000081c00000, 0x0000000081b00000| Complete 
|  28|0x0000000081c00000, 0x0000000081d00000, 0x0000000081d00000|100%|HC|  |TAMS 0x0000000081d00000, 0x0000000081c00000| Complete 
|  29|0x0000000081d00000, 0x0000000081e00000, 0x0000000081e00000|100%|HC|  |TAMS 0x0000000081e00000, 0x0000000081d00000| Complete 
|  30|0x0000000081e00000, 0x0000000081f00000, 0x0000000081f00000|100%| O|  |TAMS 0x0000000081f00000, 0x0000000081e00000| Updating 
|  31|0x0000000081f00000, 0x0000000082000000, 0x0000000082000000|100%| O|  |TAMS 0x0000000082000000, 0x0000000081f00000| Updating 
|  32|0x0000000082000000, 0x0000000082100000, 0x0000000082100000|100%| O|  |TAMS 0x0000000082100000, 0x0000000082000000| Updating 
|  33|0x0000000082100000, 0x0000000082200000, 0x0000000082200000|100%| O|  |TAMS 0x0000000082200000, 0x0000000082100000| Updating 
|  34|0x0000000082200000, 0x0000000082300000, 0x0000000082300000|100%| O|  |TAMS 0x0000000082300000, 0x0000000082200000| Updating 
|  35|0x0000000082300000, 0x0000000082400000, 0x0000000082400000|100%| O|  |TAMS 0x0000000082400000, 0x0000000082300000| Updating 
|  36|0x0000000082400000, 0x0000000082500000, 0x0000000082500000|100%| O|  |TAMS 0x0000000082500000, 0x0000000082400000| Updating 
|  37|0x0000000082500000, 0x0000000082600000, 0x0000000082600000|100%| O|  |TAMS 0x0000000082600000, 0x0000000082500000| Updating 
|  38|0x0000000082600000, 0x0000000082700000, 0x0000000082700000|100%| O|  |TAMS 0x0000000082700000, 0x0000000082600000| Updating 
|  39|0x0000000082700000, 0x0000000082800000, 0x0000000082800000|100%| O|  |TAMS 0x0000000082800000, 0x0000000082700000| Updating 
|  40|0x0000000082800000, 0x0000000082900000, 0x0000000082900000|100%| O|  |TAMS 0x0000000082900000, 0x0000000082800000| Updating 
|  41|0x0000000082900000, 0x0000000082a00000, 0x0000000082a00000|100%| O|  |TAMS 0x0000000082a00000, 0x0000000082900000| Updating 
|  42|0x0000000082a00000, 0x0000000082b00000, 0x0000000082b00000|100%| O|  |TAMS 0x0000000082b00000, 0x0000000082a00000| Updating 
|  43|0x0000000082b00000, 0x0000000082c00000, 0x0000000082c00000|100%| O|  |TAMS 0x0000000082c00000, 0x0000000082b00000| Updating 
|  44|0x0000000082c00000, 0x0000000082d00000, 0x0000000082d00000|100%|HS|  |TAMS 0x0000000082d00000, 0x0000000082c00000| Complete 
|  45|0x0000000082d00000, 0x0000000082e00000, 0x0000000082e00000|100%|HS|  |TAMS 0x0000000082e00000, 0x0000000082d00000| Complete 
|  46|0x0000000082e00000, 0x0000000082f00000, 0x0000000082f00000|100%| O|  |TAMS 0x0000000082f00000, 0x0000000082e00000| Updating 
|  47|0x0000000082f00000, 0x0000000083000000, 0x0000000083000000|100%|HS|  |TAMS 0x0000000083000000, 0x0000000082f00000| Complete 
|  48|0x0000000083000000, 0x0000000083100000, 0x0000000083100000|100%|HC|  |TAMS 0x0000000083100000, 0x0000000083000000| Complete 
|  49|0x0000000083100000, 0x0000000083200000, 0x0000000083200000|100%| O|  |TAMS 0x0000000083200000, 0x0000000083100000| Updating 
|  50|0x0000000083200000, 0x0000000083300000, 0x0000000083300000|100%| O|  |TAMS 0x0000000083300000, 0x0000000083200000| Updating 
|  51|0x0000000083300000, 0x0000000083400000, 0x0000000083400000|100%| O|  |TAMS 0x0000000083400000, 0x0000000083300000| Updating 
|  52|0x0000000083400000, 0x0000000083500000, 0x0000000083500000|100%| O|  |TAMS 0x0000000083500000, 0x0000000083400000| Updating 
|  53|0x0000000083500000, 0x0000000083600000, 0x0000000083600000|100%| O|  |TAMS 0x0000000083600000, 0x0000000083500000| Updating 
|  54|0x0000000083600000, 0x0000000083700000, 0x0000000083700000|100%| O|  |TAMS 0x0000000083700000, 0x0000000083600000| Updating 
|  55|0x0000000083700000, 0x0000000083800000, 0x0000000083800000|100%| O|  |TAMS 0x0000000083800000, 0x0000000083700000| Updating 
|  56|0x0000000083800000, 0x0000000083900000, 0x0000000083900000|100%| O|  |TAMS 0x0000000083900000, 0x0000000083800000| Updating 
|  57|0x0000000083900000, 0x0000000083a00000, 0x0000000083a00000|100%| O|  |TAMS 0x0000000083a00000, 0x0000000083900000| Updating 
|  58|0x0000000083a00000, 0x0000000083b00000, 0x0000000083b00000|100%| O|  |TAMS 0x0000000083b00000, 0x0000000083a00000| Updating 
|  59|0x0000000083b00000, 0x0000000083c00000, 0x0000000083c00000|100%| O|  |TAMS 0x0000000083c00000, 0x0000000083b00000| Updating 
|  60|0x0000000083c00000, 0x0000000083d00000, 0x0000000083d00000|100%| O|  |TAMS 0x0000000083d00000, 0x0000000083c00000| Updating 
|  61|0x0000000083d00000, 0x0000000083e00000, 0x0000000083e00000|100%| O|  |TAMS 0x0000000083e00000, 0x0000000083d00000| Updating 
|  62|0x0000000083e00000, 0x0000000083f00000, 0x0000000083f00000|100%| O|  |TAMS 0x0000000083f00000, 0x0000000083e00000| Updating 
|  63|0x0000000083f00000, 0x0000000084000000, 0x0000000084000000|100%| O|  |TAMS 0x0000000084000000, 0x0000000083f00000| Updating 
|  64|0x0000000084000000, 0x0000000084100000, 0x0000000084100000|100%| O|  |TAMS 0x0000000084100000, 0x0000000084000000| Updating 
|  65|0x0000000084100000, 0x0000000084200000, 0x0000000084200000|100%| O|  |TAMS 0x0000000084200000, 0x0000000084100000| Updating 
|  66|0x0000000084200000, 0x0000000084300000, 0x0000000084300000|100%| O|  |TAMS 0x0000000084300000, 0x0000000084200000| Updating 
|  67|0x0000000084300000, 0x0000000084400000, 0x0000000084400000|100%| O|  |TAMS 0x0000000084400000, 0x0000000084300000| Updating 
|  68|0x0000000084400000, 0x0000000084500000, 0x0000000084500000|100%| O|  |TAMS 0x0000000084500000, 0x0000000084400000| Updating 
|  69|0x0000000084500000, 0x0000000084600000, 0x0000000084600000|100%| O|  |TAMS 0x0000000084600000, 0x0000000084500000| Updating 
|  70|0x0000000084600000, 0x0000000084700000, 0x0000000084700000|100%| O|  |TAMS 0x0000000084700000, 0x0000000084600000| Updating 
|  71|0x0000000084700000, 0x0000000084800000, 0x0000000084800000|100%| O|  |TAMS 0x0000000084800000, 0x0000000084700000| Updating 
|  72|0x0000000084800000, 0x0000000084900000, 0x0000000084900000|100%| O|  |TAMS 0x0000000084900000, 0x0000000084800000| Updating 
|  73|0x0000000084900000, 0x0000000084a00000, 0x0000000084a00000|100%| O|  |TAMS 0x0000000084a00000, 0x0000000084900000| Updating 
|  74|0x0000000084a00000, 0x0000000084b00000, 0x0000000084b00000|100%| O|  |TAMS 0x0000000084b00000, 0x0000000084a00000| Updating 
|  75|0x0000000084b00000, 0x0000000084c00000, 0x0000000084c00000|100%| O|  |TAMS 0x0000000084c00000, 0x0000000084b00000| Updating 
|  76|0x0000000084c00000, 0x0000000084d00000, 0x0000000084d00000|100%| O|  |TAMS 0x0000000084d00000, 0x0000000084c00000| Updating 
|  77|0x0000000084d00000, 0x0000000084e00000, 0x0000000084e00000|100%| O|  |TAMS 0x0000000084e00000, 0x0000000084d00000| Updating 
|  78|0x0000000084e00000, 0x0000000084f00000, 0x0000000084f00000|100%| O|  |TAMS 0x0000000084f00000, 0x0000000084e00000| Updating 
|  79|0x0000000084f00000, 0x0000000085000000, 0x0000000085000000|100%| O|  |TAMS 0x0000000085000000, 0x0000000084f00000| Updating 
|  80|0x0000000085000000, 0x0000000085100000, 0x0000000085100000|100%| O|  |TAMS 0x0000000085100000, 0x0000000085000000| Updating 
|  81|0x0000000085100000, 0x0000000085200000, 0x0000000085200000|100%| O|  |TAMS 0x0000000085200000, 0x0000000085100000| Updating 
|  82|0x0000000085200000, 0x000000008522ec00, 0x0000000085300000| 18%| O|  |TAMS 0x000000008522ec00, 0x0000000085200000| Updating 
|  83|0x0000000085300000, 0x0000000085300000, 0x0000000085400000|  0%| F|  |TAMS 0x0000000085300000, 0x0000000085300000| Untracked 
|  84|0x0000000085400000, 0x0000000085400000, 0x0000000085500000|  0%| F|  |TAMS 0x0000000085400000, 0x0000000085400000| Untracked 
|  85|0x0000000085500000, 0x0000000085500000, 0x0000000085600000|  0%| F|  |TAMS 0x0000000085500000, 0x0000000085500000| Untracked 
|  86|0x0000000085600000, 0x0000000085600000, 0x0000000085700000|  0%| F|  |TAMS 0x0000000085600000, 0x0000000085600000| Untracked 
|  87|0x0000000085700000, 0x0000000085700000, 0x0000000085800000|  0%| F|  |TAMS 0x0000000085700000, 0x0000000085700000| Untracked 
|  88|0x0000000085800000, 0x0000000085800000, 0x0000000085900000|  0%| F|  |TAMS 0x0000000085800000, 0x0000000085800000| Untracked 
|  89|0x0000000085900000, 0x0000000085900000, 0x0000000085a00000|  0%| F|  |TAMS 0x0000000085900000, 0x0000000085900000| Untracked 
|  90|0x0000000085a00000, 0x0000000085a00000, 0x0000000085b00000|  0%| F|  |TAMS 0x0000000085a00000, 0x0000000085a00000| Untracked 
|  91|0x0000000085b00000, 0x0000000085b00000, 0x0000000085c00000|  0%| F|  |TAMS 0x0000000085b00000, 0x0000000085b00000| Untracked 
|  92|0x0000000085c00000, 0x0000000085c00000, 0x0000000085d00000|  0%| F|  |TAMS 0x0000000085c00000, 0x0000000085c00000| Untracked 
|  93|0x0000000085d00000, 0x0000000085d00000, 0x0000000085e00000|  0%| F|  |TAMS 0x0000000085d00000, 0x0000000085d00000| Untracked 
|  94|0x0000000085e00000, 0x0000000085e00000, 0x0000000085f00000|  0%| F|  |TAMS 0x0000000085e00000, 0x0000000085e00000| Untracked 
|  95|0x0000000085f00000, 0x0000000085f00000, 0x0000000086000000|  0%| F|  |TAMS 0x0000000085f00000, 0x0000000085f00000| Untracked 
|  96|0x0000000086000000, 0x0000000086000000, 0x0000000086100000|  0%| F|  |TAMS 0x0000000086000000, 0x0000000086000000| Untracked 
|  97|0x0000000086100000, 0x0000000086100000, 0x0000000086200000|  0%| F|  |TAMS 0x0000000086100000, 0x0000000086100000| Untracked 
|  98|0x0000000086200000, 0x0000000086200000, 0x0000000086300000|  0%| F|  |TAMS 0x0000000086200000, 0x0000000086200000| Untracked 
|  99|0x0000000086300000, 0x0000000086300000, 0x0000000086400000|  0%| F|  |TAMS 0x0000000086300000, 0x0000000086300000| Untracked 
| 100|0x0000000086400000, 0x00000000864ae9c0, 0x0000000086500000| 68%| S|CS|TAMS 0x0000000086400000, 0x0000000086400000| Complete 
| 101|0x0000000086500000, 0x0000000086600000, 0x0000000086600000|100%| S|CS|TAMS 0x0000000086500000, 0x0000000086500000| Complete 
| 102|0x0000000086600000, 0x0000000086700000, 0x0000000086700000|100%| S|CS|TAMS 0x0000000086600000, 0x0000000086600000| Complete 
| 103|0x0000000086700000, 0x0000000086700000, 0x0000000086800000|  0%| F|  |TAMS 0x0000000086700000, 0x0000000086700000| Untracked 
| 104|0x0000000086800000, 0x0000000086800000, 0x0000000086900000|  0%| F|  |TAMS 0x0000000086800000, 0x0000000086800000| Untracked 
| 105|0x0000000086900000, 0x0000000086900000, 0x0000000086a00000|  0%| F|  |TAMS 0x0000000086900000, 0x0000000086900000| Untracked 
| 106|0x0000000086a00000, 0x0000000086a00000, 0x0000000086b00000|  0%| F|  |TAMS 0x0000000086a00000, 0x0000000086a00000| Untracked 
| 107|0x0000000086b00000, 0x0000000086b00000, 0x0000000086c00000|  0%| F|  |TAMS 0x0000000086b00000, 0x0000000086b00000| Untracked 
| 108|0x0000000086c00000, 0x0000000086c00000, 0x0000000086d00000|  0%| F|  |TAMS 0x0000000086c00000, 0x0000000086c00000| Untracked 
| 109|0x0000000086d00000, 0x0000000086d00000, 0x0000000086e00000|  0%| F|  |TAMS 0x0000000086d00000, 0x0000000086d00000| Untracked 
| 110|0x0000000086e00000, 0x0000000086e00000, 0x0000000086f00000|  0%| F|  |TAMS 0x0000000086e00000, 0x0000000086e00000| Untracked 
| 111|0x0000000086f00000, 0x0000000086f00000, 0x0000000087000000|  0%| F|  |TAMS 0x0000000086f00000, 0x0000000086f00000| Untracked 
| 112|0x0000000087000000, 0x0000000087000000, 0x0000000087100000|  0%| F|  |TAMS 0x0000000087000000, 0x0000000087000000| Untracked 
| 113|0x0000000087100000, 0x0000000087100000, 0x0000000087200000|  0%| F|  |TAMS 0x0000000087100000, 0x0000000087100000| Untracked 
| 114|0x0000000087200000, 0x0000000087200000, 0x0000000087300000|  0%| F|  |TAMS 0x0000000087200000, 0x0000000087200000| Untracked 
| 115|0x0000000087300000, 0x0000000087300000, 0x0000000087400000|  0%| F|  |TAMS 0x0000000087300000, 0x0000000087300000| Untracked 
| 116|0x0000000087400000, 0x0000000087400000, 0x0000000087500000|  0%| F|  |TAMS 0x0000000087400000, 0x0000000087400000| Untracked 
| 117|0x0000000087500000, 0x0000000087500000, 0x0000000087600000|  0%| F|  |TAMS 0x0000000087500000, 0x0000000087500000| Untracked 
| 118|0x0000000087600000, 0x0000000087600000, 0x0000000087700000|  0%| F|  |TAMS 0x0000000087600000, 0x0000000087600000| Untracked 
| 119|0x0000000087700000, 0x0000000087700000, 0x0000000087800000|  0%| F|  |TAMS 0x0000000087700000, 0x0000000087700000| Untracked 
| 120|0x0000000087800000, 0x0000000087882b90, 0x0000000087900000| 51%| E|  |TAMS 0x0000000087800000, 0x0000000087800000| Complete 
| 121|0x0000000087900000, 0x0000000087a00000, 0x0000000087a00000|100%| E|CS|TAMS 0x0000000087900000, 0x0000000087900000| Complete 
| 122|0x0000000087a00000, 0x0000000087b00000, 0x0000000087b00000|100%| E|CS|TAMS 0x0000000087a00000, 0x0000000087a00000| Complete 
| 123|0x0000000087b00000, 0x0000000087c00000, 0x0000000087c00000|100%| E|CS|TAMS 0x0000000087b00000, 0x0000000087b00000| Complete 
| 124|0x0000000087c00000, 0x0000000087d00000, 0x0000000087d00000|100%| E|CS|TAMS 0x0000000087c00000, 0x0000000087c00000| Complete 
| 125|0x0000000087d00000, 0x0000000087e00000, 0x0000000087e00000|100%| E|  |TAMS 0x0000000087d00000, 0x0000000087d00000| Complete 
| 126|0x0000000087e00000, 0x0000000087f00000, 0x0000000087f00000|100%| E|CS|TAMS 0x0000000087e00000, 0x0000000087e00000| Complete 
| 127|0x0000000087f00000, 0x0000000088000000, 0x0000000088000000|100%| E|CS|TAMS 0x0000000087f00000, 0x0000000087f00000| Complete 

Card table byte_map: [0x000001f7febe0000,0x000001f7fefe0000] _byte_map_base: 0x000001f7fe7e0000

Marking Bits (Prev, Next): (CMBitMap*) 0x000001f7ff3e5200, (CMBitMap*) 0x000001f7ff3e51c8
 Prev Bits: [0x000001f7985f0000, 0x000001f79a5f0000)
 Next Bits: [0x000001f7965f0000, 0x000001f7985f0000)

Polling page: 0x000001f7fc690000

Metaspace:

Usage:
  Non-class:     79.13 MB capacity,    77.66 MB ( 98%) used,     1.22 MB (  2%) free+waste,   259.63 KB ( <1%) overhead. 
      Class:     12.97 MB capacity,    11.92 MB ( 92%) used,   949.73 KB (  7%) free+waste,   124.06 KB ( <1%) overhead. 
       Both:     92.10 MB capacity,    89.58 MB ( 97%) used,     2.15 MB (  2%) free+waste,   383.69 KB ( <1%) overhead. 

Virtual space:
  Non-class space:       80.00 MB reserved,      79.33 MB (>99%) committed 
      Class space:      504.00 MB reserved,      13.00 MB (  3%) committed 
             Both:      584.00 MB reserved,      92.33 MB ( 16%) committed 

Chunk freelists:
   Non-Class:  1.00 KB
       Class:  0 bytes
        Both:  1.00 KB

CodeHeap 'non-profiled nmethods': size=120064Kb used=6185Kb max_used=6188Kb free=113878Kb
 bounds [0x000001f78f0b0000, 0x000001f78f6c0000, 0x000001f7965f0000]
CodeHeap 'profiled nmethods': size=120000Kb used=22651Kb max_used=22651Kb free=97348Kb
 bounds [0x000001f787b80000, 0x000001f7891a0000, 0x000001f78f0b0000]
CodeHeap 'non-nmethods': size=5696Kb used=2369Kb max_used=2369Kb free=3326Kb
 bounds [0x000001f7875f0000, 0x000001f787860000, 0x000001f787b80000]
 total_blobs=11153 nmethods=10235 adapters=827
 compilation: enabled
              stopped_count=0, restarted_count=0
 full_count=0

Compilation events (10 events):
Event: 87.304 Thread 0x000001f7ff99b000 nmethod 10277 0x000001f789172b90 code [0x000001f789172d60, 0x000001f7891730b8]
Event: 87.304 Thread 0x000001f7ff99b000 10278       3       org.gradle.internal.watch.registry.impl.AbstractFileWatcherUpdater::virtualFileSystemContentsChanged (20 bytes)
Event: 87.305 Thread 0x000001f7ff99b000 nmethod 10278 0x000001f789173210 code [0x000001f7891733c0, 0x000001f7891735f8]
Event: 87.305 Thread 0x000001f7ff99b000 10279       3       org.gradle.internal.vfs.impl.DefaultSnapshotHierarchy::store (61 bytes)
Event: 87.306 Thread 0x000001f7ff99b000 nmethod 10279 0x000001f789173710 code [0x000001f789173960, 0x000001f7891744b8]
Event: 87.306 Thread 0x000001f7ff99b000 10280       3       org.gradle.internal.snapshot.AbstractIncompleteFileSystemNode$2::createChild (5 bytes)
Event: 87.306 Thread 0x000001f7ff99b000 nmethod 10280 0x000001f789174890 code [0x000001f789174a60, 0x000001f789174d78]
Event: 87.306 Thread 0x000001f7ff99b000 10281       3       org.gradle.internal.snapshot.AbstractIncompleteFileSystemNode$2::createChild (22 bytes)
Event: 87.306 Thread 0x000001f7ff99b000 nmethod 10281 0x000001f789174e90 code [0x000001f789175040, 0x000001f7891752d8]
Event: 87.307 Thread 0x000001f7ff99b000 10282       3       org.gradle.internal.vfs.impl.DefaultFileSystemAccess::snapshot (127 bytes)

GC Heap History (10 events):
Event: 83.946 GC heap before
{Heap before GC invocations=27 (full 0):
 garbage-first heap   total 131072K, used 106446K [0x0000000080000000, 0x0000000100000000)
  region size 1024K, 36 young (36864K), 4 survivors (4096K)
 Metaspace       used 83310K, capacity 85575K, committed 85712K, reserved 591872K
  class space    used 10917K, capacity 11848K, committed 11904K, reserved 516096K
}
Event: 83.958 GC heap after
{Heap after GC invocations=28 (full 0):
 garbage-first heap   total 131072K, used 76481K [0x0000000080000000, 0x0000000100000000)
  region size 1024K, 5 young (5120K), 5 survivors (5120K)
 Metaspace       used 83310K, capacity 85575K, committed 85712K, reserved 591872K
  class space    used 10917K, capacity 11848K, committed 11904K, reserved 516096K
}
Event: 84.848 GC heap before
{Heap before GC invocations=29 (full 0):
 garbage-first heap   total 131072K, used 108225K [0x0000000080000000, 0x0000000100000000)
  region size 1024K, 36 young (36864K), 5 survivors (5120K)
 Metaspace       used 86858K, capacity 89094K, committed 89296K, reserved 593920K
  class space    used 11454K, capacity 12402K, committed 12416K, reserved 516096K
}
Event: 84.860 GC heap after
{Heap after GC invocations=30 (full 0):
 garbage-first heap   total 131072K, used 78682K [0x0000000080000000, 0x0000000100000000)
  region size 1024K, 2 young (2048K), 2 survivors (2048K)
 Metaspace       used 86858K, capacity 89094K, committed 89296K, reserved 593920K
  class space    used 11454K, capacity 12402K, committed 12416K, reserved 516096K
}
Event: 85.583 GC heap before
{Heap before GC invocations=30 (full 0):
 garbage-first heap   total 131072K, used 109402K [0x0000000080000000, 0x0000000100000000)
  region size 1024K, 32 young (32768K), 2 survivors (2048K)
 Metaspace       used 89542K, capacity 91827K, committed 92112K, reserved 595968K
  class space    used 11908K, capacity 12835K, committed 12928K, reserved 516096K
}
Event: 85.592 GC heap after
{Heap after GC invocations=31 (full 0):
 garbage-first heap   total 131072K, used 80519K [0x0000000080000000, 0x0000000100000000)
  region size 1024K, 4 young (4096K), 4 survivors (4096K)
 Metaspace       used 89542K, capacity 91827K, committed 92112K, reserved 595968K
  class space    used 11908K, capacity 12835K, committed 12928K, reserved 516096K
}
Event: 86.266 GC heap before
{Heap before GC invocations=32 (full 0):
 garbage-first heap   total 131072K, used 110215K [0x0000000080000000, 0x0000000100000000)
  region size 1024K, 33 young (33792K), 4 survivors (4096K)
 Metaspace       used 90474K, capacity 93023K, committed 93392K, reserved 598016K
  class space    used 12050K, capacity 13065K, committed 13184K, reserved 516096K
}
Event: 86.282 GC heap after
{Heap after GC invocations=33 (full 0):
 garbage-first heap   total 131072K, used 84016K [0x0000000080000000, 0x0000000100000000)
  region size 1024K, 5 young (5120K), 5 survivors (5120K)
 Metaspace       used 90474K, capacity 93023K, committed 93392K, reserved 598016K
  class space    used 12050K, capacity 13065K, committed 13184K, reserved 516096K
}
Event: 87.139 GC heap before
{Heap before GC invocations=33 (full 0):
 garbage-first heap   total 131072K, used 109616K [0x0000000080000000, 0x0000000100000000)
  region size 1024K, 30 young (30720K), 5 survivors (5120K)
 Metaspace       used 91638K, capacity 94227K, committed 94288K, reserved 598016K
  class space    used 12209K, capacity 13283K, committed 13312K, reserved 516096K
}
Event: 87.155 GC heap after
{Heap after GC invocations=34 (full 0):
 garbage-first heap   total 131072K, used 86901K [0x0000000080000000, 0x0000000100000000)
  region size 1024K, 3 young (3072K), 3 survivors (3072K)
 Metaspace       used 91638K, capacity 94227K, committed 94288K, reserved 598016K
  class space    used 12209K, capacity 13283K, committed 13312K, reserved 516096K
}

Deoptimization events (10 events):
Event: 61.980 Thread 0x000001f79f348800 Uncommon trap: reason=null_check action=make_not_entrant pc=0x000001f78f5e951c method=java.lang.PublicMethods$MethodList.getMostSpecific()Ljava/lang/reflect/Method; @ 41 c2
Event: 62.071 Thread 0x000001f79f348800 Uncommon trap: reason=unstable_if action=reinterpret pc=0x000001f78f29c204 method=org.codehaus.groovy.runtime.metaclass.MetaMethodIndex.isOverridden(Lgroovy/lang/MetaMethod;Lgroovy/lang/MetaMethod;)Z @ 33 c2
Event: 83.872 Thread 0x000001f79f348800 Uncommon trap: reason=class_check action=maybe_recompile pc=0x000001f78f495fec method=com.google.common.collect.ComparatorOrdering.compare(Ljava/lang/Object;Ljava/lang/Object;)I @ 6 c2
Event: 83.979 Thread 0x000001f79f348800 Uncommon trap: reason=class_check action=maybe_recompile pc=0x000001f78f5b0678 method=java.lang.Class.createAnnotationData(I)Ljava/lang/Class$AnnotationData; @ 103 c2
Event: 83.984 Thread 0x000001f79f348800 Uncommon trap: reason=class_check action=maybe_recompile pc=0x000001f78f5b0678 method=java.lang.Class.createAnnotationData(I)Ljava/lang/Class$AnnotationData; @ 103 c2
Event: 84.822 Thread 0x000001f79f348800 Uncommon trap: reason=unstable_if action=reinterpret pc=0x000001f78f3daaa8 method=java.io.WinNTFileSystem.prefixLength(Ljava/lang/String;)I @ 11 c2
Event: 85.375 Thread 0x000001f79f348800 Uncommon trap: reason=class_check action=maybe_recompile pc=0x000001f78f53b8fc method=org.gradle.internal.instantiation.generator.AbstractClassGenerator$InjectionAnnotationValidator.validateMethod(Ljava/lang/reflect/Method;Lorg/gradle/internal/reflect/Pro
Event: 85.408 Thread 0x000001f79f348800 Uncommon trap: reason=class_check action=maybe_recompile pc=0x000001f78f53b8fc method=org.gradle.internal.instantiation.generator.AbstractClassGenerator$InjectionAnnotationValidator.validateMethod(Ljava/lang/reflect/Method;Lorg/gradle/internal/reflect/Pro
Event: 85.514 Thread 0x000001f79f348800 Uncommon trap: reason=unstable_if action=reinterpret pc=0x000001f78f6454c8 method=sun.reflect.generics.reflectiveObjects.ParameterizedTypeImpl.<init>(Ljava/lang/Class;[Ljava/lang/reflect/Type;Ljava/lang/reflect/Type;)V @ 16 c2
Event: 87.022 Thread 0x000001f79f348800 Uncommon trap: reason=unstable_if action=reinterpret pc=0x000001f78f47e618 method=com.esotericsoftware.kryo.io.Output.writeString(Ljava/lang/String;)V @ 39 c2

Classes redefined (0 events):
No events

Internal exceptions (10 events):
Event: 86.263 Thread 0x000001f79f348800 Exception <a 'java/lang/ClassNotFoundException'{0x00000000863568b8}: org/gradle/api/internal/artifacts/repositories/AbstractAuthenticationSupportedRepositoryCustomizer> (0x00000000863568b8) thrown at [./open/src/hotspot/share/classfile/systemDictionary.cp
Event: 86.265 Thread 0x000001f79f348800 Exception <a 'java/lang/ClassNotFoundException'{0x00000000863b5960}: org/gradle/api/internal/artifacts/repositories/DefaultMavenArtifactRepositoryCustomizer> (0x00000000863b5960) thrown at [./open/src/hotspot/share/classfile/systemDictionary.cpp, line 226
Event: 86.283 Thread 0x000001f79f348800 Exception <a 'java/lang/ClassNotFoundException'{0x0000000087f1f108}: org/gradle/api/internal/artifacts/repositories/DefaultMavenArtifactRepository_DecoratedCustomizer> (0x0000000087f1f108) thrown at [./open/src/hotspot/share/classfile/systemDictionary.cpp
Event: 86.514 Thread 0x000001f79f348800 Exception <a 'java/lang/ClassNotFoundException'{0x00000000876a2f30}: com/android/build/gradle/internal/api/LibraryVariantOutputImpl_DecoratedBeanInfo> (0x00000000876a2f30) thrown at [./open/src/hotspot/share/classfile/systemDictionary.cpp, line 226]
Event: 86.515 Thread 0x000001f79f348800 Exception <a 'java/lang/ClassNotFoundException'{0x00000000876bf768}: com/android/build/gradle/internal/api/LibraryVariantOutputImplBeanInfo> (0x00000000876bf768) thrown at [./open/src/hotspot/share/classfile/systemDictionary.cpp, line 226]
Event: 86.516 Thread 0x000001f79f348800 Exception <a 'java/lang/ClassNotFoundException'{0x00000000876db2d0}: com/android/build/gradle/internal/api/LibraryVariantOutputImplCustomizer> (0x00000000876db2d0) thrown at [./open/src/hotspot/share/classfile/systemDictionary.cpp, line 226]
Event: 86.518 Thread 0x000001f79f348800 Exception <a 'java/lang/ClassNotFoundException'{0x0000000087501bb0}: com/android/build/gradle/internal/api/LibraryVariantOutputImpl_DecoratedCustomizer> (0x0000000087501bb0) thrown at [./open/src/hotspot/share/classfile/systemDictionary.cpp, line 226]
Event: 86.522 Thread 0x000001f79f348800 Exception <a 'java/lang/NoClassDefFoundError'{0x000000008753c668}: org/jetbrains/kotlin/gradle/plugin/KotlinBasePluginWrapper> (0x000000008753c668) thrown at [./open/src/hotspot/share/oops/constantPool.cpp, line 770]
Event: 86.553 Thread 0x000001f79f348800 Exception <a 'java/lang/ClassNotFoundException'{0x00000000874307a0}: build_a08hjhh3n2sw0zmleursgba0eBeanInfo> (0x00000000874307a0) thrown at [./open/src/hotspot/share/classfile/systemDictionary.cpp, line 226]
Event: 86.553 Thread 0x000001f79f348800 Exception <a 'java/lang/ClassNotFoundException'{0x000000008743c800}: build_a08hjhh3n2sw0zmleursgba0eCustomizer> (0x000000008743c800) thrown at [./open/src/hotspot/share/classfile/systemDictionary.cpp, line 226]

Events (10 events):
Event: 86.991 loading class org/gradle/api/internal/artifacts/ivyservice/resolveengine/excludes/specs/ExcludeSpec done
Event: 86.991 loading class org/gradle/api/internal/artifacts/ivyservice/resolveengine/graph/builder/EdgeState
Event: 86.991 loading class org/gradle/api/internal/artifacts/ivyservice/resolveengine/graph/builder/EdgeState done
Event: 86.992 loading class org/gradle/api/internal/artifacts/ivyservice/resolveengine/excludes/specs/ExcludeSpec
Event: 86.992 loading class org/gradle/api/internal/artifacts/ivyservice/resolveengine/excludes/specs/ExcludeSpec done
Event: 87.022 Thread 0x000001f79f348800 Uncommon trap: trap_request=0xffffff4d fr.pc=0x000001f78f47e618 relative=0x0000000000002418
Event: 87.022 Thread 0x000001f79f348800 DEOPT PACKING pc=0x000001f78f47e618 sp=0x0000004a946f8bc0
Event: 87.022 Thread 0x000001f79f348800 DEOPT UNPACKING pc=0x000001f7876165af sp=0x0000004a946f8b30 mode 2
Event: 87.139 Executing VM operation: G1CollectForAllocation
Event: 87.155 Executing VM operation: G1CollectForAllocation done


Dynamic libraries:
0x00007ff61e330000 - 0x00007ff61e33f000 	C:\Program Files\Java\jdk-11.0.17\bin\java.exe
0x00007ffc0d400000 - 0x00007ffc0d5f0000 	C:\Windows\SYSTEM32\ntdll.dll
0x00007ffc0bba0000 - 0x00007ffc0bc52000 	C:\Windows\System32\KERNEL32.DLL
0x00007ffc0af80000 - 0x00007ffc0b223000 	C:\Windows\System32\KERNELBASE.dll
0x00007ffc0ab10000 - 0x00007ffc0ac0a000 	C:\Windows\System32\ucrtbase.dll
0x00007ffbcab00000 - 0x00007ffbcab18000 	C:\Program Files\Java\jdk-11.0.17\bin\jli.dll
0x00007ffc0b5b0000 - 0x00007ffc0b653000 	C:\Windows\System32\ADVAPI32.dll
0x00007ffbcaae0000 - 0x00007ffbcaaf5000 	C:\Program Files\Java\jdk-11.0.17\bin\VCRUNTIME140.dll
0x00007ffc0bdd0000 - 0x00007ffc0be6e000 	C:\Windows\System32\msvcrt.dll
0x00007ffc0b8c0000 - 0x00007ffc0b957000 	C:\Windows\System32\sechost.dll
0x00007ffc0b9d0000 - 0x00007ffc0baf0000 	C:\Windows\System32\RPCRT4.dll
0x00007ffc0c0a0000 - 0x00007ffc0c233000 	C:\Windows\System32\USER32.dll
0x00007ffc0ac10000 - 0x00007ffc0ac31000 	C:\Windows\System32\win32u.dll
0x00007ffbfd9b0000 - 0x00007ffbfdc35000 	C:\Windows\WinSxS\amd64_microsoft.windows.common-controls_6595b64144ccf1df_6.0.18362.356_none_e6c4af7d130f27cc\COMCTL32.dll
0x00007ffc0b730000 - 0x00007ffc0b756000 	C:\Windows\System32\GDI32.dll
0x00007ffc0ced0000 - 0x00007ffc0d206000 	C:\Windows\System32\combase.dll
0x00007ffc0b360000 - 0x00007ffc0b3e0000 	C:\Windows\System32\bcryptPrimitives.dll
0x00007ffc0ade0000 - 0x00007ffc0af74000 	C:\Windows\System32\gdi32full.dll
0x00007ffc0b290000 - 0x00007ffc0b32e000 	C:\Windows\System32\msvcp_win.dll
0x00007ffc0a080000 - 0x00007ffc0a08a000 	C:\Windows\SYSTEM32\VERSION.dll
0x00007ffc0b890000 - 0x00007ffc0b8be000 	C:\Windows\System32\IMM32.DLL
0x00007ffc0a090000 - 0x00007ffc0a0c6000 	C:\Windows\system32\DriverStore\FileRepository\nvdmi.inf_amd64_b79991c48f5211ac\nvinitx.dll
0x00007ffc0c370000 - 0x00007ffc0ca55000 	C:\Windows\System32\Shell32.dll
0x00007ffc0ad90000 - 0x00007ffc0adda000 	C:\Windows\System32\cfgmgr32.dll
0x00007ffc0bfd0000 - 0x00007ffc0c079000 	C:\Windows\System32\shcore.dll
0x00007ffc0a390000 - 0x00007ffc0ab0e000 	C:\Windows\System32\windows.storage.dll
0x00007ffc0a300000 - 0x00007ffc0a31f000 	C:\Windows\System32\profapi.dll
0x00007ffc0a320000 - 0x00007ffc0a36a000 	C:\Windows\System32\powrprof.dll
0x00007ffc0a2d0000 - 0x00007ffc0a2e0000 	C:\Windows\System32\UMPDC.dll
0x00007ffc0b830000 - 0x00007ffc0b882000 	C:\Windows\System32\shlwapi.dll
0x00007ffc0a370000 - 0x00007ffc0a381000 	C:\Windows\System32\kernel.appcore.dll
0x00007ffc0b490000 - 0x00007ffc0b4a7000 	C:\Windows\System32\cryptsp.dll
0x0000000067d30000 - 0x0000000067d36000 	C:\Program Files\NVIDIA Corporation\CoProcManager\_etoured.dll
0x00007ffc01b10000 - 0x00007ffc01b53000 	C:\Program Files\NVIDIA Corporation\CoProcManager\nvd3d9wrapx.dll
0x00007ffc0ca60000 - 0x00007ffc0ced0000 	C:\Windows\System32\SETUPAPI.dll
0x00007ffc0b330000 - 0x00007ffc0b356000 	C:\Windows\System32\bcrypt.dll
0x00007ffc08e90000 - 0x00007ffc08eb0000 	C:\Windows\SYSTEM32\dxcore.dll
0x00007ffc01990000 - 0x00007ffc019bd000 	C:\Program Files\NVIDIA Corporation\CoProcManager\nvdxgiwrapx.dll
0x0000000066c50000 - 0x0000000066c5c000 	C:\Program Files (x86)\360\Total Security\safemon\SafeWrapper.dll
0x00007ffbc58c0000 - 0x00007ffbc5952000 	C:\Program Files (x86)\360\Total Security\safemon\libzdtp64.dll
0x00007ffbc5820000 - 0x00007ffbc58bb000 	C:\Program Files\Java\jdk-11.0.17\bin\msvcp140.dll
0x00007ffbc4d00000 - 0x00007ffbc581a000 	C:\Program Files\Java\jdk-11.0.17\bin\server\jvm.dll
0x00007ffc0bdc0000 - 0x00007ffc0bdc8000 	C:\Windows\System32\PSAPI.DLL
0x00007ffbca820000 - 0x00007ffbca829000 	C:\Windows\SYSTEM32\WSOCK32.dll
0x00007ffc0b7c0000 - 0x00007ffc0b82f000 	C:\Windows\System32\WS2_32.dll
0x00007ffc07b70000 - 0x00007ffc07b94000 	C:\Windows\SYSTEM32\WINMM.dll
0x00007ffc07b40000 - 0x00007ffc07b6d000 	C:\Windows\SYSTEM32\WINMMBASE.dll
0x00007ffbc4ac0000 - 0x00007ffbc4ad0000 	C:\Program Files\Java\jdk-11.0.17\bin\verify.dll
0x00007ffbf2c20000 - 0x00007ffbf2e14000 	C:\Windows\SYSTEM32\DBGHELP.DLL
0x00007ffbf2bf0000 - 0x00007ffbf2c1a000 	C:\Windows\SYSTEM32\dbgcore.DLL
0x00007ffbc4a90000 - 0x00007ffbc4ab8000 	C:\Program Files\Java\jdk-11.0.17\bin\java.dll
0x00007ffbc4a80000 - 0x00007ffbc4a8a000 	C:\Program Files\Java\jdk-11.0.17\bin\jimage.dll
0x00007ffbc4ce0000 - 0x00007ffbc4cf6000 	C:\Program Files\Java\jdk-11.0.17\bin\zip.dll
0x00007ffbca800000 - 0x00007ffbca819000 	C:\Program Files\Java\jdk-11.0.17\bin\net.dll
0x00007ffbfc4d0000 - 0x00007ffbfc5c0000 	C:\Windows\SYSTEM32\WINHTTP.dll
0x00007ffc09a30000 - 0x00007ffc09a97000 	C:\Windows\system32\mswsock.dll
0x00007ffbc3980000 - 0x00007ffbc3992000 	C:\Program Files\Java\jdk-11.0.17\bin\nio.dll
0x00007ffbcb450000 - 0x00007ffbcb477000 	C:\Users\alaqsa\.gradle\native\e1d6ef7f7dcc3fd88c89a11ec53ec762bb8ba0a96d01ffa2cd45eb1d1d8dd5c5\windows-amd64\native-platform.dll
0x00007ffbc04a0000 - 0x00007ffbc05e4000 	C:\Users\alaqsa\.gradle\native\0d407fdbe67a94daf76414ababcb853783967236a71b16ec16e742cd7a986fd3\windows-amd64\native-platform-file-events.dll
0x00007ffbfc100000 - 0x00007ffbfc109000 	C:\Program Files\Java\jdk-11.0.17\bin\management.dll
0x00007ffbfc0f0000 - 0x00007ffbfc0fb000 	C:\Program Files\Java\jdk-11.0.17\bin\management_ext.dll
0x00007ffc095a0000 - 0x00007ffc095d3000 	C:\Windows\system32\rsaenh.dll
0x00007ffc0a1c0000 - 0x00007ffc0a1e5000 	C:\Windows\SYSTEM32\USERENV.dll
0x00007ffc09c00000 - 0x00007ffc09c0c000 	C:\Windows\SYSTEM32\CRYPTBASE.dll
0x00007ffc09740000 - 0x00007ffc0977a000 	C:\Windows\SYSTEM32\IPHLPAPI.DLL
0x00007ffc0bc60000 - 0x00007ffc0bc68000 	C:\Windows\System32\NSI.dll
0x00007ffbfe9f0000 - 0x00007ffbfea06000 	C:\Windows\SYSTEM32\dhcpcsvc6.DLL
0x00007ffc00520000 - 0x00007ffc0053c000 	C:\Windows\SYSTEM32\dhcpcsvc.DLL
0x00007ffc09780000 - 0x00007ffc0984a000 	C:\Windows\SYSTEM32\DNSAPI.dll

dbghelp: loaded successfully - version: 4.0.5 - missing functions: none
symbol engine: initialized successfully - sym options: 0x614 - pdb path: .;C:\Program Files\Java\jdk-11.0.17\bin;C:\Windows\SYSTEM32;C:\Windows\WinSxS\amd64_microsoft.windows.common-controls_6595b64144ccf1df_6.0.18362.356_none_e6c4af7d130f27cc;C:\Windows\system32\DriverStore\FileRepository\nvdmi.inf_amd64_b79991c48f5211ac;C:\Program Files\NVIDIA Corporation\CoProcManager;C:\Program Files (x86)\360\Total Security\safemon;C:\Program Files\Java\jdk-11.0.17\bin\server;C:\Users\alaqsa\.gradle\native\e1d6ef7f7dcc3fd88c89a11ec53ec762bb8ba0a96d01ffa2cd45eb1d1d8dd5c5\windows-amd64;C:\Users\alaqsa\.gradle\native\0d407fdbe67a94daf76414ababcb853783967236a71b16ec16e742cd7a986fd3\windows-amd64

VM Arguments:
jvm_args: -XX:MaxMetaspaceSize=512m --add-opens=java.base/java.util=ALL-UNNAMED --add-opens=java.base/java.lang=ALL-UNNAMED --add-opens=java.base/java.lang.invoke=ALL-UNNAMED --add-opens=java.base/java.util=ALL-UNNAMED --add-opens=java.prefs/java.util.prefs=ALL-UNNAMED --add-opens=java.prefs/java.util.prefs=ALL-UNNAMED --add-opens=java.base/java.nio.charset=ALL-UNNAMED --add-opens=java.base/java.net=ALL-UNNAMED --add-opens=java.base/java.util.concurrent.atomic=ALL-UNNAMED -Xmx2048m -Dfile.encoding=windows-1252 -Duser.country=US -Duser.language=en -Duser.variant 
java_command: org.gradle.launcher.daemon.bootstrap.GradleDaemon 7.5.1
java_class_path (initial): C:\Users\alaqsa\.gradle\wrapper\dists\gradle-7.5.1-all\1ehga6e77gqps5uk2kc5kf1vc\gradle-7.5.1\lib\gradle-launcher-7.5.1.jar
Launcher Type: SUN_STANDARD

[Global flags]
     intx CICompilerCount                          = 3                                         {product} {ergonomic}
   size_t CompressedClassSpaceSize                 = 528482304                                 {product} {ergonomic}
     uint ConcGCThreads                            = 1                                         {product} {ergonomic}
     uint G1ConcRefinementThreads                  = 4                                         {product} {ergonomic}
   size_t G1HeapRegionSize                         = 1048576                                   {product} {ergonomic}
    uintx GCDrainStackTargetSize                   = 64                                        {product} {ergonomic}
   size_t InitialHeapSize                          = 134217728                                 {product} {ergonomic}
   size_t MarkStackSize                            = 4194304                                   {product} {ergonomic}
   size_t MaxHeapSize                              = 2147483648                                {product} {command line}
   size_t MaxMetaspaceSize                         = 536870912                                 {product} {command line}
   size_t MaxNewSize                               = 1287651328                                {product} {ergonomic}
   size_t MinHeapDeltaBytes                        = 1048576                                   {product} {ergonomic}
    uintx NonNMethodCodeHeapSize                   = 5830732                                {pd product} {ergonomic}
    uintx NonProfiledCodeHeapSize                  = 122913754                              {pd product} {ergonomic}
    uintx ProfiledCodeHeapSize                     = 122913754                              {pd product} {ergonomic}
    uintx ReservedCodeCacheSize                    = 251658240                              {pd product} {ergonomic}
     bool SegmentedCodeCache                       = true                                      {product} {ergonomic}
     bool UseCompressedClassPointers               = true                                 {lp64_product} {ergonomic}
     bool UseCompressedOops                        = true                                 {lp64_product} {ergonomic}
     bool UseG1GC                                  = true                                      {product} {ergonomic}
     bool UseLargePagesIndividualAllocation        = false                                  {pd product} {ergonomic}

Logging:
Log output configuration:
 #0: stdout all=warning uptime,level,tags
 #1: stderr all=off uptime,level,tags

Environment Variables:
JAVA_HOME=C:\Program Files\Java\jdk-11.0.17
CLASSPATH=E:\rnprojects\HfProject\android\\gradle\wrapper\gradle-wrapper.jar
PATH=E:\rnprojects\HfProject\android\node_modules\.bin;E:\rnprojects\HfProject\node_modules\.bin;E:\rnprojects\node_modules\.bin;E:\node_modules\.bin;C:\Program Files\nodejs;E:\rnprojects\HfProject\node_modules\.bin;E:\rnprojects\node_modules\.bin;E:\node_modules\.bin;C:\Users\alaqsa\AppData\Roaming\npm\node_modules\npm\node_modules\@npmcli\run-script\lib\node-gyp-bin;C:\Program Files\Common Files\Oracle\Java\javapath;C:\Windows\system32;C:\Windows;C:\Windows\System32\Wbem;C:\Windows\System32\WindowsPowerShell\v1.0\;C:\Windows\System32\OpenSSH\;C:\Program Files (x86)\NVIDIA Corporation\PhysX\Common;C:\Program Files\Git\cmd;C:\Program Files\nodejs\;C:\Users\alaqsa\AppData\Local\Microsoft\WindowsApps;C:\Users\alaqsa\AppData\Roaming\npm;C:\Users\alaqsa\AppData\Local\Android\Sdk;C:\Users\alaqsa\AppData\Local\Android\Sdk\platform-tools;C:\Users\alaqsa\AppData\Local\Android\Sdk\build-tools;C:\Users\alaqsa\AppData\Local\Android\Sdk\emulator;C:\Users\alaqsa\AppData\Local\Programs\Microsoft VS Code\bin;C:\Program Files\Java\jdk-11.0.17\bin
USERNAME=alaqsa
OS=Windows_NT
PROCESSOR_IDENTIFIER=Intel64 Family 6 Model 42 Stepping 7, GenuineIntel



---------------  S Y S T E M  ---------------

OS: Windows 10 , 64 bit Build 18362 (10.0.18362.329)

CPU:total 4 (initial active 4) (2 cores per cpu, 2 threads per core) family 6 model 42 stepping 7 microcode 0x2e, cmov, cx8, fxsr, mmx, sse, sse2, sse3, ssse3, sse4.1, sse4.2, popcnt, avx, aes, clmul, ht, tsc, tscinvbit

Memory: 4k page, system-wide physical 8098M (2842M free)
TotalPageFile size 11042M (AvailPageFile size 5407M)
current process WorkingSet (physical memory assigned to process): 401M, peak: 406M
current process commit charge ("private bytes"): 439M, peak: 444M

vm_info: Java HotSpot(TM) 64-Bit Server VM (11.0.17+10-LTS-269) for windows-amd64 JRE (11.0.17+10-LTS-269), built on Sep 13 2022 19:26:37 by "mach5one" with MS VC++ 15.9 (VS2017)

END.
